{"F:\\projects\\customerOrders-server\\connection\\connection.ts":{"path":"F:\\projects\\customerOrders-server\\connection\\connection.ts","statementMap":{"0":{"start":{"line":2,"column":15},"end":{"line":2,"column":42}},"1":{"start":{"line":4,"column":35},"end":{"line":4,"column":79}}},"fnMap":{},"branchMap":{},"s":{"0":0,"1":0},"f":{},"b":{}},"F:\\projects\\customerOrders-server\\connection\\dbConnection.ts":{"path":"F:\\projects\\customerOrders-server\\connection\\dbConnection.ts","statementMap":{"0":{"start":{"line":1,"column":15},"end":{"line":1,"column":42}},"1":{"start":{"line":4,"column":20},"end":{"line":4,"column":53}}},"fnMap":{},"branchMap":{},"s":{"0":0,"1":0},"f":{},"b":{}},"F:\\projects\\customerOrders-server\\data\\sqlGenerator\\slqGenerator.ts":{"path":"F:\\projects\\customerOrders-server\\data\\sqlGenerator\\slqGenerator.ts","statementMap":{"0":{"start":{"line":5,"column":21},"end":{"line":5,"column":89}},"1":{"start":{"line":6,"column":8},"end":{"line":6,"column":21}},"2":{"start":{"line":9,"column":8},"end":{"line":9,"column":95}},"3":{"start":{"line":13,"column":26},"end":{"line":13,"column":70}},"4":{"start":{"line":14,"column":8},"end":{"line":14,"column":27}}},"fnMap":{"0":{"name":"(anonymous_0)","decl":{"start":{"line":4,"column":4},"end":{"line":4,"column":5}},"loc":{"start":{"line":4,"column":52},"end":{"line":7,"column":5}},"line":4},"1":{"name":"(anonymous_1)","decl":{"start":{"line":8,"column":4},"end":{"line":8,"column":5}},"loc":{"start":{"line":8,"column":57},"end":{"line":10,"column":5}},"line":8},"2":{"name":"(anonymous_2)","decl":{"start":{"line":12,"column":4},"end":{"line":12,"column":5}},"loc":{"start":{"line":12,"column":43},"end":{"line":15,"column":5}},"line":12}},"branchMap":{},"s":{"0":0,"1":0,"2":0,"3":0,"4":0},"f":{"0":0,"1":0,"2":0},"b":{}},"F:\\projects\\customerOrders-server\\index.ts":{"path":"F:\\projects\\customerOrders-server\\index.ts","statementMap":{"0":{"start":{"line":2,"column":15},"end":{"line":2,"column":32}},"1":{"start":{"line":4,"column":15},"end":{"line":4,"column":41}},"2":{"start":{"line":6,"column":15},"end":{"line":15,"column":2}},"3":{"start":{"line":17,"column":17},"end":{"line":24,"column":1}},"4":{"start":{"line":18,"column":4},"end":{"line":23,"column":11}},"5":{"start":{"line":20,"column":12},"end":{"line":22,"column":61}},"6":{"start":{"line":21,"column":16},"end":{"line":21,"column":59}},"7":{"start":{"line":22,"column":17},"end":{"line":22,"column":61}},"8":{"start":{"line":26,"column":13},"end":{"line":96,"column":1}},"9":{"start":{"line":28,"column":4},"end":{"line":84,"column":7}},"10":{"start":{"line":86,"column":4},"end":{"line":86,"column":58}},"11":{"start":{"line":88,"column":4},"end":{"line":90,"column":5}},"12":{"start":{"line":89,"column":8},"end":{"line":89,"column":36}},"13":{"start":{"line":92,"column":4},"end":{"line":92,"column":34}},"14":{"start":{"line":94,"column":4},"end":{"line":94,"column":25}},"15":{"start":{"line":95,"column":4},"end":{"line":95,"column":57}},"16":{"start":{"line":98,"column":0},"end":{"line":98,"column":7}},"17":{"start":{"line":100,"column":0},"end":{"line":103,"column":3}},"18":{"start":{"line":101,"column":4},"end":{"line":101,"column":21}},"19":{"start":{"line":102,"column":4},"end":{"line":102,"column":20}}},"fnMap":{"0":{"name":"(anonymous_0)","decl":{"start":{"line":17,"column":17},"end":{"line":17,"column":18}},"loc":{"start":{"line":17,"column":56},"end":{"line":24,"column":1}},"line":17},"1":{"name":"(anonymous_1)","decl":{"start":{"line":19,"column":8},"end":{"line":19,"column":9}},"loc":{"start":{"line":19,"column":29},"end":{"line":23,"column":9}},"line":19},"2":{"name":"(anonymous_2)","decl":{"start":{"line":26,"column":13},"end":{"line":26,"column":14}},"loc":{"start":{"line":26,"column":31},"end":{"line":96,"column":1}},"line":26},"3":{"name":"(anonymous_3)","decl":{"start":{"line":100,"column":33},"end":{"line":100,"column":34}},"loc":{"start":{"line":100,"column":42},"end":{"line":103,"column":1}},"line":100}},"branchMap":{"0":{"loc":{"start":{"line":20,"column":12},"end":{"line":22,"column":61}},"type":"if","locations":[{"start":{"line":20,"column":12},"end":{"line":22,"column":61}},{"start":{"line":20,"column":12},"end":{"line":22,"column":61}}],"line":20},"1":{"loc":{"start":{"line":20,"column":16},"end":{"line":20,"column":70}},"type":"binary-expr","locations":[{"start":{"line":20,"column":16},"end":{"line":20,"column":39}},{"start":{"line":20,"column":43},"end":{"line":20,"column":70}}],"line":20}},"s":{"0":0,"1":0,"2":0,"3":0,"4":0,"5":0,"6":0,"7":0,"8":0,"9":0,"10":0,"11":0,"12":0,"13":0,"14":0,"15":0,"16":0,"17":0,"18":0,"19":0},"f":{"0":0,"1":0,"2":0,"3":0},"b":{"0":[0,0],"1":[0,0]}},"F:\\projects\\customerOrders-server\\routes\\routes.ts":{"path":"F:\\projects\\customerOrders-server\\routes\\routes.ts","statementMap":{"0":{"start":{"line":7,"column":27},"end":{"line":7,"column":51}},"1":{"start":{"line":8,"column":24},"end":{"line":8,"column":45}},"2":{"start":{"line":9,"column":28},"end":{"line":9,"column":53}},"3":{"start":{"line":10,"column":26},"end":{"line":10,"column":49}},"4":{"start":{"line":12,"column":16},"end":{"line":14,"column":2}},"5":{"start":{"line":16,"column":14},"end":{"line":20,"column":2}},"6":{"start":{"line":22,"column":24},"end":{"line":24,"column":2}},"7":{"start":{"line":26,"column":22},"end":{"line":312,"column":3}},"8":{"start":{"line":28,"column":17},"end":{"line":310,"column":5}},"9":{"start":{"line":33,"column":16},"end":{"line":33,"column":39}},"10":{"start":{"line":311,"column":4},"end":{"line":311,"column":18}}},"fnMap":{"0":{"name":"(anonymous_0)","decl":{"start":{"line":26,"column":22},"end":{"line":26,"column":23}},"loc":{"start":{"line":26,"column":34},"end":{"line":312,"column":1}},"line":26},"1":{"name":"(anonymous_1)","decl":{"start":{"line":32,"column":21},"end":{"line":32,"column":22}},"loc":{"start":{"line":32,"column":37},"end":{"line":34,"column":13}},"line":32},"2":{"name":"(anonymous_2)","decl":{"start":{"line":306,"column":21},"end":{"line":306,"column":22}},"loc":{"start":{"line":306,"column":43},"end":{"line":308,"column":13}},"line":306}},"branchMap":{},"s":{"0":0,"1":0,"2":0,"3":0,"4":0,"5":0,"6":0,"7":0,"8":0,"9":0,"10":0},"f":{"0":0,"1":0,"2":0},"b":{}},"F:\\projects\\customerOrders-server\\services\\customerService.ts":{"path":"F:\\projects\\customerOrders-server\\services\\customerService.ts","statementMap":{"0":{"start":{"line":3,"column":27},"end":{"line":3,"column":51}},"1":{"start":{"line":8,"column":8},"end":{"line":8,"column":66}},"2":{"start":{"line":12,"column":18},"end":{"line":12,"column":71}},"3":{"start":{"line":13,"column":8},"end":{"line":13,"column":19}},"4":{"start":{"line":17,"column":8},"end":{"line":17,"column":50}},"5":{"start":{"line":21,"column":8},"end":{"line":21,"column":51}},"6":{"start":{"line":25,"column":8},"end":{"line":25,"column":58}},"7":{"start":{"line":29,"column":8},"end":{"line":29,"column":50}}},"fnMap":{"0":{"name":"(anonymous_0)","decl":{"start":{"line":7,"column":4},"end":{"line":7,"column":5}},"loc":{"start":{"line":7,"column":37},"end":{"line":9,"column":5}},"line":7},"1":{"name":"(anonymous_1)","decl":{"start":{"line":11,"column":4},"end":{"line":11,"column":5}},"loc":{"start":{"line":11,"column":37},"end":{"line":14,"column":5}},"line":11},"2":{"name":"(anonymous_2)","decl":{"start":{"line":16,"column":4},"end":{"line":16,"column":5}},"loc":{"start":{"line":16,"column":28},"end":{"line":18,"column":5}},"line":16},"3":{"name":"(anonymous_3)","decl":{"start":{"line":20,"column":4},"end":{"line":20,"column":5}},"loc":{"start":{"line":20,"column":26},"end":{"line":22,"column":5}},"line":20},"4":{"name":"(anonymous_4)","decl":{"start":{"line":24,"column":4},"end":{"line":24,"column":5}},"loc":{"start":{"line":24,"column":29},"end":{"line":26,"column":5}},"line":24},"5":{"name":"(anonymous_5)","decl":{"start":{"line":28,"column":4},"end":{"line":28,"column":5}},"loc":{"start":{"line":28,"column":27},"end":{"line":30,"column":5}},"line":28}},"branchMap":{},"s":{"0":0,"1":0,"2":0,"3":0,"4":0,"5":0,"6":0,"7":0},"f":{"0":0,"1":0,"2":0,"3":0,"4":0,"5":0},"b":{}},"F:\\projects\\customerOrders-server\\services\\orderItemService.ts":{"path":"F:\\projects\\customerOrders-server\\services\\orderItemService.ts","statementMap":{"0":{"start":{"line":3,"column":28},"end":{"line":3,"column":53}},"1":{"start":{"line":8,"column":8},"end":{"line":8,"column":65}},"2":{"start":{"line":12,"column":8},"end":{"line":24,"column":10}},"3":{"start":{"line":13,"column":12},"end":{"line":23,"column":18}},"4":{"start":{"line":15,"column":33},"end":{"line":15,"column":65}},"5":{"start":{"line":16,"column":35},"end":{"line":16,"column":62}},"6":{"start":{"line":17,"column":38},"end":{"line":17,"column":82}},"7":{"start":{"line":18,"column":20},"end":{"line":18,"column":41}},"8":{"start":{"line":21,"column":20},"end":{"line":21,"column":68}},"9":{"start":{"line":22,"column":20},"end":{"line":22,"column":32}},"10":{"start":{"line":29,"column":8},"end":{"line":42,"column":10}},"11":{"start":{"line":30,"column":12},"end":{"line":41,"column":18}},"12":{"start":{"line":32,"column":33},"end":{"line":32,"column":65}},"13":{"start":{"line":33,"column":35},"end":{"line":33,"column":64}},"14":{"start":{"line":34,"column":20},"end":{"line":34,"column":57}},"15":{"start":{"line":35,"column":38},"end":{"line":35,"column":82}},"16":{"start":{"line":36,"column":20},"end":{"line":36,"column":41}},"17":{"start":{"line":39,"column":20},"end":{"line":39,"column":68}},"18":{"start":{"line":40,"column":20},"end":{"line":40,"column":32}},"19":{"start":{"line":46,"column":8},"end":{"line":46,"column":80}},"20":{"start":{"line":50,"column":8},"end":{"line":50,"column":76}},"21":{"start":{"line":54,"column":8},"end":{"line":54,"column":68}},"22":{"start":{"line":58,"column":8},"end":{"line":70,"column":10}},"23":{"start":{"line":59,"column":12},"end":{"line":69,"column":18}},"24":{"start":{"line":61,"column":33},"end":{"line":61,"column":65}},"25":{"start":{"line":62,"column":35},"end":{"line":62,"column":64}},"26":{"start":{"line":63,"column":38},"end":{"line":63,"column":82}},"27":{"start":{"line":64,"column":20},"end":{"line":64,"column":41}},"28":{"start":{"line":67,"column":20},"end":{"line":67,"column":69}},"29":{"start":{"line":68,"column":20},"end":{"line":68,"column":32}},"30":{"start":{"line":74,"column":26},"end":{"line":74,"column":28}},"31":{"start":{"line":75,"column":8},"end":{"line":87,"column":11}},"32":{"start":{"line":76,"column":35},"end":{"line":76,"column":82}},"33":{"start":{"line":76,"column":58},"end":{"line":76,"column":81}},"34":{"start":{"line":77,"column":24},"end":{"line":77,"column":26}},"35":{"start":{"line":78,"column":12},"end":{"line":86,"column":13}},"36":{"start":{"line":79,"column":16},"end":{"line":79,"column":62}},"37":{"start":{"line":80,"column":16},"end":{"line":80,"column":66}},"38":{"start":{"line":81,"column":16},"end":{"line":81,"column":68}},"39":{"start":{"line":82,"column":16},"end":{"line":82,"column":72}},"40":{"start":{"line":83,"column":16},"end":{"line":83,"column":74}},"41":{"start":{"line":84,"column":16},"end":{"line":84,"column":39}},"42":{"start":{"line":85,"column":16},"end":{"line":85,"column":40}},"43":{"start":{"line":88,"column":8},"end":{"line":88,"column":27}},"44":{"start":{"line":92,"column":26},"end":{"line":92,"column":28}},"45":{"start":{"line":93,"column":8},"end":{"line":102,"column":11}},"46":{"start":{"line":94,"column":24},"end":{"line":94,"column":26}},"47":{"start":{"line":95,"column":12},"end":{"line":95,"column":46}},"48":{"start":{"line":96,"column":12},"end":{"line":96,"column":50}},"49":{"start":{"line":97,"column":12},"end":{"line":97,"column":52}},"50":{"start":{"line":98,"column":12},"end":{"line":98,"column":56}},"51":{"start":{"line":99,"column":12},"end":{"line":99,"column":58}},"52":{"start":{"line":100,"column":12},"end":{"line":100,"column":35}},"53":{"start":{"line":101,"column":12},"end":{"line":101,"column":36}},"54":{"start":{"line":103,"column":8},"end":{"line":103,"column":27}},"55":{"start":{"line":108,"column":8},"end":{"line":121,"column":9}},"56":{"start":{"line":109,"column":12},"end":{"line":120,"column":13}},"57":{"start":{"line":110,"column":31},"end":{"line":110,"column":33}},"58":{"start":{"line":111,"column":16},"end":{"line":111,"column":57}},"59":{"start":{"line":112,"column":16},"end":{"line":112,"column":61}},"60":{"start":{"line":113,"column":16},"end":{"line":113,"column":66}},"61":{"start":{"line":114,"column":16},"end":{"line":114,"column":63}},"62":{"start":{"line":115,"column":16},"end":{"line":115,"column":85}},"63":{"start":{"line":117,"column":16},"end":{"line":119,"column":17}},"64":{"start":{"line":118,"column":20},"end":{"line":118,"column":50}},"65":{"start":{"line":122,"column":8},"end":{"line":122,"column":27}}},"fnMap":{"0":{"name":"(anonymous_0)","decl":{"start":{"line":7,"column":4},"end":{"line":7,"column":5}},"loc":{"start":{"line":7,"column":33},"end":{"line":9,"column":5}},"line":7},"1":{"name":"(anonymous_1)","decl":{"start":{"line":11,"column":4},"end":{"line":11,"column":5}},"loc":{"start":{"line":11,"column":19},"end":{"line":25,"column":5}},"line":11},"2":{"name":"(anonymous_2)","decl":{"start":{"line":12,"column":27},"end":{"line":12,"column":28}},"loc":{"start":{"line":12,"column":48},"end":{"line":24,"column":9}},"line":12},"3":{"name":"(anonymous_3)","decl":{"start":{"line":14,"column":22},"end":{"line":14,"column":23}},"loc":{"start":{"line":14,"column":32},"end":{"line":19,"column":17}},"line":14},"4":{"name":"(anonymous_4)","decl":{"start":{"line":20,"column":23},"end":{"line":20,"column":24}},"loc":{"start":{"line":20,"column":32},"end":{"line":23,"column":17}},"line":20},"5":{"name":"(anonymous_5)","decl":{"start":{"line":28,"column":4},"end":{"line":28,"column":5}},"loc":{"start":{"line":28,"column":26},"end":{"line":43,"column":5}},"line":28},"6":{"name":"(anonymous_6)","decl":{"start":{"line":29,"column":27},"end":{"line":29,"column":28}},"loc":{"start":{"line":29,"column":48},"end":{"line":42,"column":9}},"line":29},"7":{"name":"(anonymous_7)","decl":{"start":{"line":31,"column":22},"end":{"line":31,"column":23}},"loc":{"start":{"line":31,"column":32},"end":{"line":37,"column":17}},"line":31},"8":{"name":"(anonymous_8)","decl":{"start":{"line":38,"column":23},"end":{"line":38,"column":24}},"loc":{"start":{"line":38,"column":32},"end":{"line":41,"column":17}},"line":38},"9":{"name":"(anonymous_9)","decl":{"start":{"line":45,"column":4},"end":{"line":45,"column":5}},"loc":{"start":{"line":45,"column":49},"end":{"line":47,"column":5}},"line":45},"10":{"name":"(anonymous_10)","decl":{"start":{"line":49,"column":4},"end":{"line":49,"column":5}},"loc":{"start":{"line":49,"column":46},"end":{"line":51,"column":5}},"line":49},"11":{"name":"(anonymous_11)","decl":{"start":{"line":53,"column":4},"end":{"line":53,"column":5}},"loc":{"start":{"line":53,"column":37},"end":{"line":55,"column":5}},"line":53},"12":{"name":"(anonymous_12)","decl":{"start":{"line":57,"column":4},"end":{"line":57,"column":5}},"loc":{"start":{"line":57,"column":38},"end":{"line":71,"column":5}},"line":57},"13":{"name":"(anonymous_13)","decl":{"start":{"line":58,"column":27},"end":{"line":58,"column":28}},"loc":{"start":{"line":58,"column":48},"end":{"line":70,"column":9}},"line":58},"14":{"name":"(anonymous_14)","decl":{"start":{"line":60,"column":22},"end":{"line":60,"column":23}},"loc":{"start":{"line":60,"column":32},"end":{"line":65,"column":17}},"line":60},"15":{"name":"(anonymous_15)","decl":{"start":{"line":66,"column":23},"end":{"line":66,"column":24}},"loc":{"start":{"line":66,"column":32},"end":{"line":69,"column":17}},"line":66},"16":{"name":"(anonymous_16)","decl":{"start":{"line":73,"column":4},"end":{"line":73,"column":5}},"loc":{"start":{"line":73,"column":27},"end":{"line":89,"column":5}},"line":73},"17":{"name":"(anonymous_17)","decl":{"start":{"line":75,"column":23},"end":{"line":75,"column":24}},"loc":{"start":{"line":75,"column":43},"end":{"line":87,"column":9}},"line":75},"18":{"name":"(anonymous_18)","decl":{"start":{"line":76,"column":49},"end":{"line":76,"column":50}},"loc":{"start":{"line":76,"column":58},"end":{"line":76,"column":81}},"line":76},"19":{"name":"(anonymous_19)","decl":{"start":{"line":91,"column":4},"end":{"line":91,"column":5}},"loc":{"start":{"line":91,"column":29},"end":{"line":104,"column":5}},"line":91},"20":{"name":"(anonymous_20)","decl":{"start":{"line":93,"column":23},"end":{"line":93,"column":24}},"loc":{"start":{"line":93,"column":36},"end":{"line":102,"column":9}},"line":93},"21":{"name":"(anonymous_21)","decl":{"start":{"line":107,"column":4},"end":{"line":107,"column":5}},"loc":{"start":{"line":107,"column":47},"end":{"line":123,"column":5}},"line":107}},"branchMap":{"0":{"loc":{"start":{"line":78,"column":12},"end":{"line":86,"column":13}},"type":"if","locations":[{"start":{"line":78,"column":12},"end":{"line":86,"column":13}},{"start":{"line":78,"column":12},"end":{"line":86,"column":13}}],"line":78},"1":{"loc":{"start":{"line":117,"column":16},"end":{"line":119,"column":17}},"type":"if","locations":[{"start":{"line":117,"column":16},"end":{"line":119,"column":17}},{"start":{"line":117,"column":16},"end":{"line":119,"column":17}}],"line":117}},"s":{"0":0,"1":0,"2":0,"3":0,"4":0,"5":0,"6":0,"7":0,"8":0,"9":0,"10":0,"11":0,"12":0,"13":0,"14":0,"15":0,"16":0,"17":0,"18":0,"19":0,"20":0,"21":0,"22":0,"23":0,"24":0,"25":0,"26":0,"27":0,"28":0,"29":0,"30":0,"31":0,"32":0,"33":0,"34":0,"35":0,"36":0,"37":0,"38":0,"39":0,"40":0,"41":0,"42":0,"43":0,"44":0,"45":0,"46":0,"47":0,"48":0,"49":0,"50":0,"51":0,"52":0,"53":0,"54":0,"55":0,"56":0,"57":0,"58":0,"59":0,"60":0,"61":0,"62":0,"63":0,"64":0,"65":0},"f":{"0":0,"1":0,"2":0,"3":0,"4":0,"5":0,"6":0,"7":0,"8":0,"9":0,"10":0,"11":0,"12":0,"13":0,"14":0,"15":0,"16":0,"17":0,"18":0,"19":0,"20":0,"21":0},"b":{"0":[0,0],"1":[0,0]}},"F:\\projects\\customerOrders-server\\services\\orderService.ts":{"path":"F:\\projects\\customerOrders-server\\services\\orderService.ts","statementMap":{"0":{"start":{"line":3,"column":18},"end":{"line":3,"column":39}},"1":{"start":{"line":8,"column":8},"end":{"line":8,"column":52}},"2":{"start":{"line":12,"column":8},"end":{"line":12,"column":41}},"3":{"start":{"line":16,"column":8},"end":{"line":16,"column":43}},"4":{"start":{"line":20,"column":8},"end":{"line":20,"column":47}},"5":{"start":{"line":24,"column":8},"end":{"line":24,"column":42}}},"fnMap":{"0":{"name":"(anonymous_0)","decl":{"start":{"line":7,"column":4},"end":{"line":7,"column":5}},"loc":{"start":{"line":7,"column":29},"end":{"line":9,"column":5}},"line":7},"1":{"name":"(anonymous_1)","decl":{"start":{"line":11,"column":4},"end":{"line":11,"column":5}},"loc":{"start":{"line":11,"column":25},"end":{"line":13,"column":5}},"line":11},"2":{"name":"(anonymous_2)","decl":{"start":{"line":15,"column":4},"end":{"line":15,"column":5}},"loc":{"start":{"line":15,"column":27},"end":{"line":17,"column":5}},"line":15},"3":{"name":"(anonymous_3)","decl":{"start":{"line":19,"column":4},"end":{"line":19,"column":5}},"loc":{"start":{"line":19,"column":26},"end":{"line":21,"column":5}},"line":19},"4":{"name":"(anonymous_4)","decl":{"start":{"line":23,"column":4},"end":{"line":23,"column":5}},"loc":{"start":{"line":23,"column":24},"end":{"line":25,"column":5}},"line":23}},"branchMap":{},"s":{"0":0,"1":0,"2":0,"3":0,"4":0,"5":0},"f":{"0":0,"1":0,"2":0,"3":0,"4":0},"b":{}},"F:\\projects\\customerOrders-server\\services\\productService.ts":{"path":"F:\\projects\\customerOrders-server\\services\\productService.ts","statementMap":{"0":{"start":{"line":3,"column":20},"end":{"line":3,"column":43}},"1":{"start":{"line":8,"column":8},"end":{"line":8,"column":58}},"2":{"start":{"line":12,"column":8},"end":{"line":12,"column":43}},"3":{"start":{"line":16,"column":8},"end":{"line":16,"column":45}},"4":{"start":{"line":20,"column":8},"end":{"line":20,"column":59}},"5":{"start":{"line":23,"column":8},"end":{"line":23,"column":51}},"6":{"start":{"line":27,"column":8},"end":{"line":27,"column":44}}},"fnMap":{"0":{"name":"(anonymous_0)","decl":{"start":{"line":7,"column":4},"end":{"line":7,"column":5}},"loc":{"start":{"line":7,"column":35},"end":{"line":9,"column":5}},"line":7},"1":{"name":"(anonymous_1)","decl":{"start":{"line":11,"column":4},"end":{"line":11,"column":5}},"loc":{"start":{"line":11,"column":27},"end":{"line":13,"column":5}},"line":11},"2":{"name":"(anonymous_2)","decl":{"start":{"line":15,"column":4},"end":{"line":15,"column":5}},"loc":{"start":{"line":15,"column":25},"end":{"line":17,"column":5}},"line":15},"3":{"name":"(anonymous_3)","decl":{"start":{"line":19,"column":4},"end":{"line":19,"column":5}},"loc":{"start":{"line":19,"column":35},"end":{"line":21,"column":5}},"line":19},"4":{"name":"(anonymous_4)","decl":{"start":{"line":22,"column":4},"end":{"line":22,"column":5}},"loc":{"start":{"line":22,"column":28},"end":{"line":24,"column":5}},"line":22},"5":{"name":"(anonymous_5)","decl":{"start":{"line":26,"column":4},"end":{"line":26,"column":5}},"loc":{"start":{"line":26,"column":26},"end":{"line":28,"column":5}},"line":26}},"branchMap":{},"s":{"0":0,"1":0,"2":0,"3":0,"4":0,"5":0,"6":0},"f":{"0":0,"1":0,"2":0,"3":0,"4":0,"5":0},"b":{}},"F:\\projects\\customerOrders-server\\tests\\data\\repositories\\baseRepository.test.ts":{"path":"F:\\projects\\customerOrders-server\\tests\\data\\repositories\\baseRepository.test.ts","statementMap":{"0":{"start":{"line":8,"column":13},"end":{"line":8,"column":24}},"1":{"start":{"line":10,"column":0},"end":{"line":10,"column":25}},"2":{"start":{"line":11,"column":0},"end":{"line":11,"column":20}},"3":{"start":{"line":14,"column":23},"end":{"line":14,"column":43}},"4":{"start":{"line":16,"column":22},"end":{"line":16,"column":41}},"5":{"start":{"line":18,"column":0},"end":{"line":30,"column":2}},"6":{"start":{"line":19,"column":2},"end":{"line":29,"column":5}},"7":{"start":{"line":20,"column":12},"end":{"line":20,"column":13}},"8":{"start":{"line":21,"column":12},"end":{"line":21,"column":13}},"9":{"start":{"line":22,"column":15},"end":{"line":22,"column":20}},"10":{"start":{"line":23,"column":4},"end":{"line":28,"column":6}},"11":{"start":{"line":24,"column":6},"end":{"line":24,"column":39}},"12":{"start":{"line":25,"column":6},"end":{"line":25,"column":13}},"13":{"start":{"line":27,"column":6},"end":{"line":27,"column":16}},"14":{"start":{"line":32,"column":0},"end":{"line":44,"column":2}},"15":{"start":{"line":34,"column":2},"end":{"line":36,"column":5}},"16":{"start":{"line":35,"column":4},"end":{"line":35,"column":73}},"17":{"start":{"line":37,"column":2},"end":{"line":39,"column":4}},"18":{"start":{"line":38,"column":4},"end":{"line":38,"column":19}},"19":{"start":{"line":40,"column":2},"end":{"line":40,"column":31}},"20":{"start":{"line":40,"column":26},"end":{"line":40,"column":30}},"21":{"start":{"line":41,"column":2},"end":{"line":43,"column":4}},"22":{"start":{"line":42,"column":4},"end":{"line":42,"column":75}},"23":{"start":{"line":46,"column":0},"end":{"line":60,"column":2}},"24":{"start":{"line":48,"column":2},"end":{"line":50,"column":5}},"25":{"start":{"line":49,"column":4},"end":{"line":49,"column":69}},"26":{"start":{"line":51,"column":2},"end":{"line":53,"column":5}},"27":{"start":{"line":52,"column":4},"end":{"line":52,"column":25}},"28":{"start":{"line":54,"column":2},"end":{"line":54,"column":38}},"29":{"start":{"line":54,"column":26},"end":{"line":54,"column":37}},"30":{"start":{"line":55,"column":2},"end":{"line":58,"column":4}},"31":{"start":{"line":56,"column":4},"end":{"line":56,"column":71}},"32":{"start":{"line":57,"column":4},"end":{"line":57,"column":51}},"33":{"start":{"line":62,"column":0},"end":{"line":74,"column":2}},"34":{"start":{"line":64,"column":2},"end":{"line":66,"column":4}},"35":{"start":{"line":65,"column":4},"end":{"line":65,"column":61}},"36":{"start":{"line":67,"column":2},"end":{"line":69,"column":4}},"37":{"start":{"line":68,"column":4},"end":{"line":68,"column":18}},"38":{"start":{"line":70,"column":2},"end":{"line":70,"column":31}},"39":{"start":{"line":70,"column":26},"end":{"line":70,"column":30}},"40":{"start":{"line":71,"column":2},"end":{"line":73,"column":4}},"41":{"start":{"line":72,"column":4},"end":{"line":72,"column":68}},"42":{"start":{"line":76,"column":0},"end":{"line":92,"column":2}},"43":{"start":{"line":78,"column":2},"end":{"line":80,"column":4}},"44":{"start":{"line":79,"column":4},"end":{"line":79,"column":67}},"45":{"start":{"line":81,"column":2},"end":{"line":83,"column":4}},"46":{"start":{"line":82,"column":4},"end":{"line":82,"column":18}},"47":{"start":{"line":84,"column":2},"end":{"line":84,"column":31}},"48":{"start":{"line":84,"column":26},"end":{"line":84,"column":30}},"49":{"start":{"line":85,"column":2},"end":{"line":91,"column":4}},"50":{"start":{"line":86,"column":4},"end":{"line":90,"column":8}},"51":{"start":{"line":88,"column":8},"end":{"line":88,"column":72}},"52":{"start":{"line":89,"column":8},"end":{"line":89,"column":35}}},"fnMap":{"0":{"name":"(anonymous_0)","decl":{"start":{"line":18,"column":28},"end":{"line":18,"column":29}},"loc":{"start":{"line":18,"column":40},"end":{"line":30,"column":1}},"line":18},"1":{"name":"(anonymous_1)","decl":{"start":{"line":19,"column":31},"end":{"line":19,"column":32}},"loc":{"start":{"line":19,"column":47},"end":{"line":29,"column":3}},"line":19},"2":{"name":"(anonymous_2)","decl":{"start":{"line":23,"column":43},"end":{"line":23,"column":44}},"loc":{"start":{"line":23,"column":61},"end":{"line":26,"column":5}},"line":23},"3":{"name":"(anonymous_3)","decl":{"start":{"line":26,"column":13},"end":{"line":26,"column":14}},"loc":{"start":{"line":26,"column":28},"end":{"line":28,"column":5}},"line":26},"4":{"name":"(anonymous_4)","decl":{"start":{"line":32,"column":28},"end":{"line":32,"column":29}},"loc":{"start":{"line":32,"column":40},"end":{"line":44,"column":1}},"line":32},"5":{"name":"(anonymous_5)","decl":{"start":{"line":34,"column":13},"end":{"line":34,"column":14}},"loc":{"start":{"line":34,"column":19},"end":{"line":36,"column":3}},"line":34},"6":{"name":"(anonymous_6)","decl":{"start":{"line":37,"column":17},"end":{"line":37,"column":18}},"loc":{"start":{"line":37,"column":23},"end":{"line":39,"column":3}},"line":37},"7":{"name":"(anonymous_7)","decl":{"start":{"line":40,"column":20},"end":{"line":40,"column":21}},"loc":{"start":{"line":40,"column":26},"end":{"line":40,"column":30}},"line":40},"8":{"name":"(anonymous_8)","decl":{"start":{"line":41,"column":36},"end":{"line":41,"column":37}},"loc":{"start":{"line":41,"column":42},"end":{"line":43,"column":3}},"line":41},"9":{"name":"(anonymous_9)","decl":{"start":{"line":46,"column":28},"end":{"line":46,"column":29}},"loc":{"start":{"line":46,"column":40},"end":{"line":60,"column":1}},"line":46},"10":{"name":"(anonymous_10)","decl":{"start":{"line":48,"column":13},"end":{"line":48,"column":14}},"loc":{"start":{"line":48,"column":25},"end":{"line":50,"column":3}},"line":48},"11":{"name":"(anonymous_11)","decl":{"start":{"line":51,"column":12},"end":{"line":51,"column":13}},"loc":{"start":{"line":51,"column":24},"end":{"line":53,"column":3}},"line":51},"12":{"name":"(anonymous_12)","decl":{"start":{"line":54,"column":20},"end":{"line":54,"column":21}},"loc":{"start":{"line":54,"column":26},"end":{"line":54,"column":37}},"line":54},"13":{"name":"(anonymous_13)","decl":{"start":{"line":55,"column":46},"end":{"line":55,"column":47}},"loc":{"start":{"line":55,"column":62},"end":{"line":58,"column":3}},"line":55},"14":{"name":"(anonymous_14)","decl":{"start":{"line":62,"column":29},"end":{"line":62,"column":30}},"loc":{"start":{"line":62,"column":41},"end":{"line":74,"column":1}},"line":62},"15":{"name":"(anonymous_15)","decl":{"start":{"line":64,"column":13},"end":{"line":64,"column":14}},"loc":{"start":{"line":64,"column":19},"end":{"line":66,"column":3}},"line":64},"16":{"name":"(anonymous_16)","decl":{"start":{"line":67,"column":17},"end":{"line":67,"column":18}},"loc":{"start":{"line":67,"column":23},"end":{"line":69,"column":3}},"line":67},"17":{"name":"(anonymous_17)","decl":{"start":{"line":70,"column":20},"end":{"line":70,"column":21}},"loc":{"start":{"line":70,"column":26},"end":{"line":70,"column":30}},"line":70},"18":{"name":"(anonymous_18)","decl":{"start":{"line":71,"column":37},"end":{"line":71,"column":38}},"loc":{"start":{"line":71,"column":43},"end":{"line":73,"column":3}},"line":71},"19":{"name":"(anonymous_19)","decl":{"start":{"line":76,"column":33},"end":{"line":76,"column":34}},"loc":{"start":{"line":76,"column":45},"end":{"line":92,"column":1}},"line":76},"20":{"name":"(anonymous_20)","decl":{"start":{"line":78,"column":13},"end":{"line":78,"column":14}},"loc":{"start":{"line":78,"column":19},"end":{"line":80,"column":3}},"line":78},"21":{"name":"(anonymous_21)","decl":{"start":{"line":81,"column":12},"end":{"line":81,"column":13}},"loc":{"start":{"line":81,"column":18},"end":{"line":83,"column":3}},"line":81},"22":{"name":"(anonymous_22)","decl":{"start":{"line":84,"column":20},"end":{"line":84,"column":21}},"loc":{"start":{"line":84,"column":26},"end":{"line":84,"column":30}},"line":84},"23":{"name":"(anonymous_23)","decl":{"start":{"line":85,"column":43},"end":{"line":85,"column":44}},"loc":{"start":{"line":85,"column":55},"end":{"line":91,"column":3}},"line":85},"24":{"name":"(anonymous_24)","decl":{"start":{"line":87,"column":12},"end":{"line":87,"column":13}},"loc":{"start":{"line":87,"column":23},"end":{"line":90,"column":7}},"line":87}},"branchMap":{},"s":{"0":0,"1":0,"2":0,"3":0,"4":0,"5":0,"6":0,"7":0,"8":0,"9":0,"10":0,"11":0,"12":0,"13":0,"14":0,"15":0,"16":0,"17":0,"18":0,"19":0,"20":0,"21":0,"22":0,"23":0,"24":0,"25":0,"26":0,"27":0,"28":0,"29":0,"30":0,"31":0,"32":0,"33":0,"34":0,"35":0,"36":0,"37":0,"38":0,"39":0,"40":0,"41":0,"42":0,"43":0,"44":0,"45":0,"46":0,"47":0,"48":0,"49":0,"50":0,"51":0,"52":0},"f":{"0":0,"1":0,"2":0,"3":0,"4":0,"5":0,"6":0,"7":0,"8":0,"9":0,"10":0,"11":0,"12":0,"13":0,"14":0,"15":0,"16":0,"17":0,"18":0,"19":0,"20":0,"21":0,"22":0,"23":0,"24":0},"b":{}},"F:\\projects\\customerOrders-server\\tests\\data\\repositories\\customerRepositories.test.ts":{"path":"F:\\projects\\customerOrders-server\\tests\\data\\repositories\\customerRepositories.test.ts","statementMap":{"0":{"start":{"line":7,"column":13},"end":{"line":7,"column":24}},"1":{"start":{"line":9,"column":0},"end":{"line":9,"column":25}},"2":{"start":{"line":10,"column":0},"end":{"line":10,"column":20}},"3":{"start":{"line":12,"column":27},"end":{"line":12,"column":51}},"4":{"start":{"line":13,"column":0},"end":{"line":39,"column":2}},"5":{"start":{"line":16,"column":4},"end":{"line":28,"column":6}},"6":{"start":{"line":17,"column":8},"end":{"line":17,"column":100}},"7":{"start":{"line":18,"column":8},"end":{"line":27,"column":9}},"8":{"start":{"line":29,"column":4},"end":{"line":31,"column":6}},"9":{"start":{"line":30,"column":8},"end":{"line":30,"column":27}},"10":{"start":{"line":32,"column":4},"end":{"line":38,"column":6}},"11":{"start":{"line":33,"column":8},"end":{"line":33,"column":40}},"12":{"start":{"line":34,"column":8},"end":{"line":37,"column":10}},"13":{"start":{"line":35,"column":12},"end":{"line":35,"column":59}},"14":{"start":{"line":36,"column":12},"end":{"line":36,"column":55}},"15":{"start":{"line":42,"column":0},"end":{"line":74,"column":2}},"16":{"start":{"line":45,"column":4},"end":{"line":59,"column":6}},"17":{"start":{"line":46,"column":8},"end":{"line":46,"column":90}},"18":{"start":{"line":47,"column":8},"end":{"line":58,"column":9}},"19":{"start":{"line":60,"column":4},"end":{"line":62,"column":6}},"20":{"start":{"line":61,"column":8},"end":{"line":61,"column":28}},"21":{"start":{"line":63,"column":4},"end":{"line":67,"column":6}},"22":{"start":{"line":64,"column":8},"end":{"line":64,"column":49}},"23":{"start":{"line":65,"column":8},"end":{"line":65,"column":57}},"24":{"start":{"line":66,"column":8},"end":{"line":66,"column":40}},"25":{"start":{"line":68,"column":4},"end":{"line":73,"column":6}},"26":{"start":{"line":69,"column":8},"end":{"line":72,"column":14}},"27":{"start":{"line":71,"column":16},"end":{"line":71,"column":48}},"28":{"start":{"line":76,"column":0},"end":{"line":94,"column":2}},"29":{"start":{"line":78,"column":4},"end":{"line":80,"column":6}},"30":{"start":{"line":79,"column":8},"end":{"line":79,"column":89}},"31":{"start":{"line":81,"column":4},"end":{"line":83,"column":6}},"32":{"start":{"line":82,"column":8},"end":{"line":82,"column":28}},"33":{"start":{"line":84,"column":4},"end":{"line":87,"column":6}},"34":{"start":{"line":85,"column":8},"end":{"line":85,"column":45}},"35":{"start":{"line":86,"column":8},"end":{"line":86,"column":54}},"36":{"start":{"line":88,"column":4},"end":{"line":93,"column":6}},"37":{"start":{"line":89,"column":8},"end":{"line":92,"column":14}},"38":{"start":{"line":91,"column":16},"end":{"line":91,"column":48}}},"fnMap":{"0":{"name":"(anonymous_0)","decl":{"start":{"line":13,"column":31},"end":{"line":13,"column":32}},"loc":{"start":{"line":13,"column":43},"end":{"line":39,"column":1}},"line":13},"1":{"name":"(anonymous_1)","decl":{"start":{"line":16,"column":15},"end":{"line":16,"column":16}},"loc":{"start":{"line":16,"column":21},"end":{"line":28,"column":5}},"line":16},"2":{"name":"(anonymous_2)","decl":{"start":{"line":29,"column":14},"end":{"line":29,"column":15}},"loc":{"start":{"line":29,"column":20},"end":{"line":31,"column":5}},"line":29},"3":{"name":"(anonymous_3)","decl":{"start":{"line":32,"column":49},"end":{"line":32,"column":50}},"loc":{"start":{"line":32,"column":61},"end":{"line":38,"column":5}},"line":32},"4":{"name":"(anonymous_4)","decl":{"start":{"line":34,"column":54},"end":{"line":34,"column":55}},"loc":{"start":{"line":34,"column":63},"end":{"line":37,"column":9}},"line":34},"5":{"name":"(anonymous_5)","decl":{"start":{"line":42,"column":31},"end":{"line":42,"column":32}},"loc":{"start":{"line":42,"column":43},"end":{"line":74,"column":1}},"line":42},"6":{"name":"(anonymous_6)","decl":{"start":{"line":45,"column":15},"end":{"line":45,"column":16}},"loc":{"start":{"line":45,"column":21},"end":{"line":59,"column":5}},"line":45},"7":{"name":"(anonymous_7)","decl":{"start":{"line":60,"column":14},"end":{"line":60,"column":15}},"loc":{"start":{"line":60,"column":20},"end":{"line":62,"column":5}},"line":60},"8":{"name":"(anonymous_8)","decl":{"start":{"line":63,"column":51},"end":{"line":63,"column":52}},"loc":{"start":{"line":63,"column":63},"end":{"line":67,"column":5}},"line":63},"9":{"name":"(anonymous_9)","decl":{"start":{"line":68,"column":53},"end":{"line":68,"column":54}},"loc":{"start":{"line":68,"column":65},"end":{"line":73,"column":5}},"line":68},"10":{"name":"(anonymous_10)","decl":{"start":{"line":70,"column":18},"end":{"line":70,"column":19}},"loc":{"start":{"line":70,"column":27},"end":{"line":72,"column":13}},"line":70},"11":{"name":"(anonymous_11)","decl":{"start":{"line":76,"column":30},"end":{"line":76,"column":31}},"loc":{"start":{"line":76,"column":42},"end":{"line":94,"column":1}},"line":76},"12":{"name":"(anonymous_12)","decl":{"start":{"line":78,"column":15},"end":{"line":78,"column":16}},"loc":{"start":{"line":78,"column":21},"end":{"line":80,"column":5}},"line":78},"13":{"name":"(anonymous_13)","decl":{"start":{"line":81,"column":14},"end":{"line":81,"column":15}},"loc":{"start":{"line":81,"column":20},"end":{"line":83,"column":5}},"line":81},"14":{"name":"(anonymous_14)","decl":{"start":{"line":84,"column":48},"end":{"line":84,"column":49}},"loc":{"start":{"line":84,"column":60},"end":{"line":87,"column":5}},"line":84},"15":{"name":"(anonymous_15)","decl":{"start":{"line":88,"column":53},"end":{"line":88,"column":54}},"loc":{"start":{"line":88,"column":65},"end":{"line":93,"column":5}},"line":88},"16":{"name":"(anonymous_16)","decl":{"start":{"line":90,"column":18},"end":{"line":90,"column":19}},"loc":{"start":{"line":90,"column":27},"end":{"line":92,"column":13}},"line":90}},"branchMap":{},"s":{"0":0,"1":0,"2":0,"3":0,"4":0,"5":0,"6":0,"7":0,"8":0,"9":0,"10":0,"11":0,"12":0,"13":0,"14":0,"15":0,"16":0,"17":0,"18":0,"19":0,"20":0,"21":0,"22":0,"23":0,"24":0,"25":0,"26":0,"27":0,"28":0,"29":0,"30":0,"31":0,"32":0,"33":0,"34":0,"35":0,"36":0,"37":0,"38":0},"f":{"0":0,"1":0,"2":0,"3":0,"4":0,"5":0,"6":0,"7":0,"8":0,"9":0,"10":0,"11":0,"12":0,"13":0,"14":0,"15":0,"16":0},"b":{}},"F:\\projects\\customerOrders-server\\tests\\data\\repositories\\orderItemRepository.test.ts":{"path":"F:\\projects\\customerOrders-server\\tests\\data\\repositories\\orderItemRepository.test.ts","statementMap":{"0":{"start":{"line":7,"column":13},"end":{"line":7,"column":24}},"1":{"start":{"line":9,"column":0},"end":{"line":9,"column":25}},"2":{"start":{"line":10,"column":0},"end":{"line":10,"column":20}},"3":{"start":{"line":12,"column":28},"end":{"line":12,"column":53}},"4":{"start":{"line":14,"column":0},"end":{"line":54,"column":2}},"5":{"start":{"line":17,"column":2},"end":{"line":41,"column":4}},"6":{"start":{"line":18,"column":4},"end":{"line":39,"column":5}},"7":{"start":{"line":40,"column":4},"end":{"line":40,"column":98}},"8":{"start":{"line":42,"column":2},"end":{"line":44,"column":4}},"9":{"start":{"line":43,"column":4},"end":{"line":43,"column":23}},"10":{"start":{"line":45,"column":2},"end":{"line":48,"column":4}},"11":{"start":{"line":46,"column":4},"end":{"line":46,"column":47}},"12":{"start":{"line":47,"column":4},"end":{"line":47,"column":51}},"13":{"start":{"line":49,"column":2},"end":{"line":53,"column":4}},"14":{"start":{"line":50,"column":4},"end":{"line":52,"column":6}},"15":{"start":{"line":51,"column":6},"end":{"line":51,"column":49}},"16":{"start":{"line":56,"column":0},"end":{"line":72,"column":2}},"17":{"start":{"line":58,"column":2},"end":{"line":60,"column":4}},"18":{"start":{"line":59,"column":4},"end":{"line":59,"column":80}},"19":{"start":{"line":61,"column":2},"end":{"line":63,"column":4}},"20":{"start":{"line":62,"column":4},"end":{"line":62,"column":19}},"21":{"start":{"line":64,"column":2},"end":{"line":64,"column":31}},"22":{"start":{"line":64,"column":26},"end":{"line":64,"column":30}},"23":{"start":{"line":65,"column":2},"end":{"line":71,"column":4}},"24":{"start":{"line":66,"column":4},"end":{"line":70,"column":8}},"25":{"start":{"line":68,"column":8},"end":{"line":68,"column":43}},"26":{"start":{"line":69,"column":8},"end":{"line":69,"column":44}},"27":{"start":{"line":74,"column":0},"end":{"line":94,"column":2}},"28":{"start":{"line":76,"column":2},"end":{"line":78,"column":4}},"29":{"start":{"line":77,"column":4},"end":{"line":77,"column":77}},"30":{"start":{"line":79,"column":2},"end":{"line":81,"column":4}},"31":{"start":{"line":80,"column":4},"end":{"line":80,"column":19}},"32":{"start":{"line":82,"column":2},"end":{"line":82,"column":31}},"33":{"start":{"line":82,"column":26},"end":{"line":82,"column":30}},"34":{"start":{"line":83,"column":2},"end":{"line":86,"column":4}},"35":{"start":{"line":84,"column":4},"end":{"line":84,"column":40}},"36":{"start":{"line":85,"column":4},"end":{"line":85,"column":44}},"37":{"start":{"line":87,"column":2},"end":{"line":93,"column":4}},"38":{"start":{"line":88,"column":4},"end":{"line":92,"column":8}},"39":{"start":{"line":90,"column":8},"end":{"line":90,"column":43}},"40":{"start":{"line":91,"column":8},"end":{"line":91,"column":41}},"41":{"start":{"line":96,"column":0},"end":{"line":114,"column":2}},"42":{"start":{"line":98,"column":2},"end":{"line":100,"column":4}},"43":{"start":{"line":99,"column":4},"end":{"line":99,"column":90}},"44":{"start":{"line":101,"column":2},"end":{"line":103,"column":4}},"45":{"start":{"line":102,"column":4},"end":{"line":102,"column":24}},"46":{"start":{"line":104,"column":2},"end":{"line":107,"column":4}},"47":{"start":{"line":105,"column":4},"end":{"line":105,"column":50}},"48":{"start":{"line":106,"column":4},"end":{"line":106,"column":54}},"49":{"start":{"line":108,"column":2},"end":{"line":113,"column":4}},"50":{"start":{"line":109,"column":4},"end":{"line":112,"column":8}},"51":{"start":{"line":111,"column":8},"end":{"line":111,"column":40}},"52":{"start":{"line":116,"column":0},"end":{"line":156,"column":2}},"53":{"start":{"line":119,"column":2},"end":{"line":143,"column":4}},"54":{"start":{"line":120,"column":4},"end":{"line":120,"column":90}},"55":{"start":{"line":121,"column":4},"end":{"line":142,"column":5}},"56":{"start":{"line":144,"column":2},"end":{"line":146,"column":4}},"57":{"start":{"line":145,"column":4},"end":{"line":145,"column":25}},"58":{"start":{"line":147,"column":2},"end":{"line":150,"column":4}},"59":{"start":{"line":148,"column":4},"end":{"line":148,"column":49}},"60":{"start":{"line":149,"column":4},"end":{"line":149,"column":53}},"61":{"start":{"line":151,"column":2},"end":{"line":155,"column":4}},"62":{"start":{"line":152,"column":4},"end":{"line":154,"column":6}},"63":{"start":{"line":153,"column":6},"end":{"line":153,"column":38}},"64":{"start":{"line":158,"column":0},"end":{"line":173,"column":2}},"65":{"start":{"line":160,"column":2},"end":{"line":162,"column":4}},"66":{"start":{"line":161,"column":4},"end":{"line":161,"column":101}},"67":{"start":{"line":163,"column":2},"end":{"line":165,"column":4}},"68":{"start":{"line":164,"column":4},"end":{"line":164,"column":18}},"69":{"start":{"line":166,"column":2},"end":{"line":166,"column":31}},"70":{"start":{"line":166,"column":26},"end":{"line":166,"column":30}},"71":{"start":{"line":167,"column":2},"end":{"line":172,"column":4}},"72":{"start":{"line":168,"column":4},"end":{"line":171,"column":8}},"73":{"start":{"line":170,"column":8},"end":{"line":170,"column":53}},"74":{"start":{"line":175,"column":0},"end":{"line":191,"column":2}},"75":{"start":{"line":177,"column":14},"end":{"line":177,"column":26}},"76":{"start":{"line":178,"column":2},"end":{"line":180,"column":4}},"77":{"start":{"line":179,"column":4},"end":{"line":179,"column":95}},"78":{"start":{"line":181,"column":2},"end":{"line":183,"column":4}},"79":{"start":{"line":182,"column":4},"end":{"line":182,"column":18}},"80":{"start":{"line":184,"column":2},"end":{"line":184,"column":31}},"81":{"start":{"line":184,"column":26},"end":{"line":184,"column":30}},"82":{"start":{"line":185,"column":2},"end":{"line":190,"column":4}},"83":{"start":{"line":186,"column":4},"end":{"line":189,"column":8}},"84":{"start":{"line":188,"column":8},"end":{"line":188,"column":51}}},"fnMap":{"0":{"name":"(anonymous_0)","decl":{"start":{"line":14,"column":32},"end":{"line":14,"column":33}},"loc":{"start":{"line":14,"column":44},"end":{"line":54,"column":1}},"line":14},"1":{"name":"(anonymous_1)","decl":{"start":{"line":17,"column":13},"end":{"line":17,"column":14}},"loc":{"start":{"line":17,"column":19},"end":{"line":41,"column":3}},"line":17},"2":{"name":"(anonymous_2)","decl":{"start":{"line":42,"column":12},"end":{"line":42,"column":13}},"loc":{"start":{"line":42,"column":18},"end":{"line":44,"column":3}},"line":42},"3":{"name":"(anonymous_3)","decl":{"start":{"line":45,"column":47},"end":{"line":45,"column":48}},"loc":{"start":{"line":45,"column":59},"end":{"line":48,"column":3}},"line":45},"4":{"name":"(anonymous_4)","decl":{"start":{"line":49,"column":47},"end":{"line":49,"column":48}},"loc":{"start":{"line":49,"column":59},"end":{"line":53,"column":3}},"line":49},"5":{"name":"(anonymous_5)","decl":{"start":{"line":50,"column":52},"end":{"line":50,"column":53}},"loc":{"start":{"line":50,"column":61},"end":{"line":52,"column":5}},"line":50},"6":{"name":"(anonymous_6)","decl":{"start":{"line":56,"column":28},"end":{"line":56,"column":29}},"loc":{"start":{"line":56,"column":40},"end":{"line":72,"column":1}},"line":56},"7":{"name":"(anonymous_7)","decl":{"start":{"line":58,"column":13},"end":{"line":58,"column":14}},"loc":{"start":{"line":58,"column":19},"end":{"line":60,"column":3}},"line":58},"8":{"name":"(anonymous_8)","decl":{"start":{"line":61,"column":17},"end":{"line":61,"column":18}},"loc":{"start":{"line":61,"column":23},"end":{"line":63,"column":3}},"line":61},"9":{"name":"(anonymous_9)","decl":{"start":{"line":64,"column":20},"end":{"line":64,"column":21}},"loc":{"start":{"line":64,"column":26},"end":{"line":64,"column":30}},"line":64},"10":{"name":"(anonymous_10)","decl":{"start":{"line":65,"column":36},"end":{"line":65,"column":37}},"loc":{"start":{"line":65,"column":42},"end":{"line":71,"column":3}},"line":65},"11":{"name":"(anonymous_11)","decl":{"start":{"line":67,"column":12},"end":{"line":67,"column":13}},"loc":{"start":{"line":67,"column":24},"end":{"line":70,"column":7}},"line":67},"12":{"name":"(anonymous_12)","decl":{"start":{"line":74,"column":28},"end":{"line":74,"column":29}},"loc":{"start":{"line":74,"column":40},"end":{"line":94,"column":1}},"line":74},"13":{"name":"(anonymous_13)","decl":{"start":{"line":76,"column":13},"end":{"line":76,"column":14}},"loc":{"start":{"line":76,"column":19},"end":{"line":78,"column":3}},"line":76},"14":{"name":"(anonymous_14)","decl":{"start":{"line":79,"column":17},"end":{"line":79,"column":18}},"loc":{"start":{"line":79,"column":23},"end":{"line":81,"column":3}},"line":79},"15":{"name":"(anonymous_15)","decl":{"start":{"line":82,"column":20},"end":{"line":82,"column":21}},"loc":{"start":{"line":82,"column":26},"end":{"line":82,"column":30}},"line":82},"16":{"name":"(anonymous_16)","decl":{"start":{"line":83,"column":39},"end":{"line":83,"column":40}},"loc":{"start":{"line":83,"column":51},"end":{"line":86,"column":3}},"line":83},"17":{"name":"(anonymous_17)","decl":{"start":{"line":87,"column":40},"end":{"line":87,"column":41}},"loc":{"start":{"line":87,"column":46},"end":{"line":93,"column":3}},"line":87},"18":{"name":"(anonymous_18)","decl":{"start":{"line":89,"column":12},"end":{"line":89,"column":13}},"loc":{"start":{"line":89,"column":24},"end":{"line":92,"column":7}},"line":89},"19":{"name":"(anonymous_19)","decl":{"start":{"line":96,"column":34},"end":{"line":96,"column":35}},"loc":{"start":{"line":96,"column":46},"end":{"line":114,"column":1}},"line":96},"20":{"name":"(anonymous_20)","decl":{"start":{"line":98,"column":13},"end":{"line":98,"column":14}},"loc":{"start":{"line":98,"column":19},"end":{"line":100,"column":3}},"line":98},"21":{"name":"(anonymous_21)","decl":{"start":{"line":101,"column":12},"end":{"line":101,"column":13}},"loc":{"start":{"line":101,"column":18},"end":{"line":103,"column":3}},"line":101},"22":{"name":"(anonymous_22)","decl":{"start":{"line":104,"column":74},"end":{"line":104,"column":75}},"loc":{"start":{"line":104,"column":86},"end":{"line":107,"column":3}},"line":104},"23":{"name":"(anonymous_23)","decl":{"start":{"line":108,"column":51},"end":{"line":108,"column":52}},"loc":{"start":{"line":108,"column":63},"end":{"line":113,"column":3}},"line":108},"24":{"name":"(anonymous_24)","decl":{"start":{"line":110,"column":12},"end":{"line":110,"column":13}},"loc":{"start":{"line":110,"column":21},"end":{"line":112,"column":7}},"line":110},"25":{"name":"(anonymous_25)","decl":{"start":{"line":116,"column":35},"end":{"line":116,"column":36}},"loc":{"start":{"line":116,"column":47},"end":{"line":156,"column":1}},"line":116},"26":{"name":"(anonymous_26)","decl":{"start":{"line":119,"column":13},"end":{"line":119,"column":14}},"loc":{"start":{"line":119,"column":19},"end":{"line":143,"column":3}},"line":119},"27":{"name":"(anonymous_27)","decl":{"start":{"line":144,"column":12},"end":{"line":144,"column":13}},"loc":{"start":{"line":144,"column":18},"end":{"line":146,"column":3}},"line":144},"28":{"name":"(anonymous_28)","decl":{"start":{"line":147,"column":35},"end":{"line":147,"column":36}},"loc":{"start":{"line":147,"column":47},"end":{"line":150,"column":3}},"line":147},"29":{"name":"(anonymous_29)","decl":{"start":{"line":151,"column":48},"end":{"line":151,"column":49}},"loc":{"start":{"line":151,"column":60},"end":{"line":155,"column":3}},"line":151},"30":{"name":"(anonymous_30)","decl":{"start":{"line":152,"column":54},"end":{"line":152,"column":55}},"loc":{"start":{"line":152,"column":63},"end":{"line":154,"column":5}},"line":152},"31":{"name":"(anonymous_31)","decl":{"start":{"line":158,"column":43},"end":{"line":158,"column":44}},"loc":{"start":{"line":158,"column":55},"end":{"line":173,"column":1}},"line":158},"32":{"name":"(anonymous_32)","decl":{"start":{"line":160,"column":13},"end":{"line":160,"column":14}},"loc":{"start":{"line":160,"column":19},"end":{"line":162,"column":3}},"line":160},"33":{"name":"(anonymous_33)","decl":{"start":{"line":163,"column":17},"end":{"line":163,"column":18}},"loc":{"start":{"line":163,"column":23},"end":{"line":165,"column":3}},"line":163},"34":{"name":"(anonymous_34)","decl":{"start":{"line":166,"column":20},"end":{"line":166,"column":21}},"loc":{"start":{"line":166,"column":26},"end":{"line":166,"column":30}},"line":166},"35":{"name":"(anonymous_35)","decl":{"start":{"line":167,"column":54},"end":{"line":167,"column":55}},"loc":{"start":{"line":167,"column":60},"end":{"line":172,"column":3}},"line":167},"36":{"name":"(anonymous_36)","decl":{"start":{"line":169,"column":12},"end":{"line":169,"column":13}},"loc":{"start":{"line":169,"column":24},"end":{"line":171,"column":7}},"line":169},"37":{"name":"(anonymous_37)","decl":{"start":{"line":175,"column":39},"end":{"line":175,"column":40}},"loc":{"start":{"line":175,"column":51},"end":{"line":191,"column":1}},"line":175},"38":{"name":"(anonymous_38)","decl":{"start":{"line":178,"column":13},"end":{"line":178,"column":14}},"loc":{"start":{"line":178,"column":19},"end":{"line":180,"column":3}},"line":178},"39":{"name":"(anonymous_39)","decl":{"start":{"line":181,"column":17},"end":{"line":181,"column":18}},"loc":{"start":{"line":181,"column":23},"end":{"line":183,"column":3}},"line":181},"40":{"name":"(anonymous_40)","decl":{"start":{"line":184,"column":20},"end":{"line":184,"column":21}},"loc":{"start":{"line":184,"column":26},"end":{"line":184,"column":30}},"line":184},"41":{"name":"(anonymous_41)","decl":{"start":{"line":185,"column":42},"end":{"line":185,"column":43}},"loc":{"start":{"line":185,"column":48},"end":{"line":190,"column":3}},"line":185},"42":{"name":"(anonymous_42)","decl":{"start":{"line":187,"column":12},"end":{"line":187,"column":13}},"loc":{"start":{"line":187,"column":24},"end":{"line":189,"column":7}},"line":187}},"branchMap":{},"s":{"0":0,"1":0,"2":0,"3":0,"4":0,"5":0,"6":0,"7":0,"8":0,"9":0,"10":0,"11":0,"12":0,"13":0,"14":0,"15":0,"16":0,"17":0,"18":0,"19":0,"20":0,"21":0,"22":0,"23":0,"24":0,"25":0,"26":0,"27":0,"28":0,"29":0,"30":0,"31":0,"32":0,"33":0,"34":0,"35":0,"36":0,"37":0,"38":0,"39":0,"40":0,"41":0,"42":0,"43":0,"44":0,"45":0,"46":0,"47":0,"48":0,"49":0,"50":0,"51":0,"52":0,"53":0,"54":0,"55":0,"56":0,"57":0,"58":0,"59":0,"60":0,"61":0,"62":0,"63":0,"64":0,"65":0,"66":0,"67":0,"68":0,"69":0,"70":0,"71":0,"72":0,"73":0,"74":0,"75":0,"76":0,"77":0,"78":0,"79":0,"80":0,"81":0,"82":0,"83":0,"84":0},"f":{"0":0,"1":0,"2":0,"3":0,"4":0,"5":0,"6":0,"7":0,"8":0,"9":0,"10":0,"11":0,"12":0,"13":0,"14":0,"15":0,"16":0,"17":0,"18":0,"19":0,"20":0,"21":0,"22":0,"23":0,"24":0,"25":0,"26":0,"27":0,"28":0,"29":0,"30":0,"31":0,"32":0,"33":0,"34":0,"35":0,"36":0,"37":0,"38":0,"39":0,"40":0,"41":0,"42":0},"b":{}},"F:\\projects\\customerOrders-server\\tests\\data\\repositories\\orderRepository.test.ts":{"path":"F:\\projects\\customerOrders-server\\tests\\data\\repositories\\orderRepository.test.ts","statementMap":{"0":{"start":{"line":7,"column":13},"end":{"line":7,"column":24}},"1":{"start":{"line":9,"column":0},"end":{"line":9,"column":25}},"2":{"start":{"line":10,"column":0},"end":{"line":10,"column":20}},"3":{"start":{"line":12,"column":24},"end":{"line":12,"column":45}},"4":{"start":{"line":13,"column":0},"end":{"line":50,"column":2}},"5":{"start":{"line":16,"column":2},"end":{"line":40,"column":4}},"6":{"start":{"line":17,"column":4},"end":{"line":17,"column":90}},"7":{"start":{"line":18,"column":4},"end":{"line":39,"column":5}},"8":{"start":{"line":41,"column":2},"end":{"line":43,"column":4}},"9":{"start":{"line":42,"column":4},"end":{"line":42,"column":23}},"10":{"start":{"line":44,"column":2},"end":{"line":49,"column":4}},"11":{"start":{"line":45,"column":4},"end":{"line":48,"column":6}},"12":{"start":{"line":46,"column":6},"end":{"line":46,"column":53}},"13":{"start":{"line":47,"column":6},"end":{"line":47,"column":49}},"14":{"start":{"line":53,"column":0},"end":{"line":71,"column":2}},"15":{"start":{"line":55,"column":2},"end":{"line":57,"column":4}},"16":{"start":{"line":56,"column":4},"end":{"line":56,"column":79}},"17":{"start":{"line":58,"column":2},"end":{"line":60,"column":4}},"18":{"start":{"line":59,"column":4},"end":{"line":59,"column":24}},"19":{"start":{"line":61,"column":2},"end":{"line":64,"column":4}},"20":{"start":{"line":62,"column":4},"end":{"line":62,"column":35}},"21":{"start":{"line":63,"column":4},"end":{"line":63,"column":50}},"22":{"start":{"line":65,"column":2},"end":{"line":70,"column":4}},"23":{"start":{"line":66,"column":4},"end":{"line":69,"column":8}},"24":{"start":{"line":68,"column":8},"end":{"line":68,"column":40}}},"fnMap":{"0":{"name":"(anonymous_0)","decl":{"start":{"line":13,"column":28},"end":{"line":13,"column":29}},"loc":{"start":{"line":13,"column":40},"end":{"line":50,"column":1}},"line":13},"1":{"name":"(anonymous_1)","decl":{"start":{"line":16,"column":13},"end":{"line":16,"column":14}},"loc":{"start":{"line":16,"column":19},"end":{"line":40,"column":3}},"line":16},"2":{"name":"(anonymous_2)","decl":{"start":{"line":41,"column":12},"end":{"line":41,"column":13}},"loc":{"start":{"line":41,"column":18},"end":{"line":43,"column":3}},"line":41},"3":{"name":"(anonymous_3)","decl":{"start":{"line":44,"column":47},"end":{"line":44,"column":48}},"loc":{"start":{"line":44,"column":59},"end":{"line":49,"column":3}},"line":44},"4":{"name":"(anonymous_4)","decl":{"start":{"line":45,"column":44},"end":{"line":45,"column":45}},"loc":{"start":{"line":45,"column":53},"end":{"line":48,"column":5}},"line":45},"5":{"name":"(anonymous_5)","decl":{"start":{"line":53,"column":27},"end":{"line":53,"column":28}},"loc":{"start":{"line":53,"column":39},"end":{"line":71,"column":1}},"line":53},"6":{"name":"(anonymous_6)","decl":{"start":{"line":55,"column":13},"end":{"line":55,"column":14}},"loc":{"start":{"line":55,"column":19},"end":{"line":57,"column":3}},"line":55},"7":{"name":"(anonymous_7)","decl":{"start":{"line":58,"column":12},"end":{"line":58,"column":13}},"loc":{"start":{"line":58,"column":18},"end":{"line":60,"column":3}},"line":58},"8":{"name":"(anonymous_8)","decl":{"start":{"line":61,"column":46},"end":{"line":61,"column":47}},"loc":{"start":{"line":61,"column":58},"end":{"line":64,"column":3}},"line":61},"9":{"name":"(anonymous_9)","decl":{"start":{"line":65,"column":51},"end":{"line":65,"column":52}},"loc":{"start":{"line":65,"column":63},"end":{"line":70,"column":3}},"line":65},"10":{"name":"(anonymous_10)","decl":{"start":{"line":67,"column":12},"end":{"line":67,"column":13}},"loc":{"start":{"line":67,"column":21},"end":{"line":69,"column":7}},"line":67}},"branchMap":{},"s":{"0":0,"1":0,"2":0,"3":0,"4":0,"5":0,"6":0,"7":0,"8":0,"9":0,"10":0,"11":0,"12":0,"13":0,"14":0,"15":0,"16":0,"17":0,"18":0,"19":0,"20":0,"21":0,"22":0,"23":0,"24":0},"f":{"0":0,"1":0,"2":0,"3":0,"4":0,"5":0,"6":0,"7":0,"8":0,"9":0,"10":0},"b":{}},"F:\\projects\\customerOrders-server\\tests\\data\\repositories\\productRepoository.test.ts":{"path":"F:\\projects\\customerOrders-server\\tests\\data\\repositories\\productRepoository.test.ts","statementMap":{"0":{"start":{"line":7,"column":13},"end":{"line":7,"column":24}},"1":{"start":{"line":9,"column":0},"end":{"line":9,"column":25}},"2":{"start":{"line":10,"column":0},"end":{"line":10,"column":20}},"3":{"start":{"line":12,"column":26},"end":{"line":12,"column":49}},"4":{"start":{"line":13,"column":0},"end":{"line":39,"column":2}},"5":{"start":{"line":16,"column":4},"end":{"line":28,"column":6}},"6":{"start":{"line":17,"column":8},"end":{"line":17,"column":98}},"7":{"start":{"line":18,"column":8},"end":{"line":27,"column":9}},"8":{"start":{"line":29,"column":4},"end":{"line":31,"column":6}},"9":{"start":{"line":30,"column":8},"end":{"line":30,"column":27}},"10":{"start":{"line":32,"column":4},"end":{"line":38,"column":6}},"11":{"start":{"line":33,"column":8},"end":{"line":33,"column":40}},"12":{"start":{"line":34,"column":8},"end":{"line":37,"column":10}},"13":{"start":{"line":35,"column":12},"end":{"line":35,"column":59}},"14":{"start":{"line":36,"column":12},"end":{"line":36,"column":55}},"15":{"start":{"line":42,"column":0},"end":{"line":69,"column":2}},"16":{"start":{"line":45,"column":4},"end":{"line":54,"column":6}},"17":{"start":{"line":46,"column":8},"end":{"line":46,"column":88}},"18":{"start":{"line":47,"column":8},"end":{"line":53,"column":9}},"19":{"start":{"line":55,"column":4},"end":{"line":57,"column":6}},"20":{"start":{"line":56,"column":8},"end":{"line":56,"column":28}},"21":{"start":{"line":58,"column":4},"end":{"line":62,"column":6}},"22":{"start":{"line":59,"column":8},"end":{"line":59,"column":47}},"23":{"start":{"line":60,"column":8},"end":{"line":60,"column":57}},"24":{"start":{"line":61,"column":8},"end":{"line":61,"column":40}},"25":{"start":{"line":63,"column":4},"end":{"line":68,"column":6}},"26":{"start":{"line":64,"column":8},"end":{"line":67,"column":14}},"27":{"start":{"line":66,"column":16},"end":{"line":66,"column":48}},"28":{"start":{"line":71,"column":0},"end":{"line":89,"column":2}},"29":{"start":{"line":73,"column":4},"end":{"line":75,"column":6}},"30":{"start":{"line":74,"column":8},"end":{"line":74,"column":87}},"31":{"start":{"line":76,"column":4},"end":{"line":78,"column":6}},"32":{"start":{"line":77,"column":8},"end":{"line":77,"column":28}},"33":{"start":{"line":79,"column":4},"end":{"line":82,"column":6}},"34":{"start":{"line":80,"column":8},"end":{"line":80,"column":43}},"35":{"start":{"line":81,"column":8},"end":{"line":81,"column":54}},"36":{"start":{"line":83,"column":4},"end":{"line":88,"column":6}},"37":{"start":{"line":84,"column":8},"end":{"line":87,"column":14}},"38":{"start":{"line":86,"column":16},"end":{"line":86,"column":48}}},"fnMap":{"0":{"name":"(anonymous_0)","decl":{"start":{"line":13,"column":30},"end":{"line":13,"column":31}},"loc":{"start":{"line":13,"column":42},"end":{"line":39,"column":1}},"line":13},"1":{"name":"(anonymous_1)","decl":{"start":{"line":16,"column":15},"end":{"line":16,"column":16}},"loc":{"start":{"line":16,"column":21},"end":{"line":28,"column":5}},"line":16},"2":{"name":"(anonymous_2)","decl":{"start":{"line":29,"column":14},"end":{"line":29,"column":15}},"loc":{"start":{"line":29,"column":20},"end":{"line":31,"column":5}},"line":29},"3":{"name":"(anonymous_3)","decl":{"start":{"line":32,"column":49},"end":{"line":32,"column":50}},"loc":{"start":{"line":32,"column":61},"end":{"line":38,"column":5}},"line":32},"4":{"name":"(anonymous_4)","decl":{"start":{"line":34,"column":52},"end":{"line":34,"column":53}},"loc":{"start":{"line":34,"column":61},"end":{"line":37,"column":9}},"line":34},"5":{"name":"(anonymous_5)","decl":{"start":{"line":42,"column":30},"end":{"line":42,"column":31}},"loc":{"start":{"line":42,"column":42},"end":{"line":69,"column":1}},"line":42},"6":{"name":"(anonymous_6)","decl":{"start":{"line":45,"column":15},"end":{"line":45,"column":16}},"loc":{"start":{"line":45,"column":21},"end":{"line":54,"column":5}},"line":45},"7":{"name":"(anonymous_7)","decl":{"start":{"line":55,"column":14},"end":{"line":55,"column":15}},"loc":{"start":{"line":55,"column":20},"end":{"line":57,"column":5}},"line":55},"8":{"name":"(anonymous_8)","decl":{"start":{"line":58,"column":51},"end":{"line":58,"column":52}},"loc":{"start":{"line":58,"column":63},"end":{"line":62,"column":5}},"line":58},"9":{"name":"(anonymous_9)","decl":{"start":{"line":63,"column":53},"end":{"line":63,"column":54}},"loc":{"start":{"line":63,"column":65},"end":{"line":68,"column":5}},"line":63},"10":{"name":"(anonymous_10)","decl":{"start":{"line":65,"column":18},"end":{"line":65,"column":19}},"loc":{"start":{"line":65,"column":27},"end":{"line":67,"column":13}},"line":65},"11":{"name":"(anonymous_11)","decl":{"start":{"line":71,"column":29},"end":{"line":71,"column":30}},"loc":{"start":{"line":71,"column":41},"end":{"line":89,"column":1}},"line":71},"12":{"name":"(anonymous_12)","decl":{"start":{"line":73,"column":15},"end":{"line":73,"column":16}},"loc":{"start":{"line":73,"column":21},"end":{"line":75,"column":5}},"line":73},"13":{"name":"(anonymous_13)","decl":{"start":{"line":76,"column":14},"end":{"line":76,"column":15}},"loc":{"start":{"line":76,"column":20},"end":{"line":78,"column":5}},"line":76},"14":{"name":"(anonymous_14)","decl":{"start":{"line":79,"column":48},"end":{"line":79,"column":49}},"loc":{"start":{"line":79,"column":60},"end":{"line":82,"column":5}},"line":79},"15":{"name":"(anonymous_15)","decl":{"start":{"line":83,"column":53},"end":{"line":83,"column":54}},"loc":{"start":{"line":83,"column":65},"end":{"line":88,"column":5}},"line":83},"16":{"name":"(anonymous_16)","decl":{"start":{"line":85,"column":18},"end":{"line":85,"column":19}},"loc":{"start":{"line":85,"column":27},"end":{"line":87,"column":13}},"line":85}},"branchMap":{},"s":{"0":0,"1":0,"2":0,"3":0,"4":0,"5":0,"6":0,"7":0,"8":0,"9":0,"10":0,"11":0,"12":0,"13":0,"14":0,"15":0,"16":0,"17":0,"18":0,"19":0,"20":0,"21":0,"22":0,"23":0,"24":0,"25":0,"26":0,"27":0,"28":0,"29":0,"30":0,"31":0,"32":0,"33":0,"34":0,"35":0,"36":0,"37":0,"38":0},"f":{"0":0,"1":0,"2":0,"3":0,"4":0,"5":0,"6":0,"7":0,"8":0,"9":0,"10":0,"11":0,"12":0,"13":0,"14":0,"15":0,"16":0},"b":{}},"F:\\projects\\customerOrders-server\\tests\\data\\repositories\\testFunctions.ts":{"path":"F:\\projects\\customerOrders-server\\tests\\data\\repositories\\testFunctions.ts","statementMap":{"0":{"start":{"line":3,"column":8},"end":{"line":9,"column":10}},"1":{"start":{"line":4,"column":12},"end":{"line":8,"column":13}},"2":{"start":{"line":5,"column":16},"end":{"line":5,"column":53}},"3":{"start":{"line":7,"column":16},"end":{"line":7,"column":31}}},"fnMap":{"0":{"name":"(anonymous_0)","decl":{"start":{"line":2,"column":4},"end":{"line":2,"column":5}},"loc":{"start":{"line":2,"column":24},"end":{"line":10,"column":5}},"line":2},"1":{"name":"(anonymous_1)","decl":{"start":{"line":3,"column":27},"end":{"line":3,"column":28}},"loc":{"start":{"line":3,"column":48},"end":{"line":9,"column":9}},"line":3}},"branchMap":{"0":{"loc":{"start":{"line":4,"column":12},"end":{"line":8,"column":13}},"type":"if","locations":[{"start":{"line":4,"column":12},"end":{"line":8,"column":13}},{"start":{"line":4,"column":12},"end":{"line":8,"column":13}}],"line":4}},"s":{"0":0,"1":0,"2":0,"3":0},"f":{"0":0,"1":0},"b":{"0":[0,0]}},"F:\\projects\\customerOrders-server\\tests\\data\\sqlGenerator\\sqlGenerator.test.ts":{"path":"F:\\projects\\customerOrders-server\\tests\\data\\sqlGenerator\\sqlGenerator.test.ts","statementMap":{"0":{"start":{"line":5,"column":13},"end":{"line":5,"column":24}},"1":{"start":{"line":8,"column":15},"end":{"line":8,"column":33}},"2":{"start":{"line":10,"column":0},"end":{"line":41,"column":2}},"3":{"start":{"line":12,"column":4},"end":{"line":15,"column":6}},"4":{"start":{"line":13,"column":8},"end":{"line":13,"column":27}},"5":{"start":{"line":14,"column":8},"end":{"line":14,"column":43}},"6":{"start":{"line":16,"column":4},"end":{"line":18,"column":6}},"7":{"start":{"line":17,"column":8},"end":{"line":17,"column":30}},"8":{"start":{"line":19,"column":4},"end":{"line":25,"column":10}},"9":{"start":{"line":21,"column":12},"end":{"line":21,"column":61}},"10":{"start":{"line":22,"column":12},"end":{"line":22,"column":58}},"11":{"start":{"line":23,"column":12},"end":{"line":23,"column":72}},"12":{"start":{"line":24,"column":12},"end":{"line":24,"column":85}},"13":{"start":{"line":26,"column":4},"end":{"line":32,"column":10}},"14":{"start":{"line":28,"column":28},"end":{"line":28,"column":68}},"15":{"start":{"line":29,"column":29},"end":{"line":29,"column":71}},"16":{"start":{"line":30,"column":12},"end":{"line":30,"column":73}},"17":{"start":{"line":33,"column":4},"end":{"line":39,"column":10}},"18":{"start":{"line":35,"column":28},"end":{"line":35,"column":68}},"19":{"start":{"line":36,"column":29},"end":{"line":36,"column":62}},"20":{"start":{"line":37,"column":12},"end":{"line":37,"column":64}},"21":{"start":{"line":38,"column":12},"end":{"line":38,"column":78}}},"fnMap":{"0":{"name":"(anonymous_0)","decl":{"start":{"line":10,"column":26},"end":{"line":10,"column":27}},"loc":{"start":{"line":10,"column":38},"end":{"line":41,"column":1}},"line":10},"1":{"name":"(anonymous_1)","decl":{"start":{"line":12,"column":15},"end":{"line":12,"column":16}},"loc":{"start":{"line":12,"column":21},"end":{"line":15,"column":5}},"line":12},"2":{"name":"(anonymous_2)","decl":{"start":{"line":16,"column":14},"end":{"line":16,"column":15}},"loc":{"start":{"line":16,"column":20},"end":{"line":18,"column":5}},"line":16},"3":{"name":"(anonymous_3)","decl":{"start":{"line":20,"column":8},"end":{"line":20,"column":9}},"loc":{"start":{"line":20,"column":20},"end":{"line":25,"column":9}},"line":20},"4":{"name":"(anonymous_4)","decl":{"start":{"line":27,"column":8},"end":{"line":27,"column":9}},"loc":{"start":{"line":27,"column":20},"end":{"line":32,"column":9}},"line":27},"5":{"name":"(anonymous_5)","decl":{"start":{"line":34,"column":8},"end":{"line":34,"column":9}},"loc":{"start":{"line":34,"column":20},"end":{"line":39,"column":9}},"line":34}},"branchMap":{},"s":{"0":0,"1":0,"2":0,"3":0,"4":0,"5":0,"6":0,"7":0,"8":0,"9":0,"10":0,"11":0,"12":0,"13":0,"14":0,"15":0,"16":0,"17":0,"18":0,"19":0,"20":0,"21":0},"f":{"0":0,"1":0,"2":0,"3":0,"4":0,"5":0},"b":{}},"F:\\projects\\customerOrders-server\\tests\\mockData.ts":{"path":"F:\\projects\\customerOrders-server\\tests\\mockData.ts","statementMap":{"0":{"start":{"line":5,"column":29},"end":{"line":10,"column":9}},"1":{"start":{"line":13,"column":27},"end":{"line":27,"column":9}},"2":{"start":{"line":29,"column":27},"end":{"line":29,"column":29}},"3":{"start":{"line":30,"column":8},"end":{"line":30,"column":56}},"4":{"start":{"line":31,"column":8},"end":{"line":31,"column":52}},"5":{"start":{"line":33,"column":8},"end":{"line":33,"column":28}},"6":{"start":{"line":37,"column":29},"end":{"line":42,"column":9}},"7":{"start":{"line":43,"column":27},"end":{"line":85,"column":9}},"8":{"start":{"line":86,"column":25},"end":{"line":86,"column":27}},"9":{"start":{"line":87,"column":8},"end":{"line":87,"column":54}},"10":{"start":{"line":88,"column":8},"end":{"line":88,"column":50}},"11":{"start":{"line":90,"column":8},"end":{"line":90,"column":26}},"12":{"start":{"line":94,"column":29},"end":{"line":99,"column":9}},"13":{"start":{"line":102,"column":27},"end":{"line":116,"column":9}},"14":{"start":{"line":117,"column":27},"end":{"line":117,"column":29}},"15":{"start":{"line":118,"column":8},"end":{"line":118,"column":56}},"16":{"start":{"line":119,"column":8},"end":{"line":119,"column":52}},"17":{"start":{"line":121,"column":8},"end":{"line":121,"column":28}}},"fnMap":{"0":{"name":"(anonymous_0)","decl":{"start":{"line":3,"column":4},"end":{"line":3,"column":5}},"loc":{"start":{"line":3,"column":20},"end":{"line":34,"column":5}},"line":3},"1":{"name":"(anonymous_1)","decl":{"start":{"line":36,"column":4},"end":{"line":36,"column":5}},"loc":{"start":{"line":36,"column":17},"end":{"line":91,"column":5}},"line":36},"2":{"name":"(anonymous_2)","decl":{"start":{"line":93,"column":4},"end":{"line":93,"column":5}},"loc":{"start":{"line":93,"column":19},"end":{"line":123,"column":5}},"line":93}},"branchMap":{},"s":{"0":0,"1":0,"2":0,"3":0,"4":0,"5":0,"6":0,"7":0,"8":0,"9":0,"10":0,"11":0,"12":0,"13":0,"14":0,"15":0,"16":0,"17":0},"f":{"0":0,"1":0,"2":0},"b":{}},"F:\\projects\\customerOrders-server\\tests\\routes\\routes.test.ts":{"path":"F:\\projects\\customerOrders-server\\tests\\routes\\routes.test.ts","statementMap":{"0":{"start":{"line":6,"column":15},"end":{"line":6,"column":35}},"1":{"start":{"line":8,"column":13},"end":{"line":8,"column":24}},"2":{"start":{"line":9,"column":13},"end":{"line":9,"column":26}},"3":{"start":{"line":10,"column":0},"end":{"line":10,"column":19}},"4":{"start":{"line":11,"column":17},"end":{"line":11,"column":31}},"5":{"start":{"line":14,"column":0},"end":{"line":118,"column":2}},"6":{"start":{"line":18,"column":15},"end":{"line":18,"column":41}},"7":{"start":{"line":20,"column":4},"end":{"line":47,"column":7}},"8":{"start":{"line":21,"column":8},"end":{"line":21,"column":45}},"9":{"start":{"line":25,"column":8},"end":{"line":30,"column":9}},"10":{"start":{"line":31,"column":8},"end":{"line":45,"column":9}},"11":{"start":{"line":49,"column":4},"end":{"line":51,"column":7}},"12":{"start":{"line":50,"column":8},"end":{"line":50,"column":26}},"13":{"start":{"line":52,"column":4},"end":{"line":66,"column":6}},"14":{"start":{"line":53,"column":8},"end":{"line":53,"column":75}},"15":{"start":{"line":54,"column":8},"end":{"line":65,"column":11}},"16":{"start":{"line":55,"column":12},"end":{"line":55,"column":43}},"17":{"start":{"line":56,"column":12},"end":{"line":56,"column":49}},"18":{"start":{"line":57,"column":12},"end":{"line":57,"column":75}},"19":{"start":{"line":58,"column":12},"end":{"line":58,"column":36}},"20":{"start":{"line":59,"column":12},"end":{"line":59,"column":48}},"21":{"start":{"line":60,"column":12},"end":{"line":60,"column":45}},"22":{"start":{"line":61,"column":12},"end":{"line":63,"column":14}},"23":{"start":{"line":64,"column":12},"end":{"line":64,"column":19}},"24":{"start":{"line":67,"column":4},"end":{"line":81,"column":6}},"25":{"start":{"line":68,"column":21},"end":{"line":68,"column":41}},"26":{"start":{"line":69,"column":8},"end":{"line":69,"column":69}},"27":{"start":{"line":70,"column":8},"end":{"line":80,"column":11}},"28":{"start":{"line":71,"column":12},"end":{"line":71,"column":43}},"29":{"start":{"line":72,"column":12},"end":{"line":72,"column":49}},"30":{"start":{"line":73,"column":12},"end":{"line":73,"column":75}},"31":{"start":{"line":74,"column":12},"end":{"line":74,"column":36}},"32":{"start":{"line":75,"column":12},"end":{"line":75,"column":54}},"33":{"start":{"line":76,"column":12},"end":{"line":78,"column":14}},"34":{"start":{"line":79,"column":12},"end":{"line":79,"column":19}},"35":{"start":{"line":82,"column":4},"end":{"line":94,"column":6}},"36":{"start":{"line":83,"column":23},"end":{"line":87,"column":10}},"37":{"start":{"line":88,"column":8},"end":{"line":88,"column":75}},"38":{"start":{"line":89,"column":8},"end":{"line":93,"column":11}},"39":{"start":{"line":90,"column":12},"end":{"line":90,"column":48}},"40":{"start":{"line":92,"column":12},"end":{"line":92,"column":19}},"41":{"start":{"line":95,"column":4},"end":{"line":106,"column":6}},"42":{"start":{"line":96,"column":23},"end":{"line":99,"column":9}},"43":{"start":{"line":100,"column":8},"end":{"line":100,"column":75}},"44":{"start":{"line":101,"column":8},"end":{"line":105,"column":11}},"45":{"start":{"line":102,"column":12},"end":{"line":102,"column":72}},"46":{"start":{"line":103,"column":12},"end":{"line":103,"column":74}},"47":{"start":{"line":104,"column":12},"end":{"line":104,"column":19}},"48":{"start":{"line":107,"column":4},"end":{"line":117,"column":6}},"49":{"start":{"line":108,"column":8},"end":{"line":108,"column":75}},"50":{"start":{"line":109,"column":8},"end":{"line":116,"column":11}},"51":{"start":{"line":110,"column":12},"end":{"line":114,"column":13}},"52":{"start":{"line":111,"column":16},"end":{"line":113,"column":17}},"53":{"start":{"line":112,"column":20},"end":{"line":112,"column":51}},"54":{"start":{"line":115,"column":12},"end":{"line":115,"column":19}},"55":{"start":{"line":121,"column":0},"end":{"line":224,"column":2}},"56":{"start":{"line":126,"column":4},"end":{"line":153,"column":7}},"57":{"start":{"line":127,"column":8},"end":{"line":127,"column":45}},"58":{"start":{"line":129,"column":8},"end":{"line":134,"column":9}},"59":{"start":{"line":137,"column":8},"end":{"line":151,"column":9}},"60":{"start":{"line":155,"column":4},"end":{"line":157,"column":7}},"61":{"start":{"line":156,"column":8},"end":{"line":156,"column":26}},"62":{"start":{"line":158,"column":4},"end":{"line":172,"column":6}},"63":{"start":{"line":159,"column":8},"end":{"line":159,"column":75}},"64":{"start":{"line":160,"column":8},"end":{"line":171,"column":11}},"65":{"start":{"line":161,"column":12},"end":{"line":161,"column":43}},"66":{"start":{"line":162,"column":12},"end":{"line":162,"column":49}},"67":{"start":{"line":163,"column":12},"end":{"line":163,"column":75}},"68":{"start":{"line":164,"column":12},"end":{"line":164,"column":36}},"69":{"start":{"line":165,"column":12},"end":{"line":165,"column":48}},"70":{"start":{"line":166,"column":12},"end":{"line":166,"column":45}},"71":{"start":{"line":167,"column":12},"end":{"line":169,"column":14}},"72":{"start":{"line":170,"column":12},"end":{"line":170,"column":19}},"73":{"start":{"line":173,"column":4},"end":{"line":187,"column":6}},"74":{"start":{"line":174,"column":21},"end":{"line":174,"column":41}},"75":{"start":{"line":175,"column":8},"end":{"line":175,"column":69}},"76":{"start":{"line":176,"column":8},"end":{"line":186,"column":11}},"77":{"start":{"line":177,"column":12},"end":{"line":177,"column":43}},"78":{"start":{"line":178,"column":12},"end":{"line":178,"column":49}},"79":{"start":{"line":179,"column":12},"end":{"line":179,"column":75}},"80":{"start":{"line":180,"column":12},"end":{"line":180,"column":36}},"81":{"start":{"line":181,"column":12},"end":{"line":181,"column":53}},"82":{"start":{"line":182,"column":12},"end":{"line":184,"column":14}},"83":{"start":{"line":185,"column":12},"end":{"line":185,"column":19}},"84":{"start":{"line":188,"column":4},"end":{"line":199,"column":6}},"85":{"start":{"line":189,"column":22},"end":{"line":193,"column":10}},"86":{"start":{"line":194,"column":8},"end":{"line":194,"column":75}},"87":{"start":{"line":195,"column":8},"end":{"line":198,"column":11}},"88":{"start":{"line":196,"column":12},"end":{"line":196,"column":47}},"89":{"start":{"line":197,"column":12},"end":{"line":197,"column":19}},"90":{"start":{"line":200,"column":4},"end":{"line":212,"column":6}},"91":{"start":{"line":201,"column":22},"end":{"line":204,"column":9}},"92":{"start":{"line":205,"column":8},"end":{"line":205,"column":75}},"93":{"start":{"line":206,"column":8},"end":{"line":211,"column":11}},"94":{"start":{"line":207,"column":12},"end":{"line":207,"column":69}},"95":{"start":{"line":208,"column":12},"end":{"line":208,"column":71}},"96":{"start":{"line":210,"column":12},"end":{"line":210,"column":19}},"97":{"start":{"line":213,"column":4},"end":{"line":223,"column":6}},"98":{"start":{"line":214,"column":8},"end":{"line":214,"column":75}},"99":{"start":{"line":215,"column":8},"end":{"line":222,"column":11}},"100":{"start":{"line":216,"column":12},"end":{"line":220,"column":13}},"101":{"start":{"line":217,"column":16},"end":{"line":219,"column":17}},"102":{"start":{"line":218,"column":20},"end":{"line":218,"column":51}},"103":{"start":{"line":221,"column":12},"end":{"line":221,"column":19}},"104":{"start":{"line":225,"column":0},"end":{"line":363,"column":2}},"105":{"start":{"line":230,"column":4},"end":{"line":283,"column":7}},"106":{"start":{"line":231,"column":8},"end":{"line":231,"column":45}},"107":{"start":{"line":233,"column":8},"end":{"line":238,"column":9}},"108":{"start":{"line":239,"column":8},"end":{"line":281,"column":9}},"109":{"start":{"line":285,"column":4},"end":{"line":287,"column":7}},"110":{"start":{"line":286,"column":8},"end":{"line":286,"column":26}},"111":{"start":{"line":288,"column":4},"end":{"line":299,"column":6}},"112":{"start":{"line":289,"column":8},"end":{"line":289,"column":75}},"113":{"start":{"line":290,"column":8},"end":{"line":298,"column":11}},"114":{"start":{"line":291,"column":12},"end":{"line":291,"column":43}},"115":{"start":{"line":292,"column":12},"end":{"line":292,"column":49}},"116":{"start":{"line":293,"column":12},"end":{"line":293,"column":75}},"117":{"start":{"line":294,"column":12},"end":{"line":294,"column":36}},"118":{"start":{"line":295,"column":12},"end":{"line":295,"column":48}},"119":{"start":{"line":296,"column":12},"end":{"line":296,"column":45}},"120":{"start":{"line":297,"column":12},"end":{"line":297,"column":19}},"121":{"start":{"line":300,"column":4},"end":{"line":310,"column":6}},"122":{"start":{"line":301,"column":20},"end":{"line":301,"column":40}},"123":{"start":{"line":302,"column":8},"end":{"line":302,"column":68}},"124":{"start":{"line":303,"column":8},"end":{"line":309,"column":11}},"125":{"start":{"line":304,"column":12},"end":{"line":304,"column":43}},"126":{"start":{"line":305,"column":12},"end":{"line":305,"column":49}},"127":{"start":{"line":306,"column":12},"end":{"line":306,"column":75}},"128":{"start":{"line":307,"column":12},"end":{"line":307,"column":36}},"129":{"start":{"line":308,"column":12},"end":{"line":308,"column":19}},"130":{"start":{"line":311,"column":4},"end":{"line":332,"column":6}},"131":{"start":{"line":312,"column":21},"end":{"line":325,"column":13}},"132":{"start":{"line":326,"column":8},"end":{"line":326,"column":75}},"133":{"start":{"line":327,"column":8},"end":{"line":331,"column":11}},"134":{"start":{"line":328,"column":12},"end":{"line":328,"column":42}},"135":{"start":{"line":330,"column":12},"end":{"line":330,"column":19}},"136":{"start":{"line":333,"column":4},"end":{"line":356,"column":6}},"137":{"start":{"line":334,"column":21},"end":{"line":349,"column":9}},"138":{"start":{"line":350,"column":8},"end":{"line":350,"column":75}},"139":{"start":{"line":351,"column":8},"end":{"line":355,"column":11}},"140":{"start":{"line":352,"column":12},"end":{"line":352,"column":85}},"141":{"start":{"line":354,"column":12},"end":{"line":354,"column":19}},"142":{"start":{"line":357,"column":4},"end":{"line":362,"column":6}},"143":{"start":{"line":358,"column":8},"end":{"line":358,"column":75}},"144":{"start":{"line":359,"column":8},"end":{"line":361,"column":11}},"145":{"start":{"line":360,"column":12},"end":{"line":360,"column":19}}},"fnMap":{"0":{"name":"(anonymous_0)","decl":{"start":{"line":14,"column":34},"end":{"line":14,"column":35}},"loc":{"start":{"line":14,"column":40},"end":{"line":118,"column":1}},"line":14},"1":{"name":"(anonymous_1)","decl":{"start":{"line":20,"column":15},"end":{"line":20,"column":16}},"loc":{"start":{"line":20,"column":21},"end":{"line":47,"column":5}},"line":20},"2":{"name":"(anonymous_2)","decl":{"start":{"line":49,"column":14},"end":{"line":49,"column":15}},"loc":{"start":{"line":49,"column":20},"end":{"line":51,"column":5}},"line":49},"3":{"name":"(anonymous_3)","decl":{"start":{"line":52,"column":48},"end":{"line":52,"column":49}},"loc":{"start":{"line":52,"column":64},"end":{"line":66,"column":5}},"line":52},"4":{"name":"(anonymous_4)","decl":{"start":{"line":54,"column":56},"end":{"line":54,"column":57}},"loc":{"start":{"line":54,"column":82},"end":{"line":65,"column":9}},"line":54},"5":{"name":"(anonymous_5)","decl":{"start":{"line":67,"column":35},"end":{"line":67,"column":36}},"loc":{"start":{"line":67,"column":51},"end":{"line":81,"column":5}},"line":67},"6":{"name":"(anonymous_6)","decl":{"start":{"line":70,"column":57},"end":{"line":70,"column":58}},"loc":{"start":{"line":70,"column":83},"end":{"line":80,"column":9}},"line":70},"7":{"name":"(anonymous_7)","decl":{"start":{"line":82,"column":44},"end":{"line":82,"column":45}},"loc":{"start":{"line":82,"column":60},"end":{"line":94,"column":5}},"line":82},"8":{"name":"(anonymous_8)","decl":{"start":{"line":89,"column":67},"end":{"line":89,"column":68}},"loc":{"start":{"line":89,"column":93},"end":{"line":93,"column":9}},"line":89},"9":{"name":"(anonymous_9)","decl":{"start":{"l
[...]
":{"line":80,"column":32}},"32":{"start":{"line":81,"column":4},"end":{"line":84,"column":6}},"33":{"start":{"line":82,"column":8},"end":{"line":82,"column":37}},"34":{"start":{"line":83,"column":8},"end":{"line":83,"column":48}},"35":{"start":{"line":85,"column":4},"end":{"line":91,"column":6}},"36":{"start":{"line":86,"column":8},"end":{"line":90,"column":14}},"37":{"start":{"line":88,"column":16},"end":{"line":88,"column":51}},"38":{"start":{"line":89,"column":16},"end":{"line":89,"column":52}},"39":{"start":{"line":94,"column":0},"end":{"line":112,"column":2}},"40":{"start":{"line":96,"column":4},"end":{"line":98,"column":6}},"41":{"start":{"line":97,"column":8},"end":{"line":97,"column":80}},"42":{"start":{"line":99,"column":4},"end":{"line":101,"column":6}},"43":{"start":{"line":100,"column":8},"end":{"line":100,"column":28}},"44":{"start":{"line":102,"column":4},"end":{"line":105,"column":6}},"45":{"start":{"line":103,"column":8},"end":{"line":103,"column":36}},"46":{"start":{"line":104,"column":8},"end":{"line":104,"column":54}},"47":{"start":{"line":106,"column":4},"end":{"line":111,"column":6}},"48":{"start":{"line":107,"column":8},"end":{"line":110,"column":14}},"49":{"start":{"line":109,"column":16},"end":{"line":109,"column":48}},"50":{"start":{"line":114,"column":0},"end":{"line":128,"column":6}},"51":{"start":{"line":117,"column":8},"end":{"line":119,"column":10}},"52":{"start":{"line":118,"column":12},"end":{"line":118,"column":76}},"53":{"start":{"line":120,"column":8},"end":{"line":122,"column":10}},"54":{"start":{"line":121,"column":12},"end":{"line":121,"column":32}},"55":{"start":{"line":123,"column":8},"end":{"line":127,"column":10}},"56":{"start":{"line":124,"column":12},"end":{"line":126,"column":14}},"57":{"start":{"line":125,"column":16},"end":{"line":125,"column":42}}},"fnMap":{"0":{"name":"(anonymous_0)","decl":{"start":{"line":14,"column":36},"end":{"line":14,"column":37}},"loc":{"start":{"line":14,"column":48},"end":{"line":51,"column":1}},"line":14},"1":{"name":"(anonymous_1)","decl":{"start":{"line":17,"column":15},"end":{"line":17,"column":16}},"loc":{"start":{"line":17,"column":21},"end":{"line":41,"column":5}},"line":17},"2":{"name":"(anonymous_2)","decl":{"start":{"line":42,"column":14},"end":{"line":42,"column":15}},"loc":{"start":{"line":42,"column":20},"end":{"line":44,"column":5}},"line":42},"3":{"name":"(anonymous_3)","decl":{"start":{"line":45,"column":49},"end":{"line":45,"column":50}},"loc":{"start":{"line":45,"column":61},"end":{"line":50,"column":5}},"line":45},"4":{"name":"(anonymous_4)","decl":{"start":{"line":46,"column":44},"end":{"line":46,"column":45}},"loc":{"start":{"line":46,"column":53},"end":{"line":49,"column":9}},"line":46},"5":{"name":"(anonymous_5)","decl":{"start":{"line":54,"column":37},"end":{"line":54,"column":38}},"loc":{"start":{"line":54,"column":49},"end":{"line":70,"column":1}},"line":54},"6":{"name":"(anonymous_6)","decl":{"start":{"line":56,"column":15},"end":{"line":56,"column":16}},"loc":{"start":{"line":56,"column":21},"end":{"line":58,"column":5}},"line":56},"7":{"name":"(anonymous_7)","decl":{"start":{"line":59,"column":19},"end":{"line":59,"column":20}},"loc":{"start":{"line":59,"column":25},"end":{"line":61,"column":5}},"line":59},"8":{"name":"(anonymous_8)","decl":{"start":{"line":62,"column":22},"end":{"line":62,"column":23}},"loc":{"start":{"line":62,"column":28},"end":{"line":62,"column":32}},"line":62},"9":{"name":"(anonymous_9)","decl":{"start":{"line":63,"column":38},"end":{"line":63,"column":39}},"loc":{"start":{"line":63,"column":44},"end":{"line":69,"column":5}},"line":63},"10":{"name":"(anonymous_10)","decl":{"start":{"line":65,"column":18},"end":{"line":65,"column":19}},"loc":{"start":{"line":65,"column":30},"end":{"line":68,"column":13}},"line":65},"11":{"name":"(anonymous_11)","decl":{"start":{"line":72,"column":37},"end":{"line":72,"column":38}},"loc":{"start":{"line":72,"column":49},"end":{"line":92,"column":1}},"line":72},"12":{"name":"(anonymous_12)","decl":{"start":{"line":74,"column":15},"end":{"line":74,"column":16}},"loc":{"start":{"line":74,"column":21},"end":{"line":76,"column":5}},"line":74},"13":{"name":"(anonymous_13)","decl":{"start":{"line":77,"column":19},"end":{"line":77,"column":20}},"loc":{"start":{"line":77,"column":25},"end":{"line":79,"column":5}},"line":77},"14":{"name":"(anonymous_14)","decl":{"start":{"line":80,"column":22},"end":{"line":80,"column":23}},"loc":{"start":{"line":80,"column":28},"end":{"line":80,"column":32}},"line":80},"15":{"name":"(anonymous_15)","decl":{"start":{"line":81,"column":41},"end":{"line":81,"column":42}},"loc":{"start":{"line":81,"column":53},"end":{"line":84,"column":5}},"line":81},"16":{"name":"(anonymous_16)","decl":{"start":{"line":85,"column":42},"end":{"line":85,"column":43}},"loc":{"start":{"line":85,"column":48},"end":{"line":91,"column":5}},"line":85},"17":{"name":"(anonymous_17)","decl":{"start":{"line":87,"column":18},"end":{"line":87,"column":19}},"loc":{"start":{"line":87,"column":30},"end":{"line":90,"column":13}},"line":87},"18":{"name":"(anonymous_18)","decl":{"start":{"line":94,"column":36},"end":{"line":94,"column":37}},"loc":{"start":{"line":94,"column":48},"end":{"line":112,"column":1}},"line":94},"19":{"name":"(anonymous_19)","decl":{"start":{"line":96,"column":15},"end":{"line":96,"column":16}},"loc":{"start":{"line":96,"column":21},"end":{"line":98,"column":5}},"line":96},"20":{"name":"(anonymous_20)","decl":{"start":{"line":99,"column":14},"end":{"line":99,"column":15}},"loc":{"start":{"line":99,"column":20},"end":{"line":101,"column":5}},"line":99},"21":{"name":"(anonymous_21)","decl":{"start":{"line":102,"column":48},"end":{"line":102,"column":49}},"loc":{"start":{"line":102,"column":60},"end":{"line":105,"column":5}},"line":102},"22":{"name":"(anonymous_22)","decl":{"start":{"line":106,"column":53},"end":{"line":106,"column":54}},"loc":{"start":{"line":106,"column":65},"end":{"line":111,"column":5}},"line":106},"23":{"name":"(anonymous_23)","decl":{"start":{"line":108,"column":18},"end":{"line":108,"column":19}},"loc":{"start":{"line":108,"column":27},"end":{"line":110,"column":13}},"line":108},"24":{"name":"(anonymous_24)","decl":{"start":{"line":115,"column":4},"end":{"line":115,"column":5}},"loc":{"start":{"line":115,"column":16},"end":{"line":128,"column":5}},"line":115},"25":{"name":"(anonymous_25)","decl":{"start":{"line":117,"column":19},"end":{"line":117,"column":20}},"loc":{"start":{"line":117,"column":25},"end":{"line":119,"column":9}},"line":117},"26":{"name":"(anonymous_26)","decl":{"start":{"line":120,"column":18},"end":{"line":120,"column":19}},"loc":{"start":{"line":120,"column":24},"end":{"line":122,"column":9}},"line":120},"27":{"name":"(anonymous_27)","decl":{"start":{"line":123,"column":48},"end":{"line":123,"column":49}},"loc":{"start":{"line":123,"column":60},"end":{"line":127,"column":9}},"line":123},"28":{"name":"(anonymous_28)","decl":{"start":{"line":124,"column":44},"end":{"line":124,"column":45}},"loc":{"start":{"line":124,"column":55},"end":{"line":126,"column":13}},"line":124}},"branchMap":{},"s":{"0":0,"1":0,"2":0,"3":0,"4":0,"5":0,"6":0,"7":0,"8":0,"9":0,"10":0,"11":0,"12":0,"13":0,"14":0,"15":0,"16":0,"17":0,"18":0,"19":0,"20":0,"21":0,"22":0,"23":0,"24":0,"25":0,"26":0,"27":0,"28":0,"29":0,"30":0,"31":0,"32":0,"33":0,"34":0,"35":0,"36":0,"37":0,"38":0,"39":0,"40":0,"41":0,"42":0,"43":0,"44":0,"45":0,"46":0,"47":0,"48":0,"49":0,"50":0,"51":0,"52":0,"53":0,"54":0,"55":0,"56":0,"57":0},"f":{"0":0,"1":0,"2":0,"3":0,"4":0,"5":0,"6":0,"7":0,"8":0,"9":0,"10":0,"11":0,"12":0,"13":0,"14":0,"15":0,"16":0,"17":0,"18":0,"19":0,"20":0,"21":0,"22":0,"23":0,"24":0,"25":0,"26":0,"27":0,"28":0},"b":{}},"F:\\projects\\customerOrders-server\\tests\\services\\productService.test.ts":{"path":"F:\\projects\\customerOrders-server\\tests\\services\\productService.test.ts","statementMap":{"0":{"start":{"line":7,"column":13},"end":{"line":7,"column":24}},"1":{"start":{"line":9,"column":0},"end":{"line":9,"column":25}},"2":{"start":{"line":10,"column":0},"end":{"line":10,"column":20}},"3":{"start":{"line":12,"column":23},"end":{"line":12,"column":43}},"4":{"start":{"line":13,"column":0},"end":{"line":39,"column":2}},"5":{"start":{"line":16,"column":4},"end":{"line":28,"column":6}},"6":{"start":{"line":17,"column":8},"end":{"line":17,"column":95}},"7":{"start":{"line":18,"column":8},"end":{"line":27,"column":9}},"8":{"start":{"line":29,"column":4},"end":{"line":31,"column":6}},"9":{"start":{"line":30,"column":8},"end":{"line":30,"column":27}},"10":{"start":{"line":32,"column":4},"end":{"line":38,"column":6}},"11":{"start":{"line":33,"column":8},"end":{"line":33,"column":40}},"12":{"start":{"line":34,"column":8},"end":{"line":37,"column":10}},"13":{"start":{"line":35,"column":12},"end":{"line":35,"column":59}},"14":{"start":{"line":36,"column":12},"end":{"line":36,"column":55}},"15":{"start":{"line":41,"column":0},"end":{"line":57,"column":2}},"16":{"start":{"line":43,"column":4},"end":{"line":45,"column":6}},"17":{"start":{"line":44,"column":8},"end":{"line":44,"column":81}},"18":{"start":{"line":46,"column":4},"end":{"line":48,"column":6}},"19":{"start":{"line":47,"column":8},"end":{"line":47,"column":23}},"20":{"start":{"line":49,"column":4},"end":{"line":49,"column":33}},"21":{"start":{"line":49,"column":28},"end":{"line":49,"column":32}},"22":{"start":{"line":50,"column":4},"end":{"line":56,"column":6}},"23":{"start":{"line":51,"column":8},"end":{"line":55,"column":14}},"24":{"start":{"line":53,"column":16},"end":{"line":53,"column":51}},"25":{"start":{"line":54,"column":16},"end":{"line":54,"column":52}},"26":{"start":{"line":59,"column":0},"end":{"line":79,"column":2}},"27":{"start":{"line":61,"column":4},"end":{"line":63,"column":6}},"28":{"start":{"line":62,"column":8},"end":{"line":62,"column":77}},"29":{"start":{"line":64,"column":4},"end":{"line":66,"column":6}},"30":{"start":{"line":65,"column":8},"end":{"line":65,"column":23}},"31":{"start":{"line":67,"column":4},"end":{"line":67,"column":33}},"32":{"start":{"line":67,"column":28},"end":{"line":67,"column":32}},"33":{"start":{"line":68,"column":4},"end":{"line":71,"column":6}},"34":{"start":{"line":69,"column":8},"end":{"line":69,"column":37}},"35":{"start":{"line":70,"column":8},"end":{"line":70,"column":48}},"36":{"start":{"line":72,"column":4},"end":{"line":78,"column":6}},"37":{"start":{"line":73,"column":8},"end":{"line":77,"column":14}},"38":{"start":{"line":75,"column":16},"end":{"line":75,"column":51}},"39":{"start":{"line":76,"column":16},"end":{"line":76,"column":52}},"40":{"start":{"line":81,"column":0},"end":{"line":108,"column":2}},"41":{"start":{"line":84,"column":4},"end":{"line":93,"column":6}},"42":{"start":{"line":85,"column":8},"end":{"line":85,"column":85}},"43":{"start":{"line":86,"column":8},"end":{"line":92,"column":9}},"44":{"start":{"line":94,"column":4},"end":{"line":96,"column":6}},"45":{"start":{"line":95,"column":8},"end":{"line":95,"column":28}},"46":{"start":{"line":97,"column":4},"end":{"line":101,"column":6}},"47":{"start":{"line":98,"column":8},"end":{"line":98,"column":44}},"48":{"start":{"line":99,"column":8},"end":{"line":99,"column":57}},"49":{"start":{"line":100,"column":8},"end":{"line":100,"column":40}},"50":{"start":{"line":102,"column":4},"end":{"line":107,"column":6}},"51":{"start":{"line":103,"column":8},"end":{"line":106,"column":14}},"52":{"start":{"line":105,"column":16},"end":{"line":105,"column":48}},"53":{"start":{"line":110,"column":0},"end":{"line":128,"column":2}},"54":{"start":{"line":112,"column":4},"end":{"line":114,"column":6}},"55":{"start":{"line":113,"column":8},"end":{"line":113,"column":84}},"56":{"start":{"line":115,"column":4},"end":{"line":117,"column":6}},"57":{"start":{"line":116,"column":8},"end":{"line":116,"column":28}},"58":{"start":{"line":118,"column":4},"end":{"line":121,"column":6}},"59":{"start":{"line":119,"column":8},"end":{"line":119,"column":40}},"60":{"start":{"line":120,"column":8},"end":{"line":120,"column":54}},"61":{"start":{"line":122,"column":4},"end":{"line":127,"column":6}},"62":{"start":{"line":123,"column":8},"end":{"line":126,"column":14}},"63":{"start":{"line":125,"column":16},"end":{"line":125,"column":48}},"64":{"start":{"line":130,"column":0},"end":{"line":144,"column":6}},"65":{"start":{"line":133,"column":8},"end":{"line":135,"column":10}},"66":{"start":{"line":134,"column":12},"end":{"line":134,"column":80}},"67":{"start":{"line":136,"column":8},"end":{"line":138,"column":10}},"68":{"start":{"line":137,"column":12},"end":{"line":137,"column":32}},"69":{"start":{"line":139,"column":8},"end":{"line":143,"column":10}},"70":{"start":{"line":140,"column":12},"end":{"line":142,"column":14}},"71":{"start":{"line":141,"column":16},"end":{"line":141,"column":42}}},"fnMap":{"0":{"name":"(anonymous_0)","decl":{"start":{"line":13,"column":39},"end":{"line":13,"column":40}},"loc":{"start":{"line":13,"column":51},"end":{"line":39,"column":1}},"line":13},"1":{"name":"(anonymous_1)","decl":{"start":{"line":16,"column":15},"end":{"line":16,"column":16}},"loc":{"start":{"line":16,"column":21},"end":{"line":28,"column":5}},"line":16},"2":{"name":"(anonymous_2)","decl":{"start":{"line":29,"column":14},"end":{"line":29,"column":15}},"loc":{"start":{"line":29,"column":20},"end":{"line":31,"column":5}},"line":29},"3":{"name":"(anonymous_3)","decl":{"start":{"line":32,"column":49},"end":{"line":32,"column":50}},"loc":{"start":{"line":32,"column":61},"end":{"line":38,"column":5}},"line":32},"4":{"name":"(anonymous_4)","decl":{"start":{"line":34,"column":49},"end":{"line":34,"column":50}},"loc":{"start":{"line":34,"column":58},"end":{"line":37,"column":9}},"line":34},"5":{"name":"(anonymous_5)","decl":{"start":{"line":41,"column":39},"end":{"line":41,"column":40}},"loc":{"start":{"line":41,"column":51},"end":{"line":57,"column":1}},"line":41},"6":{"name":"(anonymous_6)","decl":{"start":{"line":43,"column":15},"end":{"line":43,"column":16}},"loc":{"start":{"line":43,"column":21},"end":{"line":45,"column":5}},"line":43},"7":{"name":"(anonymous_7)","decl":{"start":{"line":46,"column":19},"end":{"line":46,"column":20}},"loc":{"start":{"line":46,"column":25},"end":{"line":48,"column":5}},"line":46},"8":{"name":"(anonymous_8)","decl":{"start":{"line":49,"column":22},"end":{"line":49,"column":23}},"loc":{"start":{"line":49,"column":28},"end":{"line":49,"column":32}},"line":49},"9":{"name":"(anonymous_9)","decl":{"start":{"line":50,"column":38},"end":{"line":50,"column":39}},"loc":{"start":{"line":50,"column":44},"end":{"line":56,"column":5}},"line":50},"10":{"name":"(anonymous_10)","decl":{"start":{"line":52,"column":18},"end":{"line":52,"column":19}},"loc":{"start":{"line":52,"column":30},"end":{"line":55,"column":13}},"line":52},"11":{"name":"(anonymous_11)","decl":{"start":{"line":59,"column":35},"end":{"line":59,"column":36}},"loc":{"start":{"line":59,"column":47},"end":{"line":79,"column":1}},"line":59},"12":{"name":"(anonymous_12)","decl":{"start":{"line":61,"column":15},"end":{"line":61,"column":16}},"loc":{"start":{"line":61,"column":21},"end":{"line":63,"column":5}},"line":61},"13":{"name":"(anonymous_13)","decl":{"start":{"line":64,"column":19},"end":{"line":64,"column":20}},"loc":{"start":{"line":64,"column":25},"end":{"line":66,"column":5}},"line":64},"14":{"name":"(anonymous_14)","decl":{"start":{"line":67,"column":22},"end":{"line":67,"column":23}},"loc":{"start":{"line":67,"column":28},"end":{"line":67,"column":32}},"line":67},"15":{"name":"(anonymous_15)","decl":{"start":{"line":68,"column":41},"end":{"line":68,"column":42}},"loc":{"start":{"line":68,"column":53},"end":{"line":71,"column":5}},"line":68},"16":{"name":"(anonymous_16)","decl":{"start":{"line":72,"column":42},"end":{"line":72,"column":43}},"loc":{"start":{"line":72,"column":48},"end":{"line":78,"column":5}},"line":72},"17":{"name":"(anonymous_17)","decl":{"start":{"line":74,"column":18},"end":{"line":74,"column":19}},"loc":{"start":{"line":74,"column":30},"end":{"line":77,"column":13}},"line":74},"18":{"name":"(anonymous_18)","decl":{"start":{"line":81,"column":39},"end":{"line":81,"column":40}},"loc":{"start":{"line":81,"column":51},"end":{"line":108,"column":1}},"line":81},"19":{"name":"(anonymous_19)","decl":{"start":{"line":84,"column":15},"end":{"line":84,"column":16}},"loc":{"start":{"line":84,"column":21},"end":{"line":93,"column":5}},"line":84},"20":{"name":"(anonymous_20)","decl":{"start":{"line":94,"column":14},"end":{"line":94,"column":15}},"loc":{"start":{"line":94,"column":20},"end":{"line":96,"column":5}},"line":94},"21":{"name":"(anonymous_21)","decl":{"start":{"line":97,"column":51},"end":{"line":97,"column":52}},"loc":{"start":{"line":97,"column":63},"end":{"line":101,"column":5}},"line":97},"22":{"name":"(anonymous_22)","decl":{"start":{"line":102,"column":53},"end":{"line":102,"column":54}},"loc":{"start":{"line":102,"column":65},"end":{"line":107,"column":5}},"line":102},"23":{"name":"(anonymous_23)","decl":{"start":{"line":104,"column":18},"end":{"line":104,"column":19}},"loc":{"start":{"line":104,"column":27},"end":{"line":106,"column":13}},"line":104},"24":{"name":"(anonymous_24)","decl":{"start":{"line":110,"column":38},"end":{"line":110,"column":39}},"loc":{"start":{"line":110,"column":50},"end":{"line":128,"column":1}},"line":110},"25":{"name":"(anonymous_25)","decl":{"start":{"line":112,"column":15},"end":{"line":112,"column":16}},"loc":{"start":{"line":112,"column":21},"end":{"line":114,"column":5}},"line":112},"26":{"name":"(anonymous_26)","decl":{"start":{"line":115,"column":14},"end":{"line":115,"column":15}},"loc":{"start":{"line":115,"column":20},"end":{"line":117,"column":5}},"line":115},"27":{"name":"(anonymous_27)","decl":{"start":{"line":118,"column":48},"end":{"line":118,"column":49}},"loc":{"start":{"line":118,"column":60},"end":{"line":121,"column":5}},"line":118},"28":{"name":"(anonymous_28)","decl":{"start":{"line":122,"column":53},"end":{"line":122,"column":54}},"loc":{"start":{"line":122,"column":65},"end":{"line":127,"column":5}},"line":122},"29":{"name":"(anonymous_29)","decl":{"start":{"line":124,"column":18},"end":{"line":124,"column":19}},"loc":{"start":{"line":124,"column":27},"end":{"line":126,"column":13}},"line":124},"30":{"name":"(anonymous_30)","decl":{"start":{"line":131,"column":4},"end":{"line":131,"column":5}},"loc":{"start":{"line":131,"column":16},"end":{"line":144,"column":5}},"line":131},"31":{"name":"(anonymous_31)","decl":{"start":{"line":133,"column":19},"end":{"line":133,"column":20}},"loc":{"start":{"line":133,"column":25},"end":{"line":135,"column":9}},"line":133},"32":{"name":"(anonymous_32)","decl":{"start":{"line":136,"column":18},"end":{"line":136,"column":19}},"loc":{"start":{"line":136,"column":24},"end":{"line":138,"column":9}},"line":136},"33":{"name":"(anonymous_33)","decl":{"start":{"line":139,"column":48},"end":{"line":139,"column":49}},"loc":{"start":{"line":139,"column":60},"end":{"line":143,"column":9}},"line":139},"34":{"name":"(anonymous_34)","decl":{"start":{"line":140,"column":48},"end":{"line":140,"column":49}},"loc":{"start":{"line":140,"column":59},"end":{"line":142,"column":13}},"line":140}},"branchMap":{},"s":{"0":0,"1":0,"2":0,"3":0,"4":0,"5":0,"6":0,"7":0,"8":0,"9":0,"10":0,"11":0,"12":0,"13":0,"14":0,"15":0,"16":0,"17":0,"18":0,"19":0,"20":0,"21":0,"22":0,"23":0,"24":0,"25":0,"26":0,"27":0,"28":0,"29":0,"30":0,"31":0,"32":0,"33":0,"34":0,"35":0,"36":0,"37":0,"38":0,"39":0,"40":0,"41":0,"42":0,"43":0,"44":0,"45":0,"46":0,"47":0,"48":0,"49":0,"50":0,"51":0,"52":0,"53":0,"54":0,"55":0,"56":0,"57":0,"58":0,"59":0,"60":0,"61":0,"62":0,"63":0,"64":0,"65":0,"66":0,"67":0,"68":0,"69":0,"70":0,"71":0},"f":{"0":0,"1":0,"2":0,"3":0,"4":0,"5":0,"6":0,"7":0,"8":0,"9":0,"10":0,"11":0,"12":0,"13":0,"14":0,"15":0,"16":0,"17":0,"18":0,"19":0,"20":0,"21":0,"22":0,"23":0,"24":0,"25":0,"26":0,"27":0,"28":0,"29":0,"30":0,"31":0,"32":0,"33":0,"34":0},"b":{}}}