{"F:\\projects\\customerOrders-server\\tests\\data\\repositories\\baseRepository.test.ts":{"path":"F:\\projects\\customerOrders-server\\tests\\data\\repositories\\baseRepository.test.ts","statementMap":{"0":{"start":{"line":2,"column":0},"end":{"line":2,"column":62}},"1":{"start":{"line":3,"column":23},"end":{"line":3,"column":73}},"2":{"start":{"line":4,"column":24},"end":{"line":4,"column":50}},"3":{"start":{"line":5,"column":14},"end":{"line":5,"column":30}},"4":{"start":{"line":6,"column":18},"end":{"line":6,"column":39}},"5":{"start":{"line":7,"column":23},"end":{"line":7,"column":50}},"6":{"start":{"line":8,"column":13},"end":{"line":8,"column":28}},"7":{"start":{"line":9,"column":13},"end":{"line":9,"column":24}},"8":{"start":{"line":10,"column":0},"end":{"line":10,"column":25}},"9":{"start":{"line":11,"column":0},"end":{"line":11,"column":20}},"10":{"start":{"line":12,"column":23},"end":{"line":12,"column":58}},"11":{"start":{"line":13,"column":22},"end":{"line":13,"column":57}},"12":{"start":{"line":14,"column":0},"end":{"line":26,"column":3}},"13":{"start":{"line":15,"column":4},"end":{"line":25,"column":7}},"14":{"start":{"line":16,"column":16},"end":{"line":16,"column":17}},"15":{"start":{"line":17,"column":16},"end":{"line":17,"column":17}},"16":{"start":{"line":18,"column":19},"end":{"line":18,"column":24}},"17":{"start":{"line":19,"column":8},"end":{"line":24,"column":11}},"18":{"start":{"line":20,"column":12},"end":{"line":20,"column":45}},"19":{"start":{"line":21,"column":12},"end":{"line":21,"column":19}},"20":{"start":{"line":23,"column":12},"end":{"line":23,"column":22}},"21":{"start":{"line":27,"column":0},"end":{"line":39,"column":3}},"22":{"start":{"line":29,"column":4},"end":{"line":31,"column":7}},"23":{"start":{"line":30,"column":8},"end":{"line":30,"column":77}},"24":{"start":{"line":32,"column":4},"end":{"line":34,"column":7}},"25":{"start":{"line":33,"column":8},"end":{"line":33,"column":23}},"26":{"start":{"line":35,"column":4},"end":{"line":35,"column":34}},"27":{"start":{"line":35,"column":28},"end":{"line":35,"column":32}},"28":{"start":{"line":36,"column":4},"end":{"line":38,"column":7}},"29":{"start":{"line":37,"column":8},"end":{"line":37,"column":79}},"30":{"start":{"line":40,"column":0},"end":{"line":53,"column":3}},"31":{"start":{"line":42,"column":4},"end":{"line":44,"column":7}},"32":{"start":{"line":43,"column":8},"end":{"line":43,"column":73}},"33":{"start":{"line":45,"column":4},"end":{"line":47,"column":7}},"34":{"start":{"line":46,"column":8},"end":{"line":46,"column":30}},"35":{"start":{"line":48,"column":4},"end":{"line":48,"column":41}},"36":{"start":{"line":48,"column":28},"end":{"line":48,"column":39}},"37":{"start":{"line":49,"column":4},"end":{"line":52,"column":7}},"38":{"start":{"line":50,"column":8},"end":{"line":50,"column":75}},"39":{"start":{"line":51,"column":8},"end":{"line":51,"column":55}},"40":{"start":{"line":54,"column":0},"end":{"line":66,"column":3}},"41":{"start":{"line":56,"column":4},"end":{"line":58,"column":7}},"42":{"start":{"line":57,"column":8},"end":{"line":57,"column":66}},"43":{"start":{"line":59,"column":4},"end":{"line":61,"column":7}},"44":{"start":{"line":60,"column":8},"end":{"line":60,"column":23}},"45":{"start":{"line":62,"column":4},"end":{"line":62,"column":34}},"46":{"start":{"line":62,"column":28},"end":{"line":62,"column":32}},"47":{"start":{"line":63,"column":4},"end":{"line":65,"column":7}},"48":{"start":{"line":64,"column":8},"end":{"line":64,"column":73}},"49":{"start":{"line":67,"column":0},"end":{"line":83,"column":3}},"50":{"start":{"line":69,"column":4},"end":{"line":71,"column":7}},"51":{"start":{"line":70,"column":8},"end":{"line":70,"column":71}},"52":{"start":{"line":72,"column":4},"end":{"line":74,"column":7}},"53":{"start":{"line":73,"column":8},"end":{"line":73,"column":23}},"54":{"start":{"line":75,"column":4},"end":{"line":75,"column":34}},"55":{"start":{"line":75,"column":28},"end":{"line":75,"column":32}},"56":{"start":{"line":76,"column":4},"end":{"line":82,"column":7}},"57":{"start":{"line":77,"column":8},"end":{"line":81,"column":11}},"58":{"start":{"line":79,"column":12},"end":{"line":79,"column":76}},"59":{"start":{"line":80,"column":12},"end":{"line":80,"column":39}}},"fnMap":{"0":{"name":"(anonymous_0)","decl":{"start":{"line":14,"column":28},"end":{"line":14,"column":29}},"loc":{"start":{"line":14,"column":40},"end":{"line":26,"column":1}},"line":14},"1":{"name":"(anonymous_1)","decl":{"start":{"line":15,"column":33},"end":{"line":15,"column":34}},"loc":{"start":{"line":15,"column":49},"end":{"line":25,"column":5}},"line":15},"2":{"name":"(anonymous_2)","decl":{"start":{"line":19,"column":47},"end":{"line":19,"column":48}},"loc":{"start":{"line":19,"column":65},"end":{"line":22,"column":9}},"line":19},"3":{"name":"(anonymous_3)","decl":{"start":{"line":22,"column":17},"end":{"line":22,"column":18}},"loc":{"start":{"line":22,"column":32},"end":{"line":24,"column":9}},"line":22},"4":{"name":"(anonymous_4)","decl":{"start":{"line":27,"column":28},"end":{"line":27,"column":29}},"loc":{"start":{"line":27,"column":40},"end":{"line":39,"column":1}},"line":27},"5":{"name":"(anonymous_5)","decl":{"start":{"line":29,"column":15},"end":{"line":29,"column":16}},"loc":{"start":{"line":29,"column":21},"end":{"line":31,"column":5}},"line":29},"6":{"name":"(anonymous_6)","decl":{"start":{"line":32,"column":19},"end":{"line":32,"column":20}},"loc":{"start":{"line":32,"column":25},"end":{"line":34,"column":5}},"line":32},"7":{"name":"(anonymous_7)","decl":{"start":{"line":35,"column":22},"end":{"line":35,"column":23}},"loc":{"start":{"line":35,"column":28},"end":{"line":35,"column":32}},"line":35},"8":{"name":"(anonymous_8)","decl":{"start":{"line":36,"column":38},"end":{"line":36,"column":39}},"loc":{"start":{"line":36,"column":44},"end":{"line":38,"column":5}},"line":36},"9":{"name":"(anonymous_9)","decl":{"start":{"line":40,"column":28},"end":{"line":40,"column":29}},"loc":{"start":{"line":40,"column":40},"end":{"line":53,"column":1}},"line":40},"10":{"name":"(anonymous_10)","decl":{"start":{"line":42,"column":15},"end":{"line":42,"column":16}},"loc":{"start":{"line":42,"column":27},"end":{"line":44,"column":5}},"line":42},"11":{"name":"(anonymous_11)","decl":{"start":{"line":45,"column":14},"end":{"line":45,"column":15}},"loc":{"start":{"line":45,"column":26},"end":{"line":47,"column":5}},"line":45},"12":{"name":"(anonymous_12)","decl":{"start":{"line":48,"column":22},"end":{"line":48,"column":23}},"loc":{"start":{"line":48,"column":28},"end":{"line":48,"column":39}},"line":48},"13":{"name":"(anonymous_13)","decl":{"start":{"line":49,"column":48},"end":{"line":49,"column":49}},"loc":{"start":{"line":49,"column":64},"end":{"line":52,"column":5}},"line":49},"14":{"name":"(anonymous_14)","decl":{"start":{"line":54,"column":29},"end":{"line":54,"column":30}},"loc":{"start":{"line":54,"column":41},"end":{"line":66,"column":1}},"line":54},"15":{"name":"(anonymous_15)","decl":{"start":{"line":56,"column":15},"end":{"line":56,"column":16}},"loc":{"start":{"line":56,"column":21},"end":{"line":58,"column":5}},"line":56},"16":{"name":"(anonymous_16)","decl":{"start":{"line":59,"column":19},"end":{"line":59,"column":20}},"loc":{"start":{"line":59,"column":25},"end":{"line":61,"column":5}},"line":59},"17":{"name":"(anonymous_17)","decl":{"start":{"line":62,"column":22},"end":{"line":62,"column":23}},"loc":{"start":{"line":62,"column":28},"end":{"line":62,"column":32}},"line":62},"18":{"name":"(anonymous_18)","decl":{"start":{"line":63,"column":39},"end":{"line":63,"column":40}},"loc":{"start":{"line":63,"column":45},"end":{"line":65,"column":5}},"line":63},"19":{"name":"(anonymous_19)","decl":{"start":{"line":67,"column":33},"end":{"line":67,"column":34}},"loc":{"start":{"line":67,"column":45},"end":{"line":83,"column":1}},"line":67},"20":{"name":"(anonymous_20)","decl":{"start":{"line":69,"column":15},"end":{"line":69,"column":16}},"loc":{"start":{"line":69,"column":21},"end":{"line":71,"column":5}},"line":69},"21":{"name":"(anonymous_21)","decl":{"start":{"line":72,"column":14},"end":{"line":72,"column":15}},"loc":{"start":{"line":72,"column":20},"end":{"line":74,"column":5}},"line":72},"22":{"name":"(anonymous_22)","decl":{"start":{"line":75,"column":22},"end":{"line":75,"column":23}},"loc":{"start":{"line":75,"column":28},"end":{"line":75,"column":32}},"line":75},"23":{"name":"(anonymous_23)","decl":{"start":{"line":76,"column":45},"end":{"line":76,"column":46}},"loc":{"start":{"line":76,"column":57},"end":{"line":82,"column":5}},"line":76},"24":{"name":"(anonymous_24)","decl":{"start":{"line":78,"column":18},"end":{"line":78,"column":19}},"loc":{"start":{"line":78,"column":29},"end":{"line":81,"column":9}},"line":78}},"branchMap":{},"s":{"0":1,"1":1,"2":1,"3":1,"4":1,"5":1,"6":1,"7":1,"8":1,"9":1,"10":1,"11":1,"12":1,"13":1,"14":1,"15":1,"16":1,"17":1,"18":1,"19":1,"20":0,"21":1,"22":1,"23":2,"24":1,"25":2,"26":1,"27":1,"28":1,"29":1,"30":1,"31":1,"32":2,"33":1,"34":2,"35":1,"36":1,"37":1,"38":1,"39":1,"40":1,"41":1,"42":2,"43":1,"44":2,"45":1,"46":1,"47":1,"48":1,"49":1,"50":1,"51":2,"52":1,"53":2,"54":1,"55":1,"56":1,"57":1,"58":1,"59":1},"f":{"0":1,"1":1,"2":1,"3":0,"4":1,"5":2,"6":2,"7":1,"8":1,"9":1,"10":2,"11":2,"12":1,"13":1,"14":1,"15":2,"16":2,"17":1,"18":1,"19":1,"20":2,"21":2,"22":1,"23":1,"24":1},"b":{},"_coverageSchema":"43e27e138ebf9cfc5966b082cf9a028302ed4184","hash":"6b955114913e1148c5d983eba89a323b5feb42dc","contentHash":"048813f5b60e06b7c409d2c4349ccfae"},"F:\\projects\\customerOrders-server\\data\\repositories\\baseReposity.ts":{"path":"F:\\projects\\customerOrders-server\\data\\repositories\\baseReposity.ts","statementMap":{"0":{"start":{"line":2,"column":0},"end":{"line":2,"column":62}},"1":{"start":{"line":3,"column":21},"end":{"line":3,"column":59}},"2":{"start":{"line":4,"column":24},"end":{"line":4,"column":78}},"3":{"start":{"line":7,"column":8},"end":{"line":7,"column":26}},"4":{"start":{"line":8,"column":8},"end":{"line":8,"column":31}},"5":{"start":{"line":11,"column":8},"end":{"line":11,"column":88}},"6":{"start":{"line":14,"column":8},"end":{"line":20,"column":11}},"7":{"start":{"line":15,"column":12},"end":{"line":19,"column":15}},"8":{"start":{"line":16,"column":16},"end":{"line":17,"column":30}},"9":{"start":{"line":17,"column":20},"end":{"line":17,"column":30}},"10":{"start":{"line":18,"column":16},"end":{"line":18,"column":30}},"11":{"start":{"line":23,"column":8},"end":{"line":33,"column":11}},"12":{"start":{"line":24,"column":12},"end":{"line":32,"column":15}},"13":{"start":{"line":25,"column":16},"end":{"line":31,"column":17}},"14":{"start":{"line":26,"column":20},"end":{"line":26,"column":54}},"15":{"start":{"line":27,"column":20},"end":{"line":27,"column":32}},"16":{"start":{"line":30,"column":20},"end":{"line":30,"column":34}},"17":{"start":{"line":36,"column":8},"end":{"line":46,"column":11}},"18":{"start":{"line":37,"column":12},"end":{"line":45,"column":15}},"19":{"start":{"line":38,"column":16},"end":{"line":44,"column":17}},"20":{"start":{"line":39,"column":20},"end":{"line":39,"column":58}},"21":{"start":{"line":40,"column":20},"end":{"line":40,"column":32}},"22":{"start":{"line":43,"column":20},"end":{"line":43,"column":36}},"23":{"start":{"line":49,"column":8},"end":{"line":59,"column":11}},"24":{"start":{"line":50,"column":12},"end":{"line":58,"column":15}},"25":{"start":{"line":51,"column":16},"end":{"line":57,"column":17}},"26":{"start":{"line":52,"column":20},"end":{"line":52,"column":60}},"27":{"start":{"line":53,"column":20},"end":{"line":53,"column":32}},"28":{"start":{"line":56,"column":20},"end":{"line":56,"column":37}},"29":{"start":{"line":62,"column":30},"end":{"line":62,"column":65}},"30":{"start":{"line":63,"column":8},"end":{"line":69,"column":11}},"31":{"start":{"line":64,"column":12},"end":{"line":68,"column":15}},"32":{"start":{"line":65,"column":16},"end":{"line":65,"column":32}},"33":{"start":{"line":67,"column":16},"end":{"line":67,"column":28}},"34":{"start":{"line":72,"column":0},"end":{"line":72,"column":40}}},"fnMap":{"0":{"name":"(anonymous_0)","decl":{"start":{"line":6,"column":4},"end":{"line":6,"column":5}},"loc":{"start":{"line":6,"column":18},"end":{"line":9,"column":5}},"line":6},"1":{"name":"(anonymous_1)","decl":{"start":{"line":10,"column":4},"end":{"line":10,"column":5}},"loc":{"start":{"line":10,"column":30},"end":{"line":12,"column":5}},"line":10},"2":{"name":"(anonymous_2)","decl":{"start":{"line":13,"column":4},"end":{"line":13,"column":5}},"loc":{"start":{"line":13,"column":14},"end":{"line":21,"column":5}},"line":13},"3":{"name":"(anonymous_3)","decl":{"start":{"line":14,"column":27},"end":{"line":14,"column":28}},"loc":{"start":{"line":14,"column":48},"end":{"line":20,"column":9}},"line":14},"4":{"name":"(anonymous_4)","decl":{"start":{"line":15,"column":46},"end":{"line":15,"column":47}},"loc":{"start":{"line":15,"column":69},"end":{"line":19,"column":13}},"line":15},"5":{"name":"(anonymous_5)","decl":{"start":{"line":22,"column":4},"end":{"line":22,"column":5}},"loc":{"start":{"line":22,"column":16},"end":{"line":34,"column":5}},"line":22},"6":{"name":"(anonymous_6)","decl":{"start":{"line":23,"column":27},"end":{"line":23,"column":28}},"loc":{"start":{"line":23,"column":48},"end":{"line":33,"column":9}},"line":23},"7":{"name":"(anonymous_7)","decl":{"start":{"line":24,"column":80},"end":{"line":24,"column":81}},"loc":{"start":{"line":24,"column":103},"end":{"line":32,"column":13}},"line":24},"8":{"name":"(anonymous_8)","decl":{"start":{"line":35,"column":4},"end":{"line":35,"column":5}},"loc":{"start":{"line":35,"column":15},"end":{"line":47,"column":5}},"line":35},"9":{"name":"(anonymous_9)","decl":{"start":{"line":36,"column":27},"end":{"line":36,"column":28}},"loc":{"start":{"line":36,"column":48},"end":{"line":46,"column":9}},"line":36},"10":{"name":"(anonymous_10)","decl":{"start":{"line":37,"column":48},"end":{"line":37,"column":49}},"loc":{"start":{"line":37,"column":65},"end":{"line":45,"column":13}},"line":37},"11":{"name":"(anonymous_11)","decl":{"start":{"line":48,"column":4},"end":{"line":48,"column":5}},"loc":{"start":{"line":48,"column":24},"end":{"line":60,"column":5}},"line":48},"12":{"name":"(anonymous_12)","decl":{"start":{"line":49,"column":27},"end":{"line":49,"column":28}},"loc":{"start":{"line":49,"column":48},"end":{"line":59,"column":9}},"line":49},"13":{"name":"(anonymous_13)","decl":{"start":{"line":50,"column":47},"end":{"line":50,"column":48}},"loc":{"start":{"line":50,"column":65},"end":{"line":58,"column":13}},"line":50},"14":{"name":"(anonymous_14)","decl":{"start":{"line":61,"column":4},"end":{"line":61,"column":5}},"loc":{"start":{"line":61,"column":20},"end":{"line":70,"column":5}},"line":61},"15":{"name":"(anonymous_15)","decl":{"start":{"line":63,"column":27},"end":{"line":63,"column":28}},"loc":{"start":{"line":63,"column":48},"end":{"line":69,"column":9}},"line":63},"16":{"name":"(anonymous_16)","decl":{"start":{"line":64,"column":51},"end":{"line":64,"column":52}},"loc":{"start":{"line":64,"column":63},"end":{"line":66,"column":13}},"line":64},"17":{"name":"(anonymous_17)","decl":{"start":{"line":66,"column":21},"end":{"line":66,"column":22}},"loc":{"start":{"line":66,"column":30},"end":{"line":68,"column":13}},"line":66}},"branchMap":{"0":{"loc":{"start":{"line":16,"column":16},"end":{"line":17,"column":30}},"type":"if","locations":[{"start":{"line":16,"column":16},"end":{"line":17,"column":30}},{"start":{"line":16,"column":16},"end":{"line":17,"column":30}}],"line":16},"1":{"loc":{"start":{"line":25,"column":16},"end":{"line":31,"column":17}},"type":"if","locations":[{"start":{"line":25,"column":16},"end":{"line":31,"column":17}},{"start":{"line":25,"column":16},"end":{"line":31,"column":17}}],"line":25},"2":{"loc":{"start":{"line":38,"column":16},"end":{"line":44,"column":17}},"type":"if","locations":[{"start":{"line":38,"column":16},"end":{"line":44,"column":17}},{"start":{"line":38,"column":16},"end":{"line":44,"column":17}}],"line":38},"3":{"loc":{"start":{"line":51,"column":16},"end":{"line":57,"column":17}},"type":"if","locations":[{"start":{"line":51,"column":16},"end":{"line":57,"column":17}},{"start":{"line":51,"column":16},"end":{"line":57,"column":17}}],"line":51}},"s":{"0":1,"1":1,"2":1,"3":9,"4":9,"5":8,"6":0,"7":0,"8":0,"9":0,"10":0,"11":0,"12":0,"13":0,"14":0,"15":0,"16":0,"17":0,"18":0,"19":0,"20":0,"21":0,"22":0,"23":0,"24":0,"25":0,"26":0,"27":0,"28":0,"29":0,"30":0,"31":0,"32":0,"33":0,"34":1},"f":{"0":9,"1":8,"2":0,"3":0,"4":0,"5":0,"6":0,"7":0,"8":0,"9":0,"10":0,"11":0,"12":0,"13":0,"14":0,"15":0,"16":0,"17":0},"b":{"0":[0,0],"1":[0,0],"2":[0,0],"3":[0,0]},"_coverageSchema":"43e27e138ebf9cfc5966b082cf9a028302ed4184","hash":"2218cc32ba169cc114ec73f8583a885c37faf378","contentHash":"ce72553ce5607c53dccb16b5d611f314"},"F:\\projects\\customerOrders-server\\connection\\connection.ts":{"path":"F:\\projects\\customerOrders-server\\connection\\connection.ts","statementMap":{"0":{"start":{"line":2,"column":0},"end":{"line":2,"column":62}},"1":{"start":{"line":3,"column":19},"end":{"line":3,"column":41}},"2":{"start":{"line":4,"column":15},"end":{"line":4,"column":42}},"3":{"start":{"line":5,"column":0},"end":{"line":5,"column":74}}},"fnMap":{},"branchMap":{},"s":{"0":1,"1":1,"2":1,"3":1},"f":{},"b":{},"_coverageSchema":"43e27e138ebf9cfc5966b082cf9a028302ed4184","hash":"6d8ae826272527914af8222da05ec3bd17352c3e","contentHash":"f887bda3faaa77dccb583944f564609d"},"F:\\projects\\customerOrders-server\\tests\\data\\repositories\\testFunctions.ts":{"path":"F:\\projects\\customerOrders-server\\tests\\data\\repositories\\testFunctions.ts","statementMap":{"0":{"start":{"line":2,"column":0},"end":{"line":2,"column":62}},"1":{"start":{"line":5,"column":8},"end":{"line":12,"column":11}},"2":{"start":{"line":6,"column":12},"end":{"line":11,"column":13}},"3":{"start":{"line":7,"column":16},"end":{"line":7,"column":53}},"4":{"start":{"line":10,"column":16},"end":{"line":10,"column":31}},"5":{"start":{"line":15,"column":0},"end":{"line":15,"column":38}}},"fnMap":{"0":{"name":"(anonymous_0)","decl":{"start":{"line":4,"column":4},"end":{"line":4,"column":5}},"loc":{"start":{"line":4,"column":24},"end":{"line":13,"column":5}},"line":4},"1":{"name":"(anonymous_1)","decl":{"start":{"line":5,"column":27},"end":{"line":5,"column":28}},"loc":{"start":{"line":5,"column":48},"end":{"line":12,"column":9}},"line":5}},"branchMap":{"0":{"loc":{"start":{"line":6,"column":12},"end":{"line":11,"column":13}},"type":"if","locations":[{"start":{"line":6,"column":12},"end":{"line":11,"column":13}},{"start":{"line":6,"column":12},"end":{"line":11,"column":13}}],"line":6}},"s":{"0":1,"1":1,"2":1,"3":0,"4":1,"5":1},"f":{"0":1,"1":1},"b":{"0":[0,1]},"_coverageSchema":"43e27e138ebf9cfc5966b082cf9a028302ed4184","hash":"dba459c6919d53522d85ee718fbd2fc1bb56b521","contentHash":"9ae90412c7d8135710117b5db8139b9b"},"F:\\projects\\customerOrders-server\\tests\\data\\repositories\\customerRepositories.test.ts":{"path":"F:\\projects\\customerOrders-server\\tests\\data\\repositories\\customerRepositories.test.ts","statementMap":{"0":{"start":{"line":2,"column":0},"end":{"line":2,"column":62}},"1":{"start":{"line":3,"column":29},"end":{"line":3,"column":85}},"2":{"start":{"line":4,"column":14},"end":{"line":4,"column":30}},"3":{"start":{"line":5,"column":18},"end":{"line":5,"column":39}},"4":{"start":{"line":6,"column":23},"end":{"line":6,"column":50}},"5":{"start":{"line":7,"column":13},"end":{"line":7,"column":28}},"6":{"start":{"line":8,"column":10},"end":{"line":8,"column":31}},"7":{"start":{"line":9,"column":13},"end":{"line":9,"column":24}},"8":{"start":{"line":10,"column":0},"end":{"line":10,"column":25}},"9":{"start":{"line":11,"column":0},"end":{"line":11,"column":20}},"10":{"start":{"line":12,"column":27},"end":{"line":12,"column":72}},"11":{"start":{"line":13,"column":0},"end":{"line":39,"column":3}},"12":{"start":{"line":16,"column":4},"end":{"line":28,"column":7}},"13":{"start":{"line":17,"column":8},"end":{"line":17,"column":100}},"14":{"start":{"line":18,"column":8},"end":{"line":27,"column":10}},"15":{"start":{"line":29,"column":4},"end":{"line":31,"column":7}},"16":{"start":{"line":30,"column":8},"end":{"line":30,"column":27}},"17":{"start":{"line":32,"column":4},"end":{"line":38,"column":7}},"18":{"start":{"line":33,"column":8},"end":{"line":33,"column":40}},"19":{"start":{"line":34,"column":8},"end":{"line":37,"column":11}},"20":{"start":{"line":35,"column":12},"end":{"line":35,"column":59}},"21":{"start":{"line":36,"column":12},"end":{"line":36,"column":55}},"22":{"start":{"line":40,"column":0},"end":{"line":72,"column":3}},"23":{"start":{"line":43,"column":4},"end":{"line":57,"column":7}},"24":{"start":{"line":44,"column":8},"end":{"line":44,"column":91}},"25":{"start":{"line":45,"column":8},"end":{"line":56,"column":10}},"26":{"start":{"line":58,"column":4},"end":{"line":60,"column":7}},"27":{"start":{"line":59,"column":8},"end":{"line":59,"column":29}},"28":{"start":{"line":61,"column":4},"end":{"line":65,"column":7}},"29":{"start":{"line":62,"column":8},"end":{"line":62,"column":49}},"30":{"start":{"line":63,"column":8},"end":{"line":63,"column":57}},"31":{"start":{"line":64,"column":8},"end":{"line":64,"column":40}},"32":{"start":{"line":66,"column":4},"end":{"line":71,"column":7}},"33":{"start":{"line":67,"column":8},"end":{"line":70,"column":11}},"34":{"start":{"line":69,"column":12},"end":{"line":69,"column":44}},"35":{"start":{"line":73,"column":0},"end":{"line":91,"column":3}},"36":{"start":{"line":75,"column":4},"end":{"line":77,"column":7}},"37":{"start":{"line":76,"column":8},"end":{"line":76,"column":90}},"38":{"start":{"line":78,"column":4},"end":{"line":80,"column":7}},"39":{"start":{"line":79,"column":8},"end":{"line":79,"column":29}},"40":{"start":{"line":81,"column":4},"end":{"line":84,"column":7}},"41":{"start":{"line":82,"column":8},"end":{"line":82,"column":45}},"42":{"start":{"line":83,"column":8},"end":{"line":83,"column":54}},"43":{"start":{"line":85,"column":4},"end":{"line":90,"column":7}},"44":{"start":{"line":86,"column":8},"end":{"line":89,"column":11}},"45":{"start":{"line":88,"column":12},"end":{"line":88,"column":44}}},"fnMap":{"0":{"name":"(anonymous_0)","decl":{"start":{"line":13,"column":31},"end":{"line":13,"column":32}},"loc":{"start":{"line":13,"column":43},"end":{"line":39,"column":1}},"line":13},"1":{"name":"(anonymous_1)","decl":{"start":{"line":16,"column":15},"end":{"line":16,"column":16}},"loc":{"start":{"line":16,"column":21},"end":{"line":28,"column":5}},"line":16},"2":{"name":"(anonymous_2)","decl":{"start":{"line":29,"column":14},"end":{"line":29,"column":15}},"loc":{"start":{"line":29,"column":20},"end":{"line":31,"column":5}},"line":29},"3":{"name":"(anonymous_3)","decl":{"start":{"line":32,"column":49},"end":{"line":32,"column":50}},"loc":{"start":{"line":32,"column":61},"end":{"line":38,"column":5}},"line":32},"4":{"name":"(anonymous_4)","decl":{"start":{"line":34,"column":54},"end":{"line":34,"column":55}},"loc":{"start":{"line":34,"column":63},"end":{"line":37,"column":9}},"line":34},"5":{"name":"(anonymous_5)","decl":{"start":{"line":40,"column":31},"end":{"line":40,"column":32}},"loc":{"start":{"line":40,"column":43},"end":{"line":72,"column":1}},"line":40},"6":{"name":"(anonymous_6)","decl":{"start":{"line":43,"column":15},"end":{"line":43,"column":16}},"loc":{"start":{"line":43,"column":21},"end":{"line":57,"column":5}},"line":43},"7":{"name":"(anonymous_7)","decl":{"start":{"line":58,"column":14},"end":{"line":58,"column":15}},"loc":{"start":{"line":58,"column":20},"end":{"line":60,"column":5}},"line":58},"8":{"name":"(anonymous_8)","decl":{"start":{"line":61,"column":51},"end":{"line":61,"column":52}},"loc":{"start":{"line":61,"column":63},"end":{"line":65,"column":5}},"line":61},"9":{"name":"(anonymous_9)","decl":{"start":{"line":66,"column":53},"end":{"line":66,"column":54}},"loc":{"start":{"line":66,"column":65},"end":{"line":71,"column":5}},"line":66},"10":{"name":"(anonymous_10)","decl":{"start":{"line":68,"column":18},"end":{"line":68,"column":19}},"loc":{"start":{"line":68,"column":27},"end":{"line":70,"column":9}},"line":68},"11":{"name":"(anonymous_11)","decl":{"start":{"line":73,"column":30},"end":{"line":73,"column":31}},"loc":{"start":{"line":73,"column":42},"end":{"line":91,"column":1}},"line":73},"12":{"name":"(anonymous_12)","decl":{"start":{"line":75,"column":15},"end":{"line":75,"column":16}},"loc":{"start":{"line":75,"column":21},"end":{"line":77,"column":5}},"line":75},"13":{"name":"(anonymous_13)","decl":{"start":{"line":78,"column":14},"end":{"line":78,"column":15}},"loc":{"start":{"line":78,"column":20},"end":{"line":80,"column":5}},"line":78},"14":{"name":"(anonymous_14)","decl":{"start":{"line":81,"column":48},"end":{"line":81,"column":49}},"loc":{"start":{"line":81,"column":60},"end":{"line":84,"column":5}},"line":81},"15":{"name":"(anonymous_15)","decl":{"start":{"line":85,"column":53},"end":{"line":85,"column":54}},"loc":{"start":{"line":85,"column":65},"end":{"line":90,"column":5}},"line":85},"16":{"name":"(anonymous_16)","decl":{"start":{"line":87,"column":18},"end":{"line":87,"column":19}},"loc":{"start":{"line":87,"column":27},"end":{"line":89,"column":9}},"line":87}},"branchMap":{},"s":{"0":1,"1":1,"2":1,"3":1,"4":1,"5":1,"6":1,"7":1,"8":1,"9":1,"10":1,"11":1,"12":1,"13":1,"14":1,"15":1,"16":1,"17":1,"18":1,"19":1,"20":1,"21":1,"22":1,"23":1,"24":2,"25":2,"26":1,"27":2,"28":1,"29":1,"30":1,"31":1,"32":1,"33":1,"34":1,"35":1,"36":1,"37":2,"38":1,"39":2,"40":1,"41":1,"42":1,"43":1,"44":1,"45":1},"f":{"0":1,"1":1,"2":1,"3":1,"4":1,"5":1,"6":2,"7":2,"8":1,"9":1,"10":1,"11":1,"12":2,"13":2,"14":1,"15":1,"16":1},"b":{},"_coverageSchema":"43e27e138ebf9cfc5966b082cf9a028302ed4184","hash":"908b5e295e70b0a593b54a3ab38729aa099979aa","contentHash":"d38ab8ce2105b359d4558b5a80eabc1a"},"F:\\projects\\customerOrders-server\\data\\repositories\\customerRepository.ts":{"path":"F:\\projects\\customerOrders-server\\data\\repositories\\customerRepository.ts","statementMap":{"0":{"start":{"line":2,"column":0},"end":{"line":2,"column":62}},"1":{"start":{"line":3,"column":23},"end":{"line":3,"column":62}},"2":{"start":{"line":4,"column":23},"end":{"line":4,"column":63}},"3":{"start":{"line":5,"column":23},"end":{"line":5,"column":62}},"4":{"start":{"line":6,"column":23},"end":{"line":6,"column":56}},"5":{"start":{"line":9,"column":8},"end":{"line":9,"column":16}},"6":{"start":{"line":10,"column":8},"end":{"line":10,"column":37}},"7":{"start":{"line":11,"column":8},"end":{"line":11,"column":60}},"8":{"start":{"line":12,"column":8},"end":{"line":12,"column":39}},"9":{"start":{"line":15,"column":8},"end":{"line":36,"column":11}},"10":{"start":{"line":16,"column":25},"end":{"line":16,"column":27}},"11":{"start":{"line":17,"column":26},"end":{"line":17,"column":51}},"12":{"start":{"line":18,"column":12},"end":{"line":24,"column":15}},"13":{"start":{"line":19,"column":28},"end":{"line":19,"column":30}},"14":{"start":{"line":20,"column":16},"end":{"line":22,"column":19}},"15":{"start":{"line":21,"column":20},"end":{"line":21,"column":42}},"16":{"start":{"line":23,"column":16},"end":{"line":23,"column":35}},"17":{"start":{"line":25,"column":12},"end":{"line":25,"column":32}},"18":{"start":{"line":26,"column":30},"end":{"line":26,"column":86}},"19":{"start":{"line":27,"column":12},"end":{"line":35,"column":15}},"20":{"start":{"line":28,"column":16},"end":{"line":34,"column":17}},"21":{"start":{"line":29,"column":20},"end":{"line":29,"column":53}},"22":{"start":{"line":30,"column":20},"end":{"line":30,"column":32}},"23":{"start":{"line":33,"column":20},"end":{"line":33,"column":37}},"24":{"start":{"line":39,"column":8},"end":{"line":63,"column":11}},"25":{"start":{"line":40,"column":25},"end":{"line":40,"column":27}},"26":{"start":{"line":41,"column":26},"end":{"line":41,"column":51}},"27":{"start":{"line":42,"column":12},"end":{"line":48,"column":15}},"28":{"start":{"line":43,"column":28},"end":{"line":43,"column":30}},"29":{"start":{"line":44,"column":16},"end":{"line":46,"column":19}},"30":{"start":{"line":45,"column":20},"end":{"line":45,"column":42}},"31":{"start":{"line":47,"column":16},"end":{"line":47,"column":35}},"32":{"start":{"line":49,"column":12},"end":{"line":62,"column":15}},"33":{"start":{"line":50,"column":16},"end":{"line":50,"column":37}},"34":{"start":{"line":51,"column":16},"end":{"line":51,"column":30}},"35":{"start":{"line":52,"column":36},"end":{"line":52,"column":97}},"36":{"start":{"line":53,"column":16},"end":{"line":61,"column":19}},"37":{"start":{"line":54,"column":20},"end":{"line":60,"column":21}},"38":{"start":{"line":55,"column":24},"end":{"line":55,"column":64}},"39":{"start":{"line":56,"column":24},"end":{"line":56,"column":36}},"40":{"start":{"line":59,"column":24},"end":{"line":59,"column":41}},"41":{"start":{"line":66,"column":8},"end":{"line":77,"column":11}},"42":{"start":{"line":67,"column":20},"end":{"line":67,"column":66}},"43":{"start":{"line":68,"column":12},"end":{"line":76,"column":15}},"44":{"start":{"line":69,"column":16},"end":{"line":75,"column":17}},"45":{"start":{"line":70,"column":20},"end":{"line":70,"column":60}},"46":{"start":{"line":71,"column":20},"end":{"line":71,"column":32}},"47":{"start":{"line":74,"column":20},"end":{"line":74,"column":37}},"48":{"start":{"line":80,"column":0},"end":{"line":80,"column":48}}},"fnMap":{"0":{"name":"(anonymous_0)","decl":{"start":{"line":8,"column":4},"end":{"line":8,"column":5}},"loc":{"start":{"line":8,"column":18},"end":{"line":13,"column":5}},"line":8},"1":{"name":"(anonymous_1)","decl":{"start":{"line":14,"column":4},"end":{"line":14,"column":5}},"loc":{"start":{"line":14,"column":31},"end":{"line":37,"column":5}},"line":14},"2":{"name":"(anonymous_2)","decl":{"start":{"line":15,"column":27},"end":{"line":15,"column":28}},"loc":{"start":{"line":15,"column":48},"end":{"line":36,"column":9}},"line":15},"3":{"name":"(anonymous_3)","decl":{"start":{"line":18,"column":30},"end":{"line":18,"column":31}},"loc":{"start":{"line":18,"column":40},"end":{"line":24,"column":13}},"line":18},"4":{"name":"(anonymous_4)","decl":{"start":{"line":20,"column":32},"end":{"line":20,"column":33}},"loc":{"start":{"line":20,"column":41},"end":{"line":22,"column":17}},"line":20},"5":{"name":"(anonymous_5)","decl":{"start":{"line":27,"column":61},"end":{"line":27,"column":62}},"loc":{"start":{"line":27,"column":87},"end":{"line":35,"column":13}},"line":27},"6":{"name":"(anonymous_6)","decl":{"start":{"line":38,"column":4},"end":{"line":38,"column":5}},"loc":{"start":{"line":38,"column":31},"end":{"line":64,"column":5}},"line":38},"7":{"name":"(anonymous_7)","decl":{"start":{"line":39,"column":27},"end":{"line":39,"column":28}},"loc":{"start":{"line":39,"column":48},"end":{"line":63,"column":9}},"line":39},"8":{"name":"(anonymous_8)","decl":{"start":{"line":42,"column":30},"end":{"line":42,"column":31}},"loc":{"start":{"line":42,"column":40},"end":{"line":48,"column":13}},"line":42},"9":{"name":"(anonymous_9)","decl":{"start":{"line":44,"column":32},"end":{"line":44,"column":33}},"loc":{"start":{"line":44,"column":41},"end":{"line":46,"column":17}},"line":44},"10":{"name":"(anonymous_10)","decl":{"start":{"line":49,"column":27},"end":{"line":49,"column":28}},"loc":{"start":{"line":49,"column":36},"end":{"line":62,"column":13}},"line":49},"11":{"name":"(anonymous_11)","decl":{"start":{"line":53,"column":64},"end":{"line":53,"column":65}},"loc":{"start":{"line":53,"column":90},"end":{"line":61,"column":17}},"line":53},"12":{"name":"(anonymous_12)","decl":{"start":{"line":65,"column":4},"end":{"line":65,"column":5}},"loc":{"start":{"line":65,"column":23},"end":{"line":78,"column":5}},"line":65},"13":{"name":"(anonymous_13)","decl":{"start":{"line":66,"column":27},"end":{"line":66,"column":28}},"loc":{"start":{"line":66,"column":48},"end":{"line":77,"column":9}},"line":66},"14":{"name":"(anonymous_14)","decl":{"start":{"line":68,"column":45},"end":{"line":68,"column":46}},"loc":{"start":{"line":68,"column":71},"end":{"line":76,"column":13}},"line":68}},"branchMap":{"0":{"loc":{"start":{"line":28,"column":16},"end":{"line":34,"column":17}},"type":"if","locations":[{"start":{"line":28,"column":16},"end":{"line":34,"column":17}},{"start":{"line":28,"column":16},"end":{"line":34,"column":17}}],"line":28},"1":{"loc":{"start":{"line":54,"column":20},"end":{"line":60,"column":21}},"type":"if","locations":[{"start":{"line":54,"column":20},"end":{"line":60,"column":21}},{"start":{"line":54,"column":20},"end":{"line":60,"column":21}}],"line":54},"2":{"loc":{"start":{"line":69,"column":16},"end":{"line":75,"column":17}},"type":"if","locations":[{"start":{"line":69,"column":16},"end":{"line":75,"column":17}},{"start":{"line":69,"column":16},"end":{"line":75,"column":17}}],"line":69}},"s":{"0":1,"1":1,"2":1,"3":1,"4":1,"5":2,"6":2,"7":2,"8":2,"9":0,"10":0,"11":0,"12":0,"13":0,"14":0,"15":0,"16":0,"17":0,"18":0,"19":0,"20":0,"21":0,"22":0,"23":0,"24":0,"25":0,"26":0,"27":0,"28":0,"29":0,"30":0,"31":0,"32":0,"33":0,"34":0,"35":0,"36":0,"37":0,"38":0,"39":0,"40":0,"41":0,"42":0,"43":0,"44":0,"45":0,"46":0,"47":0,"48":1},"f":{"0":2,"1":0,"2":0,"3":0,"4":0,"5":0,"6":0,"7":0,"8":0,"9":0,"10":0,"11":0,"12":0,"13":0,"14":0},"b":{"0":[0,0],"1":[0,0],"2":[0,0]},"_coverageSchema":"43e27e138ebf9cfc5966b082cf9a028302ed4184","hash":"71b908c6f21a2d53e65fa64d882ab4d86a430ab8","contentHash":"9c22b5c0ea8ccd60253e054d90ac0c66"},"F:\\projects\\customerOrders-server\\connection\\dbConnection.ts":{"path":"F:\\projects\\customerOrders-server\\connection\\dbConnection.ts","statementMap":{"0":{"start":{"line":2,"column":0},"end":{"line":2,"column":62}},"1":{"start":{"line":3,"column":15},"end":{"line":3,"column":42}},"2":{"start":{"line":4,"column":14},"end":{"line":4,"column":30}},"3":{"start":{"line":5,"column":0},"end":{"line":5,"column":49}}},"fnMap":{},"branchMap":{},"s":{"0":1,"1":1,"2":1,"3":1},"f":{},"b":{},"_coverageSchema":"43e27e138ebf9cfc5966b082cf9a028302ed4184","hash":"f1d69b016f438a42069e1f3b511077ea929e7571","contentHash":"a271917290460d45ea377f3f608f6c20"},"F:\\projects\\customerOrders-server\\data\\sqlGenerator\\slqGenerator.ts":{"path":"F:\\projects\\customerOrders-server\\data\\sqlGenerator\\slqGenerator.ts","statementMap":{"0":{"start":{"line":2,"column":0},"end":{"line":2,"column":62}},"1":{"start":{"line":5,"column":20},"end":{"line":5,"column":88}},"2":{"start":{"line":6,"column":8},"end":{"line":6,"column":21}},"3":{"start":{"line":9,"column":8},"end":{"line":9,"column":95}},"4":{"start":{"line":12,"column":26},"end":{"line":12,"column":70}},"5":{"start":{"line":13,"column":8},"end":{"line":13,"column":27}},"6":{"start":{"line":16,"column":0},"end":{"line":16,"column":36}}},"fnMap":{"0":{"name":"(anonymous_0)","decl":{"start":{"line":4,"column":4},"end":{"line":4,"column":5}},"loc":{"start":{"line":4,"column":39},"end":{"line":7,"column":5}},"line":4},"1":{"name":"(anonymous_1)","decl":{"start":{"line":8,"column":4},"end":{"line":8,"column":5}},"loc":{"start":{"line":8,"column":44},"end":{"line":10,"column":5}},"line":8},"2":{"name":"(anonymous_2)","decl":{"start":{"line":11,"column":4},"end":{"line":11,"column":5}},"loc":{"start":{"line":11,"column":35},"end":{"line":14,"column":5}},"line":11}},"branchMap":{},"s":{"0":1,"1":1,"2":1,"3":1,"4":1,"5":1,"6":1},"f":{"0":1,"1":1,"2":1},"b":{},"_coverageSchema":"43e27e138ebf9cfc5966b082cf9a028302ed4184","hash":"69a36458dec152adfbc13df8b982e19c4166c3d5","contentHash":"be2c2bf0aa3b0614f1cd6fe894b09b30"},"F:\\projects\\customerOrders-server\\tests\\data\\repositories\\orderItemRepository.test.ts":{"path":"F:\\projects\\customerOrders-server\\tests\\data\\repositories\\orderItemRepository.test.ts","statementMap":{"0":{"start":{"line":2,"column":0},"end":{"line":2,"column":62}},"1":{"start":{"line":3,"column":30},"end":{"line":3,"column":87}},"2":{"start":{"line":4,"column":14},"end":{"line":4,"column":30}},"3":{"start":{"line":5,"column":18},"end":{"line":5,"column":39}},"4":{"start":{"line":6,"column":23},"end":{"line":6,"column":50}},"5":{"start":{"line":7,"column":13},"end":{"line":7,"column":28}},"6":{"start":{"line":8,"column":10},"end":{"line":8,"column":31}},"7":{"start":{"line":9,"column":13},"end":{"line":9,"column":24}},"8":{"start":{"line":10,"column":0},"end":{"line":10,"column":25}},"9":{"start":{"line":11,"column":0},"end":{"line":11,"column":20}},"10":{"start":{"line":12,"column":28},"end":{"line":12,"column":75}},"11":{"start":{"line":13,"column":0},"end":{"line":53,"column":3}},"12":{"start":{"line":16,"column":4},"end":{"line":40,"column":7}},"13":{"start":{"line":17,"column":8},"end":{"line":38,"column":10}},"14":{"start":{"line":39,"column":8},"end":{"line":39,"column":102}},"15":{"start":{"line":41,"column":4},"end":{"line":43,"column":7}},"16":{"start":{"line":42,"column":8},"end":{"line":42,"column":27}},"17":{"start":{"line":44,"column":4},"end":{"line":47,"column":7}},"18":{"start":{"line":45,"column":8},"end":{"line":45,"column":51}},"19":{"start":{"line":46,"column":8},"end":{"line":46,"column":55}},"20":{"start":{"line":48,"column":4},"end":{"line":52,"column":7}},"21":{"start":{"line":49,"column":8},"end":{"line":51,"column":11}},"22":{"start":{"line":50,"column":12},"end":{"line":50,"column":55}},"23":{"start":{"line":54,"column":0},"end":{"line":70,"column":3}},"24":{"start":{"line":56,"column":4},"end":{"line":58,"column":7}},"25":{"start":{"line":57,"column":8},"end":{"line":57,"column":84}},"26":{"start":{"line":59,"column":4},"end":{"line":61,"column":7}},"27":{"start":{"line":60,"column":8},"end":{"line":60,"column":23}},"28":{"start":{"line":62,"column":4},"end":{"line":62,"column":34}},"29":{"start":{"line":62,"column":28},"end":{"line":62,"column":32}},"30":{"start":{"line":63,"column":4},"end":{"line":69,"column":7}},"31":{"start":{"line":64,"column":8},"end":{"line":68,"column":11}},"32":{"start":{"line":66,"column":12},"end":{"line":66,"column":47}},"33":{"start":{"line":67,"column":12},"end":{"line":67,"column":48}},"34":{"start":{"line":71,"column":0},"end":{"line":91,"column":3}},"35":{"start":{"line":73,"column":4},"end":{"line":75,"column":7}},"36":{"start":{"line":74,"column":8},"end":{"line":74,"column":81}},"37":{"start":{"line":76,"column":4},"end":{"line":78,"column":7}},"38":{"start":{"line":77,"column":8},"end":{"line":77,"column":23}},"39":{"start":{"line":79,"column":4},"end":{"line":79,"column":34}},"40":{"start":{"line":79,"column":28},"end":{"line":79,"column":32}},"41":{"start":{"line":80,"column":4},"end":{"line":83,"column":7}},"42":{"start":{"line":81,"column":8},"end":{"line":81,"column":44}},"43":{"start":{"line":82,"column":8},"end":{"line":82,"column":48}},"44":{"start":{"line":84,"column":4},"end":{"line":90,"column":7}},"45":{"start":{"line":85,"column":8},"end":{"line":89,"column":11}},"46":{"start":{"line":87,"column":12},"end":{"line":87,"column":47}},"47":{"start":{"line":88,"column":12},"end":{"line":88,"column":45}},"48":{"start":{"line":92,"column":0},"end":{"line":110,"column":3}},"49":{"start":{"line":94,"column":4},"end":{"line":96,"column":7}},"50":{"start":{"line":95,"column":8},"end":{"line":95,"column":95}},"51":{"start":{"line":97,"column":4},"end":{"line":99,"column":7}},"52":{"start":{"line":98,"column":8},"end":{"line":98,"column":29}},"53":{"start":{"line":100,"column":4},"end":{"line":103,"column":7}},"54":{"start":{"line":101,"column":8},"end":{"line":101,"column":54}},"55":{"start":{"line":102,"column":8},"end":{"line":102,"column":58}},"56":{"start":{"line":104,"column":4},"end":{"line":109,"column":7}},"57":{"start":{"line":105,"column":8},"end":{"line":108,"column":11}},"58":{"start":{"line":107,"column":12},"end":{"line":107,"column":44}},"59":{"start":{"line":111,"column":0},"end":{"line":151,"column":3}},"60":{"start":{"line":114,"column":4},"end":{"line":138,"column":7}},"61":{"start":{"line":115,"column":8},"end":{"line":115,"column":95}},"62":{"start":{"line":116,"column":8},"end":{"line":137,"column":10}},"63":{"start":{"line":139,"column":4},"end":{"line":141,"column":7}},"64":{"start":{"line":140,"column":8},"end":{"line":140,"column":29}},"65":{"start":{"line":142,"column":4},"end":{"line":145,"column":7}},"66":{"start":{"line":143,"column":8},"end":{"line":143,"column":53}},"67":{"start":{"line":144,"column":8},"end":{"line":144,"column":57}},"68":{"start":{"line":146,"column":4},"end":{"line":150,"column":7}},"69":{"start":{"line":147,"column":8},"end":{"line":149,"column":11}},"70":{"start":{"line":148,"column":12},"end":{"line":148,"column":44}},"71":{"start":{"line":152,"column":0},"end":{"line":167,"column":3}},"72":{"start":{"line":154,"column":4},"end":{"line":156,"column":7}},"73":{"start":{"line":155,"column":8},"end":{"line":155,"column":105}},"74":{"start":{"line":157,"column":4},"end":{"line":159,"column":7}},"75":{"start":{"line":158,"column":8},"end":{"line":158,"column":23}},"76":{"start":{"line":160,"column":4},"end":{"line":160,"column":34}},"77":{"start":{"line":160,"column":28},"end":{"line":160,"column":32}},"78":{"start":{"line":161,"column":4},"end":{"line":166,"column":7}},"79":{"start":{"line":162,"column":8},"end":{"line":165,"column":11}},"80":{"start":{"line":164,"column":12},"end":{"line":164,"column":57}},"81":{"start":{"line":168,"column":0},"end":{"line":184,"column":3}},"82":{"start":{"line":170,"column":16},"end":{"line":170,"column":28}},"83":{"start":{"line":171,"column":4},"end":{"line":173,"column":7}},"84":{"start":{"line":172,"column":8},"end":{"line":172,"column":99}},"85":{"start":{"line":174,"column":4},"end":{"line":176,"column":7}},"86":{"start":{"line":175,"column":8},"end":{"line":175,"column":23}},"87":{"start":{"line":177,"column":4},"end":{"line":177,"column":34}},"88":{"start":{"line":177,"column":28},"end":{"line":177,"column":32}},"89":{"start":{"line":178,"column":4},"end":{"line":183,"column":7}},"90":{"start":{"line":179,"column":8},"end":{"line":182,"column":11}},"91":{"start":{"line":181,"column":12},"end":{"line":181,"column":55}}},"fnMap":{"0":{"name":"(anonymous_0)","decl":{"start":{"line":13,"column":32},"end":{"line":13,"column":33}},"loc":{"start":{"line":13,"column":44},"end":{"line":53,"column":1}},"line":13},"1":{"name":"(anonymous_1)","decl":{"start":{"line":16,"column":15},"end":{"line":16,"column":16}},"loc":{"start":{"line":16,"column":21},"end":{"line":40,"column":5}},"line":16},"2":{"name":"(anonymous_2)","decl":{"start":{"line":41,"column":14},"end":{"line":41,"column":15}},"loc":{"start":{"line":41,"column":20},"end":{"line":43,"column":5}},"line":41},"3":{"name":"(anonymous_3)","decl":{"start":{"line":44,"column":49},"end":{"line":44,"column":50}},"loc":{"start":{"line":44,"column":61},"end":{"line":47,"column":5}},"line":44},"4":{"name":"(anonymous_4)","decl":{"start":{"line":48,"column":49},"end":{"line":48,"column":50}},"loc":{"start":{"line":48,"column":61},"end":{"line":52,"column":5}},"line":48},"5":{"name":"(anonymous_5)","decl":{"start":{"line":49,"column":56},"end":{"line":49,"column":57}},"loc":{"start":{"line":49,"column":65},"end":{"line":51,"column":9}},"line":49},"6":{"name":"(anonymous_6)","decl":{"start":{"line":54,"column":28},"end":{"line":54,"column":29}},"loc":{"start":{"line":54,"column":40},"end":{"line":70,"column":1}},"line":54},"7":{"name":"(anonymous_7)","decl":{"start":{"line":56,"column":15},"end":{"line":56,"column":16}},"loc":{"start":{"line":56,"column":21},"end":{"line":58,"column":5}},"line":56},"8":{"name":"(anonymous_8)","decl":{"start":{"line":59,"column":19},"end":{"line":59,"column":20}},"loc":{"start":{"line":59,"column":25},"end":{"line":61,"column":5}},"line":59},"9":{"name":"(anonymous_9)","decl":{"start":{"line":62,"column":22},"end":{"line":62,"column":23}},"loc":{"start":{"line":62,"column":28},"end":{"line":62,"column":32}},"line":62},"10":{"name":"(anonymous_10)","decl":{"start":{"line":63,"column":38},"end":{"line":63,"column":39}},"loc":{"start":{"line":63,"column":44},"end":{"line":69,"column":5}},"line":63},"11":{"name":"(anonymous_11)","decl":{"start":{"line":65,"column":18},"end":{"line":65,"column":19}},"loc":{"start":{"line":65,"column":30},"end":{"line":68,"column":9}},"line":65},"12":{"name":"(anonymous_12)","decl":{"start":{"line":71,"column":28},"end":{"line":71,"column":29}},"loc":{"start":{"line":71,"column":40},"end":{"line":91,"column":1}},"line":71},"13":{"name":"(anonymous_13)","decl":{"start":{"line":73,"column":15},"end":{"line":73,"column":16}},"loc":{"start":{"line":73,"column":21},"end":{"line":75,"column":5}},"line":73},"14":{"name":"(anonymous_14)","decl":{"start":{"line":76,"column":19},"end":{"line":76,"column":20}},"loc":{"start":{"line":76,"column":25},"end":{"line":78,"column":5}},"line":76},"15":{"name":"(anonymous_15)","decl":{"start":{"line":79,"column":22},"end":{"line":79,"column":23}},"loc":{"start":{"line":79,"column":28},"end":{"line":79,"column":32}},"line":79},"16":{"name":"(anonymous_16)","decl":{"start":{"line":80,"column":41},"end":{"line":80,"column":42}},"loc":{"start":{"line":80,"column":53},"end":{"line":83,"column":5}},"line":80},"17":{"name":"(anonymous_17)","decl":{"start":{"line":84,"column":42},"end":{"line":84,"column":43}},"loc":{"start":{"line":84,"column":48},"end":{"line":90,"column":5}},"line":84},"18":{"name":"(anonymous_18)","decl":{"start":{"line":86,"column":18},"end":{"line":86,"column":19}},"loc":{"start":{"line":86,"column":30},"end":{"line":89,"column":9}},"line":86},"19":{"name":"(anonymous_19)","decl":{"start":{"line":92,"column":34},"end":{"line":92,"column":35}},"loc":{"start":{"line":92,"column":46},"end":{"line":110,"column":1}},"line":92},"20":{"name":"(anonymous_20)","decl":{"start":{"line":94,"column":15},"end":{"line":94,"column":16}},"loc":{"start":{"line":94,"column":21},"end":{"line":96,"column":5}},"line":94},"21":{"name":"(anonymous_21)","decl":{"start":{"line":97,"column":14},"end":{"line":97,"column":15}},"loc":{"start":{"line":97,"column":20},"end":{"line":99,"column":5}},"line":97},"22":{"name":"(anonymous_22)","decl":{"start":{"line":100,"column":76},"end":{"line":100,"column":77}},"loc":{"start":{"line":100,"column":88},"end":{"line":103,"column":5}},"line":100},"23":{"name":"(anonymous_23)","decl":{"start":{"line":104,"column":53},"end":{"line":104,"column":54}},"loc":{"start":{"line":104,"column":65},"end":{"line":109,"column":5}},"line":104},"24":{"name":"(anonymous_24)","decl":{"start":{"line":106,"column":18},"end":{"line":106,"column":19}},"loc":{"start":{"line":106,"column":27},"end":{"line":108,"column":9}},"line":106},"25":{"name":"(anonymous_25)","decl":{"start":{"line":111,"column":35},"end":{"line":111,"column":36}},"loc":{"start":{"line":111,"column":47},"end":{"line":151,"column":1}},"line":111},"26":{"name":"(anonymous_26)","decl":{"start":{"line":114,"column":15},"end":{"line":114,"column":16}},"loc":{"start":{"line":114,"column":21},"end":{"line":138,"column":5}},"line":114},"27":{"name":"(anonymous_27)","decl":{"start":{"line":139,"column":14},"end":{"line":139,"column":15}},"loc":{"start":{"line":139,"column":20},"end":{"line":141,"column":5}},"line":139},"28":{"name":"(anonymous_28)","decl":{"start":{"line":142,"column":37},"end":{"line":142,"column":38}},"loc":{"start":{"line":142,"column":49},"end":{"line":145,"column":5}},"line":142},"29":{"name":"(anonymous_29)","decl":{"start":{"line":146,"column":50},"end":{"line":146,"column":51}},"loc":{"start":{"line":146,"column":62},"end":{"line":150,"column":5}},"line":146},"30":{"name":"(anonymous_30)","decl":{"start":{"line":147,"column":58},"end":{"line":147,"column":59}},"loc":{"start":{"line":147,"column":67},"end":{"line":149,"column":9}},"line":147},"31":{"name":"(anonymous_31)","decl":{"start":{"line":152,"column":43},"end":{"line":152,"column":44}},"loc":{"start":{"line":152,"column":55},"end":{"line":167,"column":1}},"line":152},"32":{"name":"(anonymous_32)","decl":{"start":{"line":154,"column":15},"end":{"line":154,"column":16}},"loc":{"start":{"line":154,"column":21},"end":{"line":156,"column":5}},"line":154},"33":{"name":"(anonymous_33)","decl":{"start":{"line":157,"column":19},"end":{"line":157,"column":20}},"loc":{"start":{"line":157,"column":25},"end":{"line":159,"column":5}},"line":157},"34":{"name":"(anonymous_34)","decl":{"start":{"line":160,"column":22},"end":{"line":160,"column":23}},"loc":{"start":{"line":160,"column":28},"end":{"line":160,"column":32}},"line":160},"35":{"name":"(anonymous_35)","decl":{"start":{"line":161,"column":56},"end":{"line":161,"column":57}},"loc":{"start":{"line":161,"column":62},"end":{"line":166,"column":5}},"line":161},"36":{"name":"(anonymous_36)","decl":{"start":{"line":163,"column":18},"end":{"line":163,"column":19}},"loc":{"start":{"line":163,"column":30},"end":{"line":165,"column":9}},"line":163},"37":{"name":"(anonymous_37)","decl":{"start":{"line":168,"column":39},"end":{"line":168,"column":40}},"loc":{"start":{"line":168,"column":51},"end":{"line":184,"column":1}},"line":168},"38":{"name":"(anonymous_38)","decl":{"start":{"line":171,"column":15},"end":{"line":171,"column":16}},"loc":{"start":{"line":171,"column":21},"end":{"line":173,"column":5}},"line":171},"39":{"name":"(anonymous_39)","decl":{"start":{"line":174,"column":19},"end":{"line":174,"column":20}},"loc":{"start":{"line":174,"column":25},"end":{"line":176,"column":5}},"line":174},"40":{"name":"(anonymous_40)","decl":{"start":{"line":177,"column":22},"end":{"line":177,"column":23}},"loc":{"start":{"line":177,"column":28},"end":{"line":177,"column":32}},"line":177},"41":{"name":"(anonymous_41)","decl":{"start":{"line":178,"column":44},"end":{"line":178,"column":45}},"loc":{"start":{"line":178,"column":50},"end":{"line":183,"column":5}},"line":178},"42":{"name":"(anonymous_42)","decl":{"start":{"line":180,"column":18},"end":{"line":180,"column":19}},"loc":{"start":{"line":180,"column":30},"end":{"line":182,"column":9}},"line":180}},"branchMap":{},"s":{"0":1,"1":1,"2":1,"3":1,"4":1,"5":1,"6":1,"7":1,"8":1,"9":1,"10":1,"11":1,"12":1,"13":2,"14":2,"15":1,"16":2,"17":1,"18":1,"19":1,"20":1,"21":1,"22":1,"23":1,"24":1,"25":2,"26":1,"27":2,"28":1,"29":1,"30":1,"31":1,"32":1,"33":1,"34":1,"35":1,"36":3,"37":1,"38":3,"39":1,"40":1,"41":1,"42":1,"43":1,"44":1,"45":1,"46":1,"47":1,"48":1,"49":1,"50":2,"51":1,"52":2,"53":1,"54":1,"55":1,"56":1,"57":1,"58":1,"59":1,"60":1,"61":2,"62":2,"63":1,"64":2,"65":1,"66":1,"67":1,"68":1,"69":1,"70":1,"71":1,"72":1,"73":2,"74":1,"75":2,"76":1,"77":1,"78":1,"79":1,"80":1,"81":1,"82":1,"83":1,"84":2,"85":1,"86":2,"87":1,"88":1,"89":1,"90":1,"91":1},"f":{"0":1,"1":2,"2":2,"3":1,"4":1,"5":1,"6":1,"7":2,"8":2,"9":1,"10":1,"11":1,"12":1,"13":3,"14":3,"15":1,"16":1,"17":1,"18":1,"19":1,"20":2,"21":2,"22":1,"23":1,"24":1,"25":1,"26":2,"27":2,"28":1,"29":1,"30":1,"31":1,"32":2,"33":2,"34":1,"35":1,"36":1,"37":1,"38":2,"39":2,"40":1,"41":1,"42":1},"b":{},"_coverageSchema":"43e27e138ebf9cfc5966b082cf9a028302ed4184","hash":"0976812d759497afb3ed891b048adf461ac007bf","contentHash":"4e02d1aa3efa13740a7b8d16754e3f35"},"F:\\projects\\customerOrders-server\\data\\repositories\\orderItemRepository.ts":{"path":"F:\\projects\\customerOrders-server\\data\\repositories\\orderItemRepository.ts","statementMap":{"0":{"start":{"line":2,"column":0},"end":{"line":2,"column":62}},"1":{"start":{"line":3,"column":23},"end":{"line":3,"column":48}},"2":{"start":{"line":4,"column":23},"end":{"line":4,"column":62}},"3":{"start":{"line":5,"column":23},"end":{"line":5,"column":63}},"4":{"start":{"line":6,"column":26},"end":{"line":6,"column":54}},"5":{"start":{"line":7,"column":23},"end":{"line":7,"column":56}},"6":{"start":{"line":10,"column":8},"end":{"line":10,"column":16}},"7":{"start":{"line":11,"column":8},"end":{"line":11,"column":42}},"8":{"start":{"line":12,"column":8},"end":{"line":12,"column":80}},"9":{"start":{"line":13,"column":8},"end":{"line":13,"column":40}},"10":{"start":{"line":16,"column":26},"end":{"line":16,"column":65}},"11":{"start":{"line":17,"column":8},"end":{"line":40,"column":11}},"12":{"start":{"line":18,"column":25},"end":{"line":18,"column":27}},"13":{"start":{"line":19,"column":12},"end":{"line":39,"column":15}},"14":{"start":{"line":20,"column":16},"end":{"line":29,"column":19}},"15":{"start":{"line":21,"column":32},"end":{"line":21,"column":34}},"16":{"start":{"line":22,"column":20},"end":{"line":22,"column":36}},"17":{"start":{"line":23,"column":20},"end":{"line":23,"column":48}},"18":{"start":{"line":24,"column":20},"end":{"line":24,"column":50}},"19":{"start":{"line":25,"column":20},"end":{"line":25,"column":56}},"20":{"start":{"line":26,"column":20},"end":{"line":26,"column":39}},"21":{"start":{"line":27,"column":20},"end":{"line":27,"column":40}},"22":{"start":{"line":28,"column":20},"end":{"line":28,"column":56}},"23":{"start":{"line":30,"column":34},"end":{"line":30,"column":90}},"24":{"start":{"line":31,"column":16},"end":{"line":38,"column":19}},"25":{"start":{"line":32,"column":20},"end":{"line":37,"column":21}},"26":{"start":{"line":33,"column":24},"end":{"line":33,"column":36}},"27":{"start":{"line":36,"column":24},"end":{"line":36,"column":41}},"28":{"start":{"line":43,"column":20},"end":{"line":63,"column":66}},"29":{"start":{"line":64,"column":8},"end":{"line":74,"column":11}},"30":{"start":{"line":65,"column":12},"end":{"line":73,"column":15}},"31":{"start":{"line":66,"column":16},"end":{"line":72,"column":17}},"32":{"start":{"line":67,"column":20},"end":{"line":67,"column":62}},"33":{"start":{"line":68,"column":20},"end":{"line":68,"column":32}},"34":{"start":{"line":71,"column":20},"end":{"line":71,"column":37}},"35":{"start":{"line":77,"column":20},"end":{"line":98,"column":70}},"36":{"start":{"line":99,"column":8},"end":{"line":109,"column":11}},"37":{"start":{"line":100,"column":12},"end":{"line":108,"column":15}},"38":{"start":{"line":101,"column":16},"end":{"line":107,"column":17}},"39":{"start":{"line":102,"column":20},"end":{"line":102,"column":63}},"40":{"start":{"line":103,"column":20},"end":{"line":103,"column":32}},"41":{"start":{"line":106,"column":20},"end":{"line":106,"column":37}},"42":{"start":{"line":112,"column":27},"end":{"line":113,"column":64}},"43":{"start":{"line":114,"column":8},"end":{"line":123,"column":11}},"44":{"start":{"line":115,"column":27},"end":{"line":115,"column":29}},"45":{"start":{"line":116,"column":12},"end":{"line":116,"column":59}},"46":{"start":{"line":117,"column":12},"end":{"line":122,"column":15}},"47":{"start":{"line":118,"column":16},"end":{"line":118,"column":29}},"48":{"start":{"line":121,"column":16},"end":{"line":121,"column":28}},"49":{"start":{"line":126,"column":8},"end":{"line":139,"column":11}},"50":{"start":{"line":127,"column":27},"end":{"line":127,"column":29}},"51":{"start":{"line":128,"column":12},"end":{"line":132,"column":15}},"52":{"start":{"line":129,"column":34},"end":{"line":130,"column":95}},"53":{"start":{"line":131,"column":16},"end":{"line":131,"column":62}},"54":{"start":{"line":133,"column":12},"end":{"line":138,"column":15}},"55":{"start":{"line":134,"column":16},"end":{"line":134,"column":33}},"56":{"start":{"line":136,"column":16},"end":{"line":136,"column":57}},"57":{"start":{"line":137,"column":16},"end":{"line":137,"column":28}},"58":{"start":{"line":142,"column":20},"end":{"line":146,"column":55}},"59":{"start":{"line":147,"column":8},"end":{"line":157,"column":11}},"60":{"start":{"line":148,"column":12},"end":{"line":156,"column":15}},"61":{"start":{"line":149,"column":16},"end":{"line":155,"column":17}},"62":{"start":{"line":150,"column":20},"end":{"line":150,"column":70}},"63":{"start":{"line":151,"column":20},"end":{"line":151,"column":32}},"64":{"start":{"line":154,"column":20},"end":{"line":154,"column":37}},"65":{"start":{"line":160,"column":20},"end":{"line":183,"column":63}},"66":{"start":{"line":184,"column":8},"end":{"line":194,"column":11}},"67":{"start":{"line":185,"column":12},"end":{"line":193,"column":15}},"68":{"start":{"line":186,"column":16},"end":{"line":192,"column":17}},"69":{"start":{"line":187,"column":20},"end":{"line":187,"column":70}},"70":{"start":{"line":188,"column":20},"end":{"line":188,"column":32}},"71":{"start":{"line":191,"column":20},"end":{"line":191,"column":37}},"72":{"start":{"line":197,"column":0},"end":{"line":197,"column":50}}},"fnMap":{"0":{"name":"(anonymous_0)","decl":{"start":{"line":9,"column":4},"end":{"line":9,"column":5}},"loc":{"start":{"line":9,"column":18},"end":{"line":14,"column":5}},"line":9},"1":{"name":"(anonymous_1)","decl":{"start":{"line":15,"column":4},"end":{"line":15,"column":5}},"loc":{"start":{"line":15,"column":27},"end":{"line":41,"column":5}},"line":15},"2":{"name":"(anonymous_2)","decl":{"start":{"line":17,"column":27},"end":{"line":17,"column":28}},"loc":{"start":{"line":17,"column":48},"end":{"line":40,"column":9}},"line":17},"3":{"name":"(anonymous_3)","decl":{"start":{"line":19,"column":46},"end":{"line":19,"column":47}},"loc":{"start":{"line":19,"column":55},"end":{"line":39,"column":13}},"line":19},"4":{"name":"(anonymous_4)","decl":{"start":{"line":20,"column":38},"end":{"line":20,"column":39}},"loc":{"start":{"line":20,"column":49},"end":{"line":29,"column":17}},"line":20},"5":{"name":"(anonymous_5)","decl":{"start":{"line":31,"column":65},"end":{"line":31,"column":66}},"loc":{"start":{"line":31,"column":91},"end":{"line":38,"column":17}},"line":31},"6":{"name":"(anonymous_6)","decl":{"start":{"line":42,"column":4},"end":{"line":42,"column":5}},"loc":{"start":{"line":42,"column":19},"end":{"line":75,"column":5}},"line":42},"7":{"name":"(anonymous_7)","decl":{"start":{"line":64,"column":27},"end":{"line":64,"column":28}},"loc":{"start":{"line":64,"column":48},"end":{"line":74,"column":9}},"line":64},"8":{"name":"(anonymous_8)","decl":{"start":{"line":65,"column":47},"end":{"line":65,"column":48}},"loc":{"start":{"line":65,"column":65},"end":{"line":73,"column":13}},"line":65},"9":{"name":"(anonymous_9)","decl":{"start":{"line":76,"column":4},"end":{"line":76,"column":5}},"loc":{"start":{"line":76,"column":30},"end":{"line":110,"column":5}},"line":76},"10":{"name":"(anonymous_10)","decl":{"start":{"line":99,"column":27},"end":{"line":99,"column":28}},"loc":{"start":{"line":99,"column":48},"end":{"line":109,"column":9}},"line":99},"11":{"name":"(anonymous_11)","decl":{"start":{"line":100,"column":47},"end":{"line":100,"column":48}},"loc":{"start":{"line":100,"column":65},"end":{"line":108,"column":13}},"line":100},"12":{"name":"(anonymous_12)","decl":{"start":{"line":111,"column":4},"end":{"line":111,"column":5}},"loc":{"start":{"line":111,"column":43},"end":{"line":124,"column":5}},"line":111},"13":{"name":"(anonymous_13)","decl":{"start":{"line":114,"column":27},"end":{"line":114,"column":28}},"loc":{"start":{"line":114,"column":48},"end":{"line":123,"column":9}},"line":114},"14":{"name":"(anonymous_14)","decl":{"start":{"line":117,"column":39},"end":{"line":117,"column":40}},"loc":{"start":{"line":117,"column":48},"end":{"line":119,"column":13}},"line":117},"15":{"name":"(anonymous_15)","decl":{"start":{"line":120,"column":23},"end":{"line":120,"column":24}},"loc":{"start":{"line":120,"column":32},"end":{"line":122,"column":13}},"line":120},"16":{"name":"(anonymous_16)","decl":{"start":{"line":125,"column":4},"end":{"line":125,"column":5}},"loc":{"start":{"line":125,"column":39},"end":{"line":140,"column":5}},"line":125},"17":{"name":"(anonymous_17)","decl":{"start":{"line":126,"column":27},"end":{"line":126,"column":28}},"loc":{"start":{"line":126,"column":48},"end":{"line":139,"column":9}},"line":126},"18":{"name":"(anonymous_18)","decl":{"start":{"line":128,"column":35},"end":{"line":128,"column":36}},"loc":{"start":{"line":128,"column":46},"end":{"line":132,"column":13}},"line":128},"19":{"name":"(anonymous_19)","decl":{"start":{"line":133,"column":39},"end":{"line":133,"column":40}},"loc":{"start":{"line":133,"column":52},"end":{"line":135,"column":13}},"line":133},"20":{"name":"(anonymous_20)","decl":{"start":{"line":135,"column":21},"end":{"line":135,"column":22}},"loc":{"start":{"line":135,"column":30},"end":{"line":138,"column":13}},"line":135},"21":{"name":"(anonymous_21)","decl":{"start":{"line":141,"column":4},"end":{"line":141,"column":5}},"loc":{"start":{"line":141,"column":31},"end":{"line":158,"column":5}},"line":141},"22":{"name":"(anonymous_22)","decl":{"start":{"line":147,"column":27},"end":{"line":147,"column":28}},"loc":{"start":{"line":147,"column":48},"end":{"line":157,"column":9}},"line":147},"23":{"name":"(anonymous_23)","decl":{"start":{"line":148,"column":47},"end":{"line":148,"column":48}},"loc":{"start":{"line":148,"column":65},"end":{"line":156,"column":13}},"line":148},"24":{"name":"(anonymous_24)","decl":{"start":{"line":159,"column":4},"end":{"line":159,"column":5}},"loc":{"start":{"line":159,"column":40},"end":{"line":195,"column":5}},"line":159},"25":{"name":"(anonymous_25)","decl":{"start":{"line":184,"column":27},"end":{"line":184,"column":28}},"loc":{"start":{"line":184,"column":48},"end":{"line":194,"column":9}},"line":184},"26":{"name":"(anonymous_26)","decl":{"start":{"line":185,"column":47},"end":{"line":185,"column":48}},"loc":{"start":{"line":185,"column":65},"end":{"line":193,"column":13}},"line":185}},"branchMap":{"0":{"loc":{"start":{"line":32,"column":20},"end":{"line":37,"column":21}},"type":"if","locations":[{"start":{"line":32,"column":20},"end":{"line":37,"column":21}},{"start":{"line":32,"column":20},"end":{"line":37,"column":21}}],"line":32},"1":{"loc":{"start":{"line":66,"column":16},"end":{"line":72,"column":17}},"type":"if","locations":[{"start":{"line":66,"column":16},"end":{"line":72,"column":17}},{"start":{"line":66,"column":16},"end":{"line":72,"column":17}}],"line":66},"2":{"loc":{"start":{"line":101,"column":16},"end":{"line":107,"column":17}},"type":"if","locations":[{"start":{"line":101,"column":16},"end":{"line":107,"column":17}},{"start":{"line":101,"column":16},"end":{"line":107,"column":17}}],"line":101},"3":{"loc":{"start":{"line":149,"column":16},"end":{"line":155,"column":17}},"type":"if","locations":[{"start":{"line":149,"column":16},"end":{"line":155,"column":17}},{"start":{"line":149,"column":16},"end":{"line":155,"column":17}}],"line":149},"4":{"loc":{"start":{"line":186,"column":16},"end":{"line":192,"column":17}},"type":"if","locations":[{"start":{"line":186,"column":16},"end":{"line":192,"column":17}},{"start":{"line":186,"column":16},"end":{"line":192,"column":17}}],"line":186}},"s":{"0":1,"1":1,"2":1,"3":1,"4":1,"5":1,"6":2,"7":2,"8":2,"9":2,"10":0,"11":0,"12":0,"13":0,"14":0,"15":0,"16":0,"17":0,"18":0,"19":0,"20":0,"21":0,"22":0,"23":0,"24":0,"25":0,"26":0,"27":0,"28":0,"29":0,"30":0,"31":0,"32":0,"33":0,"34":0,"35":0,"36":0,"37":0,"38":0,"39":0,"40":0,"41":0,"42":0,"43":0,"44":0,"45":0,"46":0,"47":0,"48":0,"49":0,"50":0,"51":0,"52":0,"53":0,"54":0,"55":0,"56":0,"57":0,"58":0,"59":0,"60":0,"61":0,"62":0,"63":0,"64":0,"65":0,"66":0,"67":0,"68":0,"69":0,"70":0,"71":0,"72":1},"f":{"0":2,"1":0,"2":0,"3":0,"4":0,"5":0,"6":0,"7":0,"8":0,"9":0,"10":0,"11":0,"12":0,"13":0,"14":0,"15":0,"16":0,"17":0,"18":0,"19":0,"20":0,"21":0,"22":0,"23":0,"24":0,"25":0,"26":0},"b":{"0":[0,0],"1":[0,0],"2":[0,0],"3":[0,0],"4":[0,0]},"_coverageSchema":"43e27e138ebf9cfc5966b082cf9a028302ed4184","hash":"6fff9c6b0c0904d73596de962abe3ba4959c7cf6","contentHash":"4e01210aba7f40c9de069357a160cbe7"},"F:\\projects\\customerOrders-server\\data\\repositories\\orderRepository.ts":{"path":"F:\\projects\\customerOrders-server\\data\\repositories\\orderRepository.ts","statementMap":{"0":{"start":{"line":2,"column":0},"end":{"line":2,"column":62}},"1":{"start":{"line":3,"column":23},"end":{"line":3,"column":48}},"2":{"start":{"line":4,"column":23},"end":{"line":4,"column":62}},"3":{"start":{"line":5,"column":23},"end":{"line":5,"column":63}},"4":{"start":{"line":6,"column":23},"end":{"line":6,"column":56}},"5":{"start":{"line":9,"column":8},"end":{"line":9,"column":16}},"6":{"start":{"line":10,"column":8},"end":{"line":10,"column":34}},"7":{"start":{"line":11,"column":8},"end":{"line":11,"column":38}},"8":{"start":{"line":12,"column":8},"end":{"line":12,"column":39}},"9":{"start":{"line":15,"column":21},"end":{"line":15,"column":23}},"10":{"start":{"line":16,"column":20},"end":{"line":16,"column":22}},"11":{"start":{"line":17,"column":8},"end":{"line":17,"column":36}},"12":{"start":{"line":18,"column":8},"end":{"line":18,"column":27}},"13":{"start":{"line":19,"column":8},"end":{"line":30,"column":11}},"14":{"start":{"line":20,"column":30},"end":{"line":20,"column":86}},"15":{"start":{"line":21,"column":12},"end":{"line":29,"column":15}},"16":{"start":{"line":22,"column":16},"end":{"line":28,"column":17}},"17":{"start":{"line":23,"column":20},"end":{"line":23,"column":57}},"18":{"start":{"line":24,"column":20},"end":{"line":24,"column":32}},"19":{"start":{"line":27,"column":20},"end":{"line":27,"column":46}},"20":{"start":{"line":33,"column":8},"end":{"line":44,"column":11}},"21":{"start":{"line":34,"column":26},"end":{"line":34,"column":72}},"22":{"start":{"line":35,"column":12},"end":{"line":43,"column":15}},"23":{"start":{"line":36,"column":16},"end":{"line":42,"column":17}},"24":{"start":{"line":37,"column":20},"end":{"line":37,"column":57}},"25":{"start":{"line":38,"column":20},"end":{"line":38,"column":32}},"26":{"start":{"line":41,"column":20},"end":{"line":41,"column":37}},"27":{"start":{"line":47,"column":0},"end":{"line":47,"column":42}}},"fnMap":{"0":{"name":"(anonymous_0)","decl":{"start":{"line":8,"column":4},"end":{"line":8,"column":5}},"loc":{"start":{"line":8,"column":18},"end":{"line":13,"column":5}},"line":8},"1":{"name":"(anonymous_1)","decl":{"start":{"line":14,"column":4},"end":{"line":14,"column":5}},"loc":{"start":{"line":14,"column":24},"end":{"line":31,"column":5}},"line":14},"2":{"name":"(anonymous_2)","decl":{"start":{"line":19,"column":27},"end":{"line":19,"column":28}},"loc":{"start":{"line":19,"column":48},"end":{"line":30,"column":9}},"line":19},"3":{"name":"(anonymous_3)","decl":{"start":{"line":21,"column":61},"end":{"line":21,"column":62}},"loc":{"start":{"line":21,"column":87},"end":{"line":29,"column":13}},"line":21},"4":{"name":"(anonymous_4)","decl":{"start":{"line":32,"column":4},"end":{"line":32,"column":5}},"loc":{"start":{"line":32,"column":20},"end":{"line":45,"column":5}},"line":32},"5":{"name":"(anonymous_5)","decl":{"start":{"line":33,"column":27},"end":{"line":33,"column":28}},"loc":{"start":{"line":33,"column":48},"end":{"line":44,"column":9}},"line":33},"6":{"name":"(anonymous_6)","decl":{"start":{"line":35,"column":51},"end":{"line":35,"column":52}},"loc":{"start":{"line":35,"column":77},"end":{"line":43,"column":13}},"line":35}},"branchMap":{"0":{"loc":{"start":{"line":22,"column":16},"end":{"line":28,"column":17}},"type":"if","locations":[{"start":{"line":22,"column":16},"end":{"line":28,"column":17}},{"start":{"line":22,"column":16},"end":{"line":28,"column":17}}],"line":22},"1":{"loc":{"start":{"line":36,"column":16},"end":{"line":42,"column":17}},"type":"if","locations":[{"start":{"line":36,"column":16},"end":{"line":42,"column":17}},{"start":{"line":36,"column":16},"end":{"line":42,"column":17}}],"line":36}},"s":{"0":1,"1":1,"2":1,"3":1,"4":1,"5":2,"6":2,"7":2,"8":2,"9":0,"10":0,"11":0,"12":0,"13":0,"14":0,"15":0,"16":0,"17":0,"18":0,"19":0,"20":0,"21":0,"22":0,"23":0,"24":0,"25":0,"26":0,"27":1},"f":{"0":2,"1":0,"2":0,"3":0,"4":0,"5":0,"6":0},"b":{"0":[0,0],"1":[0,0]},"_coverageSchema":"43e27e138ebf9cfc5966b082cf9a028302ed4184","hash":"254d539f6027e531cdc43c87cfaf4cfb02a88137","contentHash":"7f5f2fead72d79efef81edd68097edd0"},"F:\\projects\\customerOrders-server\\tests\\data\\repositories\\orderRepository.test.ts":{"path":"F:\\projects\\customerOrders-server\\tests\\data\\repositories\\orderRepository.test.ts","statementMap":{"0":{"start":{"line":2,"column":0},"end":{"line":2,"column":62}},"1":{"start":{"line":3,"column":26},"end":{"line":3,"column":79}},"2":{"start":{"line":4,"column":14},"end":{"line":4,"column":30}},"3":{"start":{"line":5,"column":18},"end":{"line":5,"column":39}},"4":{"start":{"line":6,"column":23},"end":{"line":6,"column":50}},"5":{"start":{"line":7,"column":13},"end":{"line":7,"column":28}},"6":{"start":{"line":8,"column":13},"end":{"line":8,"column":24}},"7":{"start":{"line":9,"column":0},"end":{"line":9,"column":25}},"8":{"start":{"line":10,"column":0},"end":{"line":10,"column":20}},"9":{"start":{"line":11,"column":24},"end":{"line":11,"column":63}},"10":{"start":{"line":12,"column":0},"end":{"line":49,"column":3}},"11":{"start":{"line":15,"column":4},"end":{"line":39,"column":7}},"12":{"start":{"line":16,"column":8},"end":{"line":16,"column":94}},"13":{"start":{"line":17,"column":8},"end":{"line":38,"column":10}},"14":{"start":{"line":40,"column":4},"end":{"line":42,"column":7}},"15":{"start":{"line":41,"column":8},"end":{"line":41,"column":27}},"16":{"start":{"line":43,"column":4},"end":{"line":48,"column":7}},"17":{"start":{"line":44,"column":8},"end":{"line":47,"column":11}},"18":{"start":{"line":45,"column":12},"end":{"line":45,"column":59}},"19":{"start":{"line":46,"column":12},"end":{"line":46,"column":55}},"20":{"start":{"line":50,"column":0},"end":{"line":68,"column":3}},"21":{"start":{"line":52,"column":4},"end":{"line":54,"column":7}},"22":{"start":{"line":53,"column":8},"end":{"line":53,"column":84}},"23":{"start":{"line":55,"column":4},"end":{"line":57,"column":7}},"24":{"start":{"line":56,"column":8},"end":{"line":56,"column":29}},"25":{"start":{"line":58,"column":4},"end":{"line":61,"column":7}},"26":{"start":{"line":59,"column":8},"end":{"line":59,"column":39}},"27":{"start":{"line":60,"column":8},"end":{"line":60,"column":54}},"28":{"start":{"line":62,"column":4},"end":{"line":67,"column":7}},"29":{"start":{"line":63,"column":8},"end":{"line":66,"column":11}},"30":{"start":{"line":65,"column":12},"end":{"line":65,"column":44}}},"fnMap":{"0":{"name":"(anonymous_0)","decl":{"start":{"line":12,"column":28},"end":{"line":12,"column":29}},"loc":{"start":{"line":12,"column":40},"end":{"line":49,"column":1}},"line":12},"1":{"name":"(anonymous_1)","decl":{"start":{"line":15,"column":15},"end":{"line":15,"column":16}},"loc":{"start":{"line":15,"column":21},"end":{"line":39,"column":5}},"line":15},"2":{"name":"(anonymous_2)","decl":{"start":{"line":40,"column":14},"end":{"line":40,"column":15}},"loc":{"start":{"line":40,"column":20},"end":{"line":42,"column":5}},"line":40},"3":{"name":"(anonymous_3)","decl":{"start":{"line":43,"column":49},"end":{"line":43,"column":50}},"loc":{"start":{"line":43,"column":61},"end":{"line":48,"column":5}},"line":43},"4":{"name":"(anonymous_4)","decl":{"start":{"line":44,"column":48},"end":{"line":44,"column":49}},"loc":{"start":{"line":44,"column":57},"end":{"line":47,"column":9}},"line":44},"5":{"name":"(anonymous_5)","decl":{"start":{"line":50,"column":27},"end":{"line":50,"column":28}},"loc":{"start":{"line":50,"column":39},"end":{"line":68,"column":1}},"line":50},"6":{"name":"(anonymous_6)","decl":{"start":{"line":52,"column":15},"end":{"line":52,"column":16}},"loc":{"start":{"line":52,"column":21},"end":{"line":54,"column":5}},"line":52},"7":{"name":"(anonymous_7)","decl":{"start":{"line":55,"column":14},"end":{"line":55,"column":15}},"loc":{"start":{"line":55,"column":20},"end":{"line":57,"column":5}},"line":55},"8":{"name":"(anonymous_8)","decl":{"start":{"line":58,"column":48},"end":{"line":58,"column":49}},"loc":{"start":{"line":58,"column":60},"end":{"line":61,"column":5}},"line":58},"9":{"name":"(anonymous_9)","decl":{"start":{"line":62,"column":53},"end":{"line":62,"column":54}},"loc":{"start":{"line":62,"column":65},"end":{"line":67,"column":5}},"line":62},"10":{"name":"(anonymous_10)","decl":{"start":{"line":64,"column":18},"end":{"line":64,"column":19}},"loc":{"start":{"line":64,"column":27},"end":{"line":66,"column":9}},"line":64}},"branchMap":{},"s":{"0":1,"1":1,"2":1,"3":1,"4":1,"5":1,"6":1,"7":1,"8":1,"9":1,"10":1,"11":1,"12":1,"13":1,"14":1,"15":1,"16":1,"17":1,"18":1,"19":1,"20":1,"21":1,"22":2,"23":1,"24":2,"25":1,"26":1,"27":1,"28":1,"29":1,"30":1},"f":{"0":1,"1":1,"2":1,"3":1,"4":1,"5":1,"6":2,"7":2,"8":1,"9":1,"10":1},"b":{},"_coverageSchema":"43e27e138ebf9cfc5966b082cf9a028302ed4184","hash":"7b13201b0c6b9aba93dbbc00b3093c8b68d744fa","contentHash":"6af2dac963007941efe667d9cb38fa91"},"F:\\projects\\customerOrders-server\\tests\\data\\repositories\\productRepoository.test.ts":{"path":"F:\\projects\\customerOrders-server\\tests\\data\\repositories\\productRepoository.test.ts","statementMap":{"0":{"start":{"line":2,"column":0},"end":{"line":2,"column":62}},"1":{"start":{"line":3,"column":28},"end":{"line":3,"column":83}},"2":{"start":{"line":4,"column":14},"end":{"line":4,"column":30}},"3":{"start":{"line":5,"column":18},"end":{"line":5,"column":39}},"4":{"start":{"line":6,"column":23},"end":{"line":6,"column":50}},"5":{"start":{"line":7,"column":13},"end":{"line":7,"column":28}},"6":{"start":{"line":8,"column":10},"end":{"line":8,"column":31}},"7":{"start":{"line":9,"column":13},"end":{"line":9,"column":24}},"8":{"start":{"line":10,"column":0},"end":{"line":10,"column":25}},"9":{"start":{"line":11,"column":0},"end":{"line":11,"column":20}},"10":{"start":{"line":12,"column":26},"end":{"line":12,"column":69}},"11":{"start":{"line":13,"column":0},"end":{"line":39,"column":3}},"12":{"start":{"line":16,"column":4},"end":{"line":28,"column":7}},"13":{"start":{"line":17,"column":8},"end":{"line":17,"column":98}},"14":{"start":{"line":18,"column":8},"end":{"line":27,"column":10}},"15":{"start":{"line":29,"column":4},"end":{"line":31,"column":7}},"16":{"start":{"line":30,"column":8},"end":{"line":30,"column":27}},"17":{"start":{"line":32,"column":4},"end":{"line":38,"column":7}},"18":{"start":{"line":33,"column":8},"end":{"line":33,"column":40}},"19":{"start":{"line":34,"column":8},"end":{"line":37,"column":11}},"20":{"start":{"line":35,"column":12},"end":{"line":35,"column":59}},"21":{"start":{"line":36,"column":12},"end":{"line":36,"column":55}},"22":{"start":{"line":40,"column":0},"end":{"line":67,"column":3}},"23":{"start":{"line":43,"column":4},"end":{"line":52,"column":7}},"24":{"start":{"line":44,"column":8},"end":{"line":44,"column":89}},"25":{"start":{"line":45,"column":8},"end":{"line":51,"column":10}},"26":{"start":{"line":53,"column":4},"end":{"line":55,"column":7}},"27":{"start":{"line":54,"column":8},"end":{"line":54,"column":29}},"28":{"start":{"line":56,"column":4},"end":{"line":60,"column":7}},"29":{"start":{"line":57,"column":8},"end":{"line":57,"column":47}},"30":{"start":{"line":58,"column":8},"end":{"line":58,"column":57}},"31":{"start":{"line":59,"column":8},"end":{"line":59,"column":40}},"32":{"start":{"line":61,"column":4},"end":{"line":66,"column":7}},"33":{"start":{"line":62,"column":8},"end":{"line":65,"column":11}},"34":{"start":{"line":64,"column":12},"end":{"line":64,"column":44}},"35":{"start":{"line":68,"column":0},"end":{"line":86,"column":3}},"36":{"start":{"line":70,"column":4},"end":{"line":72,"column":7}},"37":{"start":{"line":71,"column":8},"end":{"line":71,"column":88}},"38":{"start":{"line":73,"column":4},"end":{"line":75,"column":7}},"39":{"start":{"line":74,"column":8},"end":{"line":74,"column":29}},"40":{"start":{"line":76,"column":4},"end":{"line":79,"column":7}},"41":{"start":{"line":77,"column":8},"end":{"line":77,"column":43}},"42":{"start":{"line":78,"column":8},"end":{"line":78,"column":54}},"43":{"start":{"line":80,"column":4},"end":{"line":85,"column":7}},"44":{"start":{"line":81,"column":8},"end":{"line":84,"column":11}},"45":{"start":{"line":83,"column":12},"end":{"line":83,"column":44}}},"fnMap":{"0":{"name":"(anonymous_0)","decl":{"start":{"line":13,"column":30},"end":{"line":13,"column":31}},"loc":{"start":{"line":13,"column":42},"end":{"line":39,"column":1}},"line":13},"1":{"name":"(anonymous_1)","decl":{"start":{"line":16,"column":15},"end":{"line":16,"column":16}},"loc":{"start":{"line":16,"column":21},"end":{"line":28,"column":5}},"line":16},"2":{"name":"(anonymous_2)","decl":{"start":{"line":29,"column":14},"end":{"line":29,"column":15}},"loc":{"start":{"line":29,"column":20},"end":{"line":31,"column":5}},"line":29},"3":{"name":"(anonymous_3)","decl":{"start":{"line":32,"column":49},"end":{"line":32,"column":50}},"loc":{"start":{"line":32,"column":61},"end":{"line":38,"column":5}},"line":32},"4":{"name":"(anonymous_4)","decl":{"start":{"line":34,"column":52},"end":{"line":34,"column":53}},"loc":{"start":{"line":34,"column":61},"end":{"line":37,"column":9}},"line":34},"5":{"name":"(anonymous_5)","decl":{"start":{"line":40,"column":30},"end":{"line":40,"column":31}},"loc":{"start":{"line":40,"column":42},"end":{"line":67,"column":1}},"line":40},"6":{"name":"(anonymous_6)","decl":{"start":{"line":43,"column":15},"end":{"line":43,"column":16}},"loc":{"start":{"line":43,"column":21},"end":{"line":52,"column":5}},"line":43},"7":{"name":"(anonymous_7)","decl":{"start":{"line":53,"column":14},"end":{"line":53,"column":15}},"loc":{"start":{"line":53,"column":20},"end":{"line":55,"column":5}},"line":53},"8":{"name":"(anonymous_8)","decl":{"start":{"line":56,"column":51},"end":{"line":56,"column":52}},"loc":{"start":{"line":56,"column":63},"end":{"line":60,"column":5}},"line":56},"9":{"name":"(anonymous_9)","decl":{"start":{"line":61,"column":53},"end":{"line":61,"column":54}},"loc":{"start":{"line":61,"column":65},"end":{"line":66,"column":5}},"line":61},"10":{"name":"(anonymous_10)","decl":{"start":{"line":63,"column":18},"end":{"line":63,"column":19}},"loc":{"start":{"line":63,"column":27},"end":{"line":65,"column":9}},"line":63},"11":{"name":"(anonymous_11)","decl":{"start":{"line":68,"column":29},"end":{"line":68,"column":30}},"loc":{"start":{"line":68,"column":41},"end":{"line":86,"column":1}},"line":68},"12":{"name":"(anonymous_12)","decl":{"start":{"line":70,"column":15},"end":{"line":70,"column":16}},"loc":{"start":{"line":70,"column":21},"end":{"line":72,"column":5}},"line":70},"13":{"name":"(anonymous_13)","decl":{"start":{"line":73,"column":14},"end":{"line":73,"column":15}},"loc":{"start":{"line":73,"column":20},"end":{"line":75,"column":5}},"line":73},"14":{"name":"(anonymous_14)","decl":{"start":{"line":76,"column":48},"end":{"line":76,"column":49}},"loc":{"start":{"line":76,"column":60},"end":{"line":79,"column":5}},"line":76},"15":{"name":"(anonymous_15)","decl":{"start":{"line":80,"column":53},"end":{"line":80,"column":54}},"loc":{"start":{"line":80,"column":65},"end":{"line":85,"column":5}},"line":80},"16":{"name":"(anonymous_16)","decl":{"start":{"line":82,"column":18},"end":{"line":82,"column":19}},"loc":{"start":{"line":82,"column":27},"end":{"line":84,"column":9}},"line":82}},"branchMap":{},"s":{"0":1,"1":1,"2":1,"3":1,"4":1,"5":1,"6":1,"7":1,"8":1,"9":1,"10":1,"11":1,"12":1,"13":1,"14":1,"15":1,"16":1,"17":1,"18":1,"19":1,"20":1,"21":1,"22":1,"23":1,"24":2,"25":2,"26":1,"27":2,"28":1,"29":1,"30":1,"31":1,"32":1,"33":1,"34":1,"35":1,"36":1,"37":2,"38":1,"39":2,"40":1,"41":1,"42":1,"43":1,"44":1,"45":1},"f":{"0":1,"1":1,"2":1,"3":1,"4":1,"5":1,"6":2,"7":2,"8":1,"9":1,"10":1,"11":1,"12":2,"13":2,"14":1,"15":1,"16":1},"b":{},"_coverageSchema":"43e27e138ebf9cfc5966b082cf9a028302ed4184","hash":"a7a587efea431578a45be932f8303e8f98290e33","contentHash":"ffd8b3548e09806502f151fb53f75047"},"F:\\projects\\customerOrders-server\\data\\repositories\\productRepository.ts":{"path":"F:\\projects\\customerOrders-server\\data\\repositories\\productRepository.ts","statementMap":{"0":{"start":{"line":2,"column":0},"end":{"line":2,"column":62}},"1":{"start":{"line":3,"column":23},"end":{"line":3,"column":48}},"2":{"start":{"line":4,"column":23},"end":{"line":4,"column":62}},"3":{"start":{"line":5,"column":23},"end":{"line":5,"column":63}},"4":{"start":{"line":6,"column
[...]
"22":0,"23":0,"24":1},"f":{"0":0,"1":0,"2":0,"3":0,"4":0,"5":0,"6":0,"7":0,"8":0,"9":0,"10":0,"11":0,"12":0,"13":0,"14":0,"15":0},"b":{"0":[1,1,1],"1":[0,0],"2":[0,0],"3":[0,0]},"_coverageSchema":"43e27e138ebf9cfc5966b082cf9a028302ed4184","hash":"d9ddc44684f5b90e84f2bb47b8ef7fa420261c58","contentHash":"53d6febe51f5306a601320218aecb250"},"F:\\projects\\customerOrders-server\\tests\\services\\productService.test.ts":{"path":"F:\\projects\\customerOrders-server\\tests\\services\\productService.test.ts","statementMap":{"0":{"start":{"line":2,"column":0},"end":{"line":2,"column":62}},"1":{"start":{"line":3,"column":25},"end":{"line":3,"column":65}},"2":{"start":{"line":4,"column":14},"end":{"line":4,"column":30}},"3":{"start":{"line":5,"column":18},"end":{"line":5,"column":39}},"4":{"start":{"line":6,"column":23},"end":{"line":6,"column":50}},"5":{"start":{"line":7,"column":13},"end":{"line":7,"column":28}},"6":{"start":{"line":8,"column":10},"end":{"line":8,"column":31}},"7":{"start":{"line":9,"column":13},"end":{"line":9,"column":24}},"8":{"start":{"line":10,"column":0},"end":{"line":10,"column":25}},"9":{"start":{"line":11,"column":0},"end":{"line":11,"column":20}},"10":{"start":{"line":12,"column":23},"end":{"line":12,"column":60}},"11":{"start":{"line":13,"column":0},"end":{"line":39,"column":3}},"12":{"start":{"line":16,"column":4},"end":{"line":28,"column":7}},"13":{"start":{"line":17,"column":8},"end":{"line":17,"column":95}},"14":{"start":{"line":18,"column":8},"end":{"line":27,"column":10}},"15":{"start":{"line":29,"column":4},"end":{"line":31,"column":7}},"16":{"start":{"line":30,"column":8},"end":{"line":30,"column":27}},"17":{"start":{"line":32,"column":4},"end":{"line":38,"column":7}},"18":{"start":{"line":33,"column":8},"end":{"line":33,"column":40}},"19":{"start":{"line":34,"column":8},"end":{"line":37,"column":11}},"20":{"start":{"line":35,"column":12},"end":{"line":35,"column":59}},"21":{"start":{"line":36,"column":12},"end":{"line":36,"column":55}},"22":{"start":{"line":40,"column":0},"end":{"line":56,"column":3}},"23":{"start":{"line":42,"column":4},"end":{"line":44,"column":7}},"24":{"start":{"line":43,"column":8},"end":{"line":43,"column":81}},"25":{"start":{"line":45,"column":4},"end":{"line":47,"column":7}},"26":{"start":{"line":46,"column":8},"end":{"line":46,"column":23}},"27":{"start":{"line":48,"column":4},"end":{"line":48,"column":34}},"28":{"start":{"line":48,"column":28},"end":{"line":48,"column":32}},"29":{"start":{"line":49,"column":4},"end":{"line":55,"column":7}},"30":{"start":{"line":50,"column":8},"end":{"line":54,"column":11}},"31":{"start":{"line":52,"column":12},"end":{"line":52,"column":47}},"32":{"start":{"line":53,"column":12},"end":{"line":53,"column":48}},"33":{"start":{"line":57,"column":0},"end":{"line":77,"column":3}},"34":{"start":{"line":59,"column":4},"end":{"line":61,"column":7}},"35":{"start":{"line":60,"column":8},"end":{"line":60,"column":77}},"36":{"start":{"line":62,"column":4},"end":{"line":64,"column":7}},"37":{"start":{"line":63,"column":8},"end":{"line":63,"column":23}},"38":{"start":{"line":65,"column":4},"end":{"line":65,"column":34}},"39":{"start":{"line":65,"column":28},"end":{"line":65,"column":32}},"40":{"start":{"line":66,"column":4},"end":{"line":69,"column":7}},"41":{"start":{"line":67,"column":8},"end":{"line":67,"column":37}},"42":{"start":{"line":68,"column":8},"end":{"line":68,"column":48}},"43":{"start":{"line":70,"column":4},"end":{"line":76,"column":7}},"44":{"start":{"line":71,"column":8},"end":{"line":75,"column":11}},"45":{"start":{"line":73,"column":12},"end":{"line":73,"column":47}},"46":{"start":{"line":74,"column":12},"end":{"line":74,"column":48}},"47":{"start":{"line":78,"column":0},"end":{"line":105,"column":3}},"48":{"start":{"line":81,"column":4},"end":{"line":90,"column":7}},"49":{"start":{"line":82,"column":8},"end":{"line":82,"column":86}},"50":{"start":{"line":83,"column":8},"end":{"line":89,"column":10}},"51":{"start":{"line":91,"column":4},"end":{"line":93,"column":7}},"52":{"start":{"line":92,"column":8},"end":{"line":92,"column":29}},"53":{"start":{"line":94,"column":4},"end":{"line":98,"column":7}},"54":{"start":{"line":95,"column":8},"end":{"line":95,"column":44}},"55":{"start":{"line":96,"column":8},"end":{"line":96,"column":57}},"56":{"start":{"line":97,"column":8},"end":{"line":97,"column":40}},"57":{"start":{"line":99,"column":4},"end":{"line":104,"column":7}},"58":{"start":{"line":100,"column":8},"end":{"line":103,"column":11}},"59":{"start":{"line":102,"column":12},"end":{"line":102,"column":44}},"60":{"start":{"line":106,"column":0},"end":{"line":124,"column":3}},"61":{"start":{"line":108,"column":4},"end":{"line":110,"column":7}},"62":{"start":{"line":109,"column":8},"end":{"line":109,"column":85}},"63":{"start":{"line":111,"column":4},"end":{"line":113,"column":7}},"64":{"start":{"line":112,"column":8},"end":{"line":112,"column":29}},"65":{"start":{"line":114,"column":4},"end":{"line":117,"column":7}},"66":{"start":{"line":115,"column":8},"end":{"line":115,"column":40}},"67":{"start":{"line":116,"column":8},"end":{"line":116,"column":54}},"68":{"start":{"line":118,"column":4},"end":{"line":123,"column":7}},"69":{"start":{"line":119,"column":8},"end":{"line":122,"column":11}},"70":{"start":{"line":121,"column":12},"end":{"line":121,"column":44}},"71":{"start":{"line":125,"column":0},"end":{"line":138,"column":3}},"72":{"start":{"line":127,"column":4},"end":{"line":129,"column":7}},"73":{"start":{"line":128,"column":8},"end":{"line":128,"column":76}},"74":{"start":{"line":130,"column":4},"end":{"line":132,"column":7}},"75":{"start":{"line":131,"column":8},"end":{"line":131,"column":28}},"76":{"start":{"line":133,"column":4},"end":{"line":137,"column":7}},"77":{"start":{"line":134,"column":8},"end":{"line":136,"column":11}},"78":{"start":{"line":135,"column":12},"end":{"line":135,"column":38}}},"fnMap":{"0":{"name":"(anonymous_0)","decl":{"start":{"line":13,"column":39},"end":{"line":13,"column":40}},"loc":{"start":{"line":13,"column":51},"end":{"line":39,"column":1}},"line":13},"1":{"name":"(anonymous_1)","decl":{"start":{"line":16,"column":15},"end":{"line":16,"column":16}},"loc":{"start":{"line":16,"column":21},"end":{"line":28,"column":5}},"line":16},"2":{"name":"(anonymous_2)","decl":{"start":{"line":29,"column":14},"end":{"line":29,"column":15}},"loc":{"start":{"line":29,"column":20},"end":{"line":31,"column":5}},"line":29},"3":{"name":"(anonymous_3)","decl":{"start":{"line":32,"column":49},"end":{"line":32,"column":50}},"loc":{"start":{"line":32,"column":61},"end":{"line":38,"column":5}},"line":32},"4":{"name":"(anonymous_4)","decl":{"start":{"line":34,"column":49},"end":{"line":34,"column":50}},"loc":{"start":{"line":34,"column":58},"end":{"line":37,"column":9}},"line":34},"5":{"name":"(anonymous_5)","decl":{"start":{"line":40,"column":39},"end":{"line":40,"column":40}},"loc":{"start":{"line":40,"column":51},"end":{"line":56,"column":1}},"line":40},"6":{"name":"(anonymous_6)","decl":{"start":{"line":42,"column":15},"end":{"line":42,"column":16}},"loc":{"start":{"line":42,"column":21},"end":{"line":44,"column":5}},"line":42},"7":{"name":"(anonymous_7)","decl":{"start":{"line":45,"column":19},"end":{"line":45,"column":20}},"loc":{"start":{"line":45,"column":25},"end":{"line":47,"column":5}},"line":45},"8":{"name":"(anonymous_8)","decl":{"start":{"line":48,"column":22},"end":{"line":48,"column":23}},"loc":{"start":{"line":48,"column":28},"end":{"line":48,"column":32}},"line":48},"9":{"name":"(anonymous_9)","decl":{"start":{"line":49,"column":38},"end":{"line":49,"column":39}},"loc":{"start":{"line":49,"column":44},"end":{"line":55,"column":5}},"line":49},"10":{"name":"(anonymous_10)","decl":{"start":{"line":51,"column":18},"end":{"line":51,"column":19}},"loc":{"start":{"line":51,"column":30},"end":{"line":54,"column":9}},"line":51},"11":{"name":"(anonymous_11)","decl":{"start":{"line":57,"column":35},"end":{"line":57,"column":36}},"loc":{"start":{"line":57,"column":47},"end":{"line":77,"column":1}},"line":57},"12":{"name":"(anonymous_12)","decl":{"start":{"line":59,"column":15},"end":{"line":59,"column":16}},"loc":{"start":{"line":59,"column":21},"end":{"line":61,"column":5}},"line":59},"13":{"name":"(anonymous_13)","decl":{"start":{"line":62,"column":19},"end":{"line":62,"column":20}},"loc":{"start":{"line":62,"column":25},"end":{"line":64,"column":5}},"line":62},"14":{"name":"(anonymous_14)","decl":{"start":{"line":65,"column":22},"end":{"line":65,"column":23}},"loc":{"start":{"line":65,"column":28},"end":{"line":65,"column":32}},"line":65},"15":{"name":"(anonymous_15)","decl":{"start":{"line":66,"column":41},"end":{"line":66,"column":42}},"loc":{"start":{"line":66,"column":53},"end":{"line":69,"column":5}},"line":66},"16":{"name":"(anonymous_16)","decl":{"start":{"line":70,"column":42},"end":{"line":70,"column":43}},"loc":{"start":{"line":70,"column":48},"end":{"line":76,"column":5}},"line":70},"17":{"name":"(anonymous_17)","decl":{"start":{"line":72,"column":18},"end":{"line":72,"column":19}},"loc":{"start":{"line":72,"column":30},"end":{"line":75,"column":9}},"line":72},"18":{"name":"(anonymous_18)","decl":{"start":{"line":78,"column":39},"end":{"line":78,"column":40}},"loc":{"start":{"line":78,"column":51},"end":{"line":105,"column":1}},"line":78},"19":{"name":"(anonymous_19)","decl":{"start":{"line":81,"column":15},"end":{"line":81,"column":16}},"loc":{"start":{"line":81,"column":21},"end":{"line":90,"column":5}},"line":81},"20":{"name":"(anonymous_20)","decl":{"start":{"line":91,"column":14},"end":{"line":91,"column":15}},"loc":{"start":{"line":91,"column":20},"end":{"line":93,"column":5}},"line":91},"21":{"name":"(anonymous_21)","decl":{"start":{"line":94,"column":51},"end":{"line":94,"column":52}},"loc":{"start":{"line":94,"column":63},"end":{"line":98,"column":5}},"line":94},"22":{"name":"(anonymous_22)","decl":{"start":{"line":99,"column":53},"end":{"line":99,"column":54}},"loc":{"start":{"line":99,"column":65},"end":{"line":104,"column":5}},"line":99},"23":{"name":"(anonymous_23)","decl":{"start":{"line":101,"column":18},"end":{"line":101,"column":19}},"loc":{"start":{"line":101,"column":27},"end":{"line":103,"column":9}},"line":101},"24":{"name":"(anonymous_24)","decl":{"start":{"line":106,"column":38},"end":{"line":106,"column":39}},"loc":{"start":{"line":106,"column":50},"end":{"line":124,"column":1}},"line":106},"25":{"name":"(anonymous_25)","decl":{"start":{"line":108,"column":15},"end":{"line":108,"column":16}},"loc":{"start":{"line":108,"column":21},"end":{"line":110,"column":5}},"line":108},"26":{"name":"(anonymous_26)","decl":{"start":{"line":111,"column":14},"end":{"line":111,"column":15}},"loc":{"start":{"line":111,"column":20},"end":{"line":113,"column":5}},"line":111},"27":{"name":"(anonymous_27)","decl":{"start":{"line":114,"column":48},"end":{"line":114,"column":49}},"loc":{"start":{"line":114,"column":60},"end":{"line":117,"column":5}},"line":114},"28":{"name":"(anonymous_28)","decl":{"start":{"line":118,"column":53},"end":{"line":118,"column":54}},"loc":{"start":{"line":118,"column":65},"end":{"line":123,"column":5}},"line":118},"29":{"name":"(anonymous_29)","decl":{"start":{"line":120,"column":18},"end":{"line":120,"column":19}},"loc":{"start":{"line":120,"column":27},"end":{"line":122,"column":9}},"line":120},"30":{"name":"(anonymous_30)","decl":{"start":{"line":125,"column":71},"end":{"line":125,"column":72}},"loc":{"start":{"line":125,"column":83},"end":{"line":138,"column":1}},"line":125},"31":{"name":"(anonymous_31)","decl":{"start":{"line":127,"column":15},"end":{"line":127,"column":16}},"loc":{"start":{"line":127,"column":21},"end":{"line":129,"column":5}},"line":127},"32":{"name":"(anonymous_32)","decl":{"start":{"line":130,"column":14},"end":{"line":130,"column":15}},"loc":{"start":{"line":130,"column":20},"end":{"line":132,"column":5}},"line":130},"33":{"name":"(anonymous_33)","decl":{"start":{"line":133,"column":44},"end":{"line":133,"column":45}},"loc":{"start":{"line":133,"column":56},"end":{"line":137,"column":5}},"line":133},"34":{"name":"(anonymous_34)","decl":{"start":{"line":134,"column":44},"end":{"line":134,"column":45}},"loc":{"start":{"line":134,"column":55},"end":{"line":136,"column":9}},"line":134}},"branchMap":{},"s":{"0":1,"1":1,"2":1,"3":1,"4":1,"5":1,"6":1,"7":1,"8":1,"9":1,"10":1,"11":1,"12":1,"13":1,"14":1,"15":1,"16":1,"17":1,"18":1,"19":1,"20":1,"21":1,"22":1,"23":1,"24":2,"25":1,"26":2,"27":1,"28":1,"29":1,"30":1,"31":1,"32":1,"33":1,"34":1,"35":3,"36":1,"37":3,"38":1,"39":1,"40":1,"41":1,"42":1,"43":1,"44":1,"45":1,"46":1,"47":1,"48":1,"49":2,"50":2,"51":1,"52":2,"53":1,"54":1,"55":1,"56":1,"57":1,"58":1,"59":1,"60":1,"61":1,"62":2,"63":1,"64":2,"65":1,"66":1,"67":1,"68":1,"69":1,"70":1,"71":1,"72":1,"73":1,"74":1,"75":1,"76":1,"77":1,"78":1},"f":{"0":1,"1":1,"2":1,"3":1,"4":1,"5":1,"6":2,"7":2,"8":1,"9":1,"10":1,"11":1,"12":3,"13":3,"14":1,"15":1,"16":1,"17":1,"18":1,"19":2,"20":2,"21":1,"22":1,"23":1,"24":1,"25":2,"26":2,"27":1,"28":1,"29":1,"30":1,"31":1,"32":1,"33":1,"34":1},"b":{},"_coverageSchema":"43e27e138ebf9cfc5966b082cf9a028302ed4184","hash":"6e062e1fed04e5d10eb03a601ce8f90b0e459ec0","contentHash":"64792d284e551085cf40f102ed4cf0cb"},"F:\\projects\\customerOrders-server\\services\\productService.ts":{"path":"F:\\projects\\customerOrders-server\\services\\productService.ts","statementMap":{"0":{"start":{"line":2,"column":16},"end":{"line":9,"column":1}},"1":{"start":{"line":3,"column":4},"end":{"line":8,"column":7}},"2":{"start":{"line":4,"column":36},"end":{"line":4,"column":97}},"3":{"start":{"line":4,"column":42},"end":{"line":4,"column":70}},"4":{"start":{"line":4,"column":85},"end":{"line":4,"column":95}},"5":{"start":{"line":5,"column":35},"end":{"line":5,"column":100}},"6":{"start":{"line":5,"column":41},"end":{"line":5,"column":73}},"7":{"start":{"line":5,"column":88},"end":{"line":5,"column":98}},"8":{"start":{"line":6,"column":32},"end":{"line":6,"column":149}},"9":{"start":{"line":6,"column":97},"end":{"line":6,"column":119}},"10":{"start":{"line":7,"column":8},"end":{"line":7,"column":78}},"11":{"start":{"line":10,"column":0},"end":{"line":10,"column":62}},"12":{"start":{"line":11,"column":28},"end":{"line":11,"column":77}},"13":{"start":{"line":12,"column":20},"end":{"line":12,"column":63}},"14":{"start":{"line":15,"column":8},"end":{"line":17,"column":11}},"15":{"start":{"line":16,"column":12},"end":{"line":16,"column":64}},"16":{"start":{"line":20,"column":8},"end":{"line":22,"column":11}},"17":{"start":{"line":21,"column":12},"end":{"line":21,"column":47}},"18":{"start":{"line":25,"column":8},"end":{"line":27,"column":11}},"19":{"start":{"line":26,"column":12},"end":{"line":26,"column":49}},"20":{"start":{"line":30,"column":8},"end":{"line":32,"column":11}},"21":{"start":{"line":31,"column":12},"end":{"line":31,"column":64}},"22":{"start":{"line":35,"column":8},"end":{"line":37,"column":11}},"23":{"start":{"line":36,"column":12},"end":{"line":36,"column":55}},"24":{"start":{"line":40,"column":8},"end":{"line":42,"column":11}},"25":{"start":{"line":41,"column":12},"end":{"line":41,"column":48}},"26":{"start":{"line":45,"column":0},"end":{"line":45,"column":40}}},"fnMap":{"0":{"name":"(anonymous_0)","decl":{"start":{"line":2,"column":44},"end":{"line":2,"column":45}},"loc":{"start":{"line":2,"column":89},"end":{"line":9,"column":1}},"line":2},"1":{"name":"(anonymous_1)","decl":{"start":{"line":3,"column":36},"end":{"line":3,"column":37}},"loc":{"start":{"line":3,"column":63},"end":{"line":8,"column":5}},"line":3},"2":{"name":"fulfilled","decl":{"start":{"line":4,"column":17},"end":{"line":4,"column":26}},"loc":{"start":{"line":4,"column":34},"end":{"line":4,"column":99}},"line":4},"3":{"name":"rejected","decl":{"start":{"line":5,"column":17},"end":{"line":5,"column":25}},"loc":{"start":{"line":5,"column":33},"end":{"line":5,"column":102}},"line":5},"4":{"name":"step","decl":{"start":{"line":6,"column":17},"end":{"line":6,"column":21}},"loc":{"start":{"line":6,"column":30},"end":{"line":6,"column":151}},"line":6},"5":{"name":"(anonymous_5)","decl":{"start":{"line":6,"column":76},"end":{"line":6,"column":77}},"loc":{"start":{"line":6,"column":95},"end":{"line":6,"column":121}},"line":6},"6":{"name":"(anonymous_6)","decl":{"start":{"line":14,"column":4},"end":{"line":14,"column":5}},"loc":{"start":{"line":14,"column":29},"end":{"line":18,"column":5}},"line":14},"7":{"name":"(anonymous_7)","decl":{"start":{"line":15,"column":47},"end":{"line":15,"column":48}},"loc":{"start":{"line":15,"column":60},"end":{"line":17,"column":9}},"line":15},"8":{"name":"(anonymous_8)","decl":{"start":{"line":19,"column":4},"end":{"line":19,"column":5}},"loc":{"start":{"line":19,"column":21},"end":{"line":23,"column":5}},"line":19},"9":{"name":"(anonymous_9)","decl":{"start":{"line":20,"column":47},"end":{"line":20,"column":48}},"loc":{"start":{"line":20,"column":60},"end":{"line":22,"column":9}},"line":20},"10":{"name":"(anonymous_10)","decl":{"start":{"line":24,"column":4},"end":{"line":24,"column":5}},"loc":{"start":{"line":24,"column":19},"end":{"line":28,"column":5}},"line":24},"11":{"name":"(anonymous_11)","decl":{"start":{"line":25,"column":47},"end":{"line":25,"column":48}},"loc":{"start":{"line":25,"column":60},"end":{"line":27,"column":9}},"line":25},"12":{"name":"(anonymous_12)","decl":{"start":{"line":29,"column":4},"end":{"line":29,"column":5}},"loc":{"start":{"line":29,"column":29},"end":{"line":33,"column":5}},"line":29},"13":{"name":"(anonymous_13)","decl":{"start":{"line":30,"column":47},"end":{"line":30,"column":48}},"loc":{"start":{"line":30,"column":60},"end":{"line":32,"column":9}},"line":30},"14":{"name":"(anonymous_14)","decl":{"start":{"line":34,"column":4},"end":{"line":34,"column":5}},"loc":{"start":{"line":34,"column":22},"end":{"line":38,"column":5}},"line":34},"15":{"name":"(anonymous_15)","decl":{"start":{"line":35,"column":47},"end":{"line":35,"column":48}},"loc":{"start":{"line":35,"column":60},"end":{"line":37,"column":9}},"line":35},"16":{"name":"(anonymous_16)","decl":{"start":{"line":39,"column":4},"end":{"line":39,"column":5}},"loc":{"start":{"line":39,"column":20},"end":{"line":43,"column":5}},"line":39},"17":{"name":"(anonymous_17)","decl":{"start":{"line":40,"column":47},"end":{"line":40,"column":48}},"loc":{"start":{"line":40,"column":60},"end":{"line":42,"column":9}},"line":40}},"branchMap":{"0":{"loc":{"start":{"line":2,"column":16},"end":{"line":9,"column":1}},"type":"binary-expr","locations":[{"start":{"line":2,"column":17},"end":{"line":2,"column":21}},{"start":{"line":2,"column":25},"end":{"line":2,"column":39}},{"start":{"line":2,"column":44},"end":{"line":9,"column":1}}],"line":2},"1":{"loc":{"start":{"line":3,"column":16},"end":{"line":3,"column":34}},"type":"binary-expr","locations":[{"start":{"line":3,"column":16},"end":{"line":3,"column":17}},{"start":{"line":3,"column":22},"end":{"line":3,"column":33}}],"line":3},"2":{"loc":{"start":{"line":6,"column":32},"end":{"line":6,"column":148}},"type":"cond-expr","locations":[{"start":{"line":6,"column":46},"end":{"line":6,"column":67}},{"start":{"line":6,"column":70},"end":{"line":6,"column":148}}],"line":6},"3":{"loc":{"start":{"line":7,"column":51},"end":{"line":7,"column":67}},"type":"binary-expr","locations":[{"start":{"line":7,"column":51},"end":{"line":7,"column":61}},{"start":{"line":7,"column":65},"end":{"line":7,"column":67}}],"line":7}},"s":{"0":1,"1":0,"2":0,"3":0,"4":0,"5":0,"6":0,"7":0,"8":0,"9":0,"10":0,"11":1,"12":1,"13":1,"14":0,"15":0,"16":0,"17":0,"18":0,"19":0,"20":0,"21":0,"22":0,"23":0,"24":0,"25":0,"26":1},"f":{"0":0,"1":0,"2":0,"3":0,"4":0,"5":0,"6":0,"7":0,"8":0,"9":0,"10":0,"11":0,"12":0,"13":0,"14":0,"15":0,"16":0,"17":0},"b":{"0":[1,1,1],"1":[0,0],"2":[0,0],"3":[0,0]},"_coverageSchema":"43e27e138ebf9cfc5966b082cf9a028302ed4184","hash":"53cf753060dd5dd2cb32fce2dc9ee3aeae6c3881","contentHash":"6babf8fcb8f28e20efdf454ae359c1a0"}}